This file contains any messages produced by compilers while
running configure, to aid debugging if configure makes a mistake.

It was created by configure, which was
generated by GNU Autoconf 2.65.  Invocation command line was

  $ ./configure 

## --------- ##
## Platform. ##
## --------- ##

hostname = dongjunjie-OptiPlex-9020
uname -m = x86_64
uname -r = 4.4.0-97-generic
uname -s = Linux
uname -v = #120-Ubuntu SMP Tue Sep 19 17:28:18 UTC 2017

/usr/bin/uname -p = unknown
/bin/uname -X     = unknown

/bin/arch              = unknown
/usr/bin/arch -k       = unknown
/usr/convex/getsysinfo = unknown
/usr/bin/hostinfo      = unknown
/bin/machine           = unknown
/usr/bin/oslevel       = unknown
/bin/universe          = unknown

PATH: /home/dongjunjie/bin
PATH: /home/dongjunjie/adt-bundle-linux-x86_64-20131030/sdk/platform-tools
PATH: /home/dongjunjie/adt-bundle-linux-x86_64-20131030/sdk/tools
PATH: /home/dongjunjie/adt-bundle-linux-x86_64-20131030/sdk/build-tools/android-4.4
PATH: /home/dongjunjie/idea-IC-133.696/bin
PATH: /opt/android-ndk-r14b
PATH: /usr/local/sbin
PATH: /usr/local/bin
PATH: /usr/sbin
PATH: /usr/bin
PATH: /sbin
PATH: /bin
PATH: /usr/games
PATH: /usr/local/games
PATH: /snap/bin
PATH: /home/dongjunjie/mytools/mix/bin
PATH: /opt/node-v6.11.1-linux-x64/bin
PATH: /home/dongjunjie/mytools


## ----------- ##
## Core tests. ##
## ----------- ##

configure:2472: checking build system type
configure:2486: result: x86_64-unknown-linux-gnu
configure:2506: checking host system type
configure:2519: result: x86_64-unknown-linux-gnu
configure:2539: checking target system type
configure:2552: result: x86_64-unknown-linux-gnu
configure:2629: checking for gcc
configure:2656: result: gcc -m32
configure:2885: checking for C compiler version
configure:2894: gcc -m32 --version >&5
gcc (Ubuntu 5.4.0-6ubuntu1~16.04.4) 5.4.0 20160609
Copyright (C) 2015 Free Software Foundation, Inc.
This is free software; see the source for copying conditions.  There is NO
warranty; not even for MERCHANTABILITY or FITNESS FOR A PARTICULAR PURPOSE.

configure:2905: $? = 0
configure:2894: gcc -m32 -v >&5
Using built-in specs.
COLLECT_GCC=gcc
COLLECT_LTO_WRAPPER=/usr/lib/gcc/x86_64-linux-gnu/5/lto-wrapper
Target: x86_64-linux-gnu
Configured with: ../src/configure -v --with-pkgversion='Ubuntu 5.4.0-6ubuntu1~16.04.4' --with-bugurl=file:///usr/share/doc/gcc-5/README.Bugs --enable-languages=c,ada,c++,java,go,d,fortran,objc,obj-c++ --prefix=/usr --program-suffix=-5 --enable-shared --enable-linker-build-id --libexecdir=/usr/lib --without-included-gettext --enable-threads=posix --libdir=/usr/lib --enable-nls --with-sysroot=/ --enable-clocale=gnu --enable-libstdcxx-debug --enable-libstdcxx-time=yes --with-default-libstdcxx-abi=new --enable-gnu-unique-object --disable-vtable-verify --enable-libmpx --enable-plugin --with-system-zlib --disable-browser-plugin --enable-java-awt=gtk --enable-gtk-cairo --with-java-home=/usr/lib/jvm/java-1.5.0-gcj-5-amd64/jre --enable-java-home --with-jvm-root-dir=/usr/lib/jvm/java-1.5.0-gcj-5-amd64 --with-jvm-jar-dir=/usr/lib/jvm-exports/java-1.5.0-gcj-5-amd64 --with-arch-directory=amd64 --with-ecj-jar=/usr/share/java/eclipse-ecj.jar --enable-objc-gc --enable-multiarch --disable-werror --with-arch-32=i686 --with-abi=m64 --with-multilib-list=m32,m64,mx32 --enable-multilib --with-tune=generic --enable-checking=release --build=x86_64-linux-gnu --host=x86_64-linux-gnu --target=x86_64-linux-gnu
Thread model: posix
gcc version 5.4.0 20160609 (Ubuntu 5.4.0-6ubuntu1~16.04.4) 
configure:2905: $? = 0
configure:2894: gcc -m32 -V >&5
gcc: error: unrecognized command line option '-V'
gcc: fatal error: no input files
compilation terminated.
configure:2905: $? = 1
configure:2894: gcc -m32 -qversion >&5
gcc: error: unrecognized command line option '-qversion'
gcc: fatal error: no input files
compilation terminated.
configure:2905: $? = 1
configure:2925: checking whether the C compiler works
configure:2947: gcc -m32    conftest.c  >&5
configure:2951: $? = 0
configure:3000: result: yes
configure:3003: checking for C compiler default output file name
configure:3005: result: a.out
configure:3011: checking for suffix of executables
configure:3018: gcc -m32 -o conftest    conftest.c  >&5
configure:3022: $? = 0
configure:3044: result: 
configure:3066: checking whether we are cross compiling
configure:3074: gcc -m32 -o conftest    conftest.c  >&5
configure:3078: $? = 0
configure:3085: ./conftest
configure:3089: $? = 0
configure:3104: result: no
configure:3109: checking for suffix of object files
configure:3131: gcc -m32 -c   conftest.c >&5
configure:3135: $? = 0
configure:3156: result: o
configure:3160: checking whether we are using the GNU C compiler
configure:3179: gcc -m32 -c   conftest.c >&5
configure:3179: $? = 0
configure:3188: result: yes
configure:3197: checking whether gcc -m32 accepts -g
configure:3217: gcc -m32 -c -g  conftest.c >&5
configure:3217: $? = 0
configure:3258: result: yes
configure:3275: checking for gcc -m32 option to accept ISO C89
configure:3339: gcc -m32  -c -g -O2  conftest.c >&5
configure:3339: $? = 0
configure:3352: result: none needed
configure:3394: checking for ld used by GCC
configure:3457: result: /usr/bin/ld
configure:3464: checking if the linker (/usr/bin/ld) is GNU ld
GNU ld (GNU Binutils for Ubuntu) 2.26.1
configure:3476: result: yes
configure:3524: checking for ranlib
configure:3540: found /usr/bin/ranlib
configure:3551: result: ranlib
configure:3639: checking for /usr/bin/ld option to reload object files
configure:3646: result: -r
configure:3651: checking for BSD-compatible nm
configure:3687: result: /usr/bin/nm -B
configure:3690: checking for a sed that does not truncate output
configure:3772: result: /bin/sed
configure:3775: checking whether ln -s works
configure:3779: result: yes
configure:3786: checking how to recognise dependent libraries
configure:3967: result: pass_all
configure:3980: checking command to parse /usr/bin/nm -B output
configure:4064: gcc -m32 -c -g -O2  conftest.c >&5
configure:4067: $? = 0
configure:4071: /usr/bin/nm -B conftest.o \| sed -n -e 's/^.*[ 	]\([ABCDGISTW][ABCDGISTW]*\)[ 	][ 	]*\(\)\([_A-Za-z][_A-Za-z0-9]*\)$/\1 \2\3 \3/p' \> conftest.nm
configure:4074: $? = 0
configure:4126: gcc -m32 -o conftest -g -O2   conftest.c conftstm.o >&5
configure:4129: $? = 0
configure:4173: result: ok
configure:4182: checking how to run the C preprocessor
configure:4213: gcc -m32 -E  conftest.c
configure:4213: $? = 0
configure:4227: gcc -m32 -E  conftest.c
conftest.c:9:28: fatal error: ac_nonexistent.h: No such file or directory
compilation terminated.
configure:4227: $? = 1
configure: failed program was:
| /* confdefs.h */
| #define PACKAGE_NAME ""
| #define PACKAGE_TARNAME ""
| #define PACKAGE_VERSION ""
| #define PACKAGE_STRING ""
| #define PACKAGE_BUGREPORT ""
| #define PACKAGE_URL ""
| /* end confdefs.h.  */
| #include <ac_nonexistent.h>
configure:4252: result: gcc -m32 -E
configure:4272: gcc -m32 -E  conftest.c
configure:4272: $? = 0
configure:4286: gcc -m32 -E  conftest.c
conftest.c:9:28: fatal error: ac_nonexistent.h: No such file or directory
compilation terminated.
configure:4286: $? = 1
configure: failed program was:
| /* confdefs.h */
| #define PACKAGE_NAME ""
| #define PACKAGE_TARNAME ""
| #define PACKAGE_VERSION ""
| #define PACKAGE_STRING ""
| #define PACKAGE_BUGREPORT ""
| #define PACKAGE_URL ""
| /* end confdefs.h.  */
| #include <ac_nonexistent.h>
configure:4315: checking for grep that handles long lines and -e
configure:4373: result: /bin/grep
configure:4378: checking for egrep
configure:4440: result: /bin/grep -E
configure:4445: checking for ANSI C header files
configure:4465: gcc -m32 -c -g -O2  conftest.c >&5
configure:4465: $? = 0
configure:4538: gcc -m32 -o conftest -g -O2   conftest.c  >&5
configure:4538: $? = 0
configure:4538: ./conftest
configure:4538: $? = 0
configure:4549: result: yes
configure:4562: checking for sys/types.h
configure:4562: gcc -m32 -c -g -O2  conftest.c >&5
configure:4562: $? = 0
configure:4562: result: yes
configure:4562: checking for sys/stat.h
configure:4562: gcc -m32 -c -g -O2  conftest.c >&5
configure:4562: $? = 0
configure:4562: result: yes
configure:4562: checking for stdlib.h
configure:4562: gcc -m32 -c -g -O2  conftest.c >&5
configure:4562: $? = 0
configure:4562: result: yes
configure:4562: checking for string.h
configure:4562: gcc -m32 -c -g -O2  conftest.c >&5
configure:4562: $? = 0
configure:4562: result: yes
configure:4562: checking for memory.h
configure:4562: gcc -m32 -c -g -O2  conftest.c >&5
configure:4562: $? = 0
configure:4562: result: yes
configure:4562: checking for strings.h
configure:4562: gcc -m32 -c -g -O2  conftest.c >&5
configure:4562: $? = 0
configure:4562: result: yes
configure:4562: checking for inttypes.h
configure:4562: gcc -m32 -c -g -O2  conftest.c >&5
configure:4562: $? = 0
configure:4562: result: yes
configure:4562: checking for stdint.h
configure:4562: gcc -m32 -c -g -O2  conftest.c >&5
configure:4562: $? = 0
configure:4562: result: yes
configure:4562: checking for unistd.h
configure:4562: gcc -m32 -c -g -O2  conftest.c >&5
configure:4562: $? = 0
configure:4562: result: yes
configure:4577: checking dlfcn.h usability
configure:4577: gcc -m32 -c -g -O2  conftest.c >&5
configure:4577: $? = 0
configure:4577: result: yes
configure:4577: checking dlfcn.h presence
configure:4577: gcc -m32 -E  conftest.c
configure:4577: $? = 0
configure:4577: result: yes
configure:4577: checking for dlfcn.h
configure:4577: result: yes
configure:4774: checking for ranlib
configure:4801: result: ranlib
configure:4866: checking for strip
configure:4882: found /usr/bin/strip
configure:4893: result: strip
configure:5096: checking for objdir
configure:5107: result: .libs
configure:5128: checking for gcc option to produce PIC
configure:5274: result: -fPIC
configure:5278: checking if gcc PIC flag -fPIC works
configure:5296: gcc -m32 -c -g -O2 -fPIC -DPIC  conftest.c >&5
configure:5296: $? = 0
configure:5330: result: yes
configure:5350: checking if gcc static flag -static works
configure:5369: gcc -m32 -o conftest -g -O2   -static conftest.c  >&5
configure:5369: $? = 0
configure:5381: result: yes
configure:5397: checking if gcc supports -c -o file.o
configure:5417: gcc -m32 -c -g -O2 -o out/conftest2.o  conftest.c >&5
configure:5441: result: yes
configure:5446: checking if gcc supports -c -o file.lo
configure:5468: gcc -m32 -c -g -O2 -c -o conftest.lo  conftest.c >&5
configure:5468: $? = 0
configure:5485: result: yes
configure:5524: checking if gcc supports -fno-rtti -fno-exceptions
configure:5541: gcc -m32 -c -g -O2 -fno-rtti -fno-exceptions -c conftest.c  conftest.c >&5
cc1: warning: command line option '-fno-rtti' is valid for C++/ObjC++ but not for C
cc1: warning: command line option '-fno-rtti' is valid for C++/ObjC++ but not for C
configure:5541: $? = 0
configure:5553: result: no
configure:5568: checking whether the linker (/usr/bin/ld) supports shared libraries
configure:6263: result: yes
configure:6272: checking how to hardcode library paths into programs
configure:6296: result: immediate
configure:6305: checking whether stripping libraries is possible
configure:6310: result: yes
configure:6325: checking dynamic linker characteristics
configure:6586: gcc -m32 -c -g -O2  conftest.c >&5
configure:6589: $? = 0
configure:6756: result: GNU/Linux ld.so
configure:6765: checking if libtool supports shared libraries
configure:6767: result: yes
configure:6774: checking whether to build shared libraries
configure:6795: result: yes
configure:6802: checking whether to build static libraries
configure:6806: result: yes
configure:7270: checking whether -lc should be explicitly linked in
configure:7278: gcc -m32 -c -g -O2  conftest.c >&5
configure:7281: $? = 0
configure:7295: gcc -m32 -shared conftest.o  -v -Wl,-soname -Wl,conftest -o conftest 2\>\&1 \| grep  -lc  \>/dev/null 2\>\&1
configure:7298: $? = 0
configure:7311: result: no
configure:7904: checking for a BSD-compatible install
configure:7972: result: /usr/bin/install -c
configure:7983: checking whether ln -s works
configure:7987: result: yes
configure:7994: checking whether make sets $(MAKE)
configure:8016: result: yes
configure:8028: checking whether build environment is sane
configure:8078: result: yes
configure:8219: checking for a thread-safe mkdir -p
configure:8258: result: /bin/mkdir -p
configure:8271: checking for gawk
configure:8301: result: no
configure:8271: checking for mawk
configure:8287: found /usr/bin/mawk
configure:8298: result: mawk
configure:8330: checking for style of include used by make
configure:8358: result: GNU
configure:8434: checking dependency style of gcc -m32
configure:8544: result: gcc3
configure:8567: checking for dirent.h that defines DIR
configure:8586: gcc -m32 -c -g -O2  conftest.c >&5
configure:8586: $? = 0
configure:8594: result: yes
configure:8608: checking for library containing opendir
configure:8639: gcc -m32 -o conftest -g -O2   conftest.c  >&5
configure:8639: $? = 0
configure:8656: result: none required
configure:8723: checking for ANSI C header files
configure:8827: result: yes
configure:8835: checking for sys/wait.h that is POSIX.1 compatible
configure:8861: gcc -m32 -c -g -O2  conftest.c >&5
configure:8861: $? = 0
configure:8868: result: yes
configure:8879: checking fcntl.h usability
configure:8879: gcc -m32 -c -g -O2  conftest.c >&5
configure:8879: $? = 0
configure:8879: result: yes
configure:8879: checking fcntl.h presence
configure:8879: gcc -m32 -E  conftest.c
configure:8879: $? = 0
configure:8879: result: yes
configure:8879: checking for fcntl.h
configure:8879: result: yes
configure:8879: checking for stdlib.h
configure:8879: result: yes
configure:8879: checking for string.h
configure:8879: result: yes
configure:8879: checking sys/ioctl.h usability
configure:8879: gcc -m32 -c -g -O2  conftest.c >&5
configure:8879: $? = 0
configure:8879: result: yes
configure:8879: checking sys/ioctl.h presence
configure:8879: gcc -m32 -E  conftest.c
configure:8879: $? = 0
configure:8879: result: yes
configure:8879: checking for sys/ioctl.h
configure:8879: result: yes
configure:8879: checking sys/time.h usability
configure:8879: gcc -m32 -c -g -O2  conftest.c >&5
configure:8879: $? = 0
configure:8879: result: yes
configure:8879: checking sys/time.h presence
configure:8879: gcc -m32 -E  conftest.c
configure:8879: $? = 0
configure:8879: result: yes
configure:8879: checking for sys/time.h
configure:8879: result: yes
configure:8879: checking termio.h usability
configure:8879: gcc -m32 -c -g -O2  conftest.c >&5
configure:8879: $? = 0
configure:8879: result: yes
configure:8879: checking termio.h presence
configure:8879: gcc -m32 -E  conftest.c
configure:8879: $? = 0
configure:8879: result: yes
configure:8879: checking for termio.h
configure:8879: result: yes
configure:8879: checking termios.h usability
configure:8879: gcc -m32 -c -g -O2  conftest.c >&5
configure:8879: $? = 0
configure:8879: result: yes
configure:8879: checking termios.h presence
configure:8879: gcc -m32 -E  conftest.c
configure:8879: $? = 0
configure:8879: result: yes
configure:8879: checking for termios.h
configure:8879: result: yes
configure:8879: checking for unistd.h
configure:8879: result: yes
configure:8892: checking for stdbool.h that conforms to C99
configure:8977: gcc -m32 -c -g -O2  conftest.c >&5
configure:8977: $? = 0
configure:8984: result: yes
configure:8986: checking for _Bool
configure:8986: gcc -m32 -c -g -O2  conftest.c >&5
configure:8986: $? = 0
configure:8986: gcc -m32 -c -g -O2  conftest.c >&5
conftest.c: In function 'main':
conftest.c:67:20: error: expected expression before ')' token
 if (sizeof ((_Bool)))
                    ^
configure:8986: $? = 1
configure: failed program was:
| /* confdefs.h */
| #define PACKAGE_NAME ""
| #define PACKAGE_TARNAME ""
| #define PACKAGE_VERSION ""
| #define PACKAGE_STRING ""
| #define PACKAGE_BUGREPORT ""
| #define PACKAGE_URL ""
| #define STDC_HEADERS 1
| #define HAVE_SYS_TYPES_H 1
| #define HAVE_SYS_STAT_H 1
| #define HAVE_STDLIB_H 1
| #define HAVE_STRING_H 1
| #define HAVE_MEMORY_H 1
| #define HAVE_STRINGS_H 1
| #define HAVE_INTTYPES_H 1
| #define HAVE_STDINT_H 1
| #define HAVE_UNISTD_H 1
| #define HAVE_DLFCN_H 1
| #define HAVE_DIRENT_H 1
| #define STDC_HEADERS 1
| #define HAVE_SYS_WAIT_H 1
| #define HAVE_FCNTL_H 1
| #define HAVE_STDLIB_H 1
| #define HAVE_STRING_H 1
| #define HAVE_SYS_IOCTL_H 1
| #define HAVE_SYS_TIME_H 1
| #define HAVE_TERMIO_H 1
| #define HAVE_TERMIOS_H 1
| #define HAVE_UNISTD_H 1
| /* end confdefs.h.  */
| #include <stdio.h>
| #ifdef HAVE_SYS_TYPES_H
| # include <sys/types.h>
| #endif
| #ifdef HAVE_SYS_STAT_H
| # include <sys/stat.h>
| #endif
| #ifdef STDC_HEADERS
| # include <stdlib.h>
| # include <stddef.h>
| #else
| # ifdef HAVE_STDLIB_H
| #  include <stdlib.h>
| # endif
| #endif
| #ifdef HAVE_STRING_H
| # if !defined STDC_HEADERS && defined HAVE_MEMORY_H
| #  include <memory.h>
| # endif
| # include <string.h>
| #endif
| #ifdef HAVE_STRINGS_H
| # include <strings.h>
| #endif
| #ifdef HAVE_INTTYPES_H
| # include <inttypes.h>
| #endif
| #ifdef HAVE_STDINT_H
| # include <stdint.h>
| #endif
| #ifdef HAVE_UNISTD_H
| # include <unistd.h>
| #endif
| int
| main ()
| {
| if (sizeof ((_Bool)))
| 	    return 0;
|   ;
|   return 0;
| }
configure:8986: result: yes
configure:9002: checking for an ANSI C-conforming const
configure:9067: gcc -m32 -c -g -O2  conftest.c >&5
configure:9067: $? = 0
configure:9074: result: yes
configure:9082: checking for inline
configure:9098: gcc -m32 -c -g -O2  conftest.c >&5
configure:9098: $? = 0
configure:9106: result: inline
configure:9124: checking for pid_t
configure:9124: gcc -m32 -c -g -O2  conftest.c >&5
configure:9124: $? = 0
configure:9124: gcc -m32 -c -g -O2  conftest.c >&5
conftest.c: In function 'main':
conftest.c:69:20: error: expected expression before ')' token
 if (sizeof ((pid_t)))
                    ^
configure:9124: $? = 1
configure: failed program was:
| /* confdefs.h */
| #define PACKAGE_NAME ""
| #define PACKAGE_TARNAME ""
| #define PACKAGE_VERSION ""
| #define PACKAGE_STRING ""
| #define PACKAGE_BUGREPORT ""
| #define PACKAGE_URL ""
| #define STDC_HEADERS 1
| #define HAVE_SYS_TYPES_H 1
| #define HAVE_SYS_STAT_H 1
| #define HAVE_STDLIB_H 1
| #define HAVE_STRING_H 1
| #define HAVE_MEMORY_H 1
| #define HAVE_STRINGS_H 1
| #define HAVE_INTTYPES_H 1
| #define HAVE_STDINT_H 1
| #define HAVE_UNISTD_H 1
| #define HAVE_DLFCN_H 1
| #define HAVE_DIRENT_H 1
| #define STDC_HEADERS 1
| #define HAVE_SYS_WAIT_H 1
| #define HAVE_FCNTL_H 1
| #define HAVE_STDLIB_H 1
| #define HAVE_STRING_H 1
| #define HAVE_SYS_IOCTL_H 1
| #define HAVE_SYS_TIME_H 1
| #define HAVE_TERMIO_H 1
| #define HAVE_TERMIOS_H 1
| #define HAVE_UNISTD_H 1
| #define HAVE__BOOL 1
| #define HAVE_STDBOOL_H 1
| /* end confdefs.h.  */
| #include <stdio.h>
| #ifdef HAVE_SYS_TYPES_H
| # include <sys/types.h>
| #endif
| #ifdef HAVE_SYS_STAT_H
| # include <sys/stat.h>
| #endif
| #ifdef STDC_HEADERS
| # include <stdlib.h>
| # include <stddef.h>
| #else
| # ifdef HAVE_STDLIB_H
| #  include <stdlib.h>
| # endif
| #endif
| #ifdef HAVE_STRING_H
| # if !defined STDC_HEADERS && defined HAVE_MEMORY_H
| #  include <memory.h>
| # endif
| # include <string.h>
| #endif
| #ifdef HAVE_STRINGS_H
| # include <strings.h>
| #endif
| #ifdef HAVE_INTTYPES_H
| # include <inttypes.h>
| #endif
| #ifdef HAVE_STDINT_H
| # include <stdint.h>
| #endif
| #ifdef HAVE_UNISTD_H
| # include <unistd.h>
| #endif
| int
| main ()
| {
| if (sizeof ((pid_t)))
| 	    return 0;
|   ;
|   return 0;
| }
configure:9124: result: yes
configure:9135: checking whether struct tm is in sys/time.h or time.h
configure:9155: gcc -m32 -c -g -O2  conftest.c >&5
configure:9155: $? = 0
configure:9162: result: time.h
configure:9172: checking whether closedir returns void
configure:9196: gcc -m32 -o conftest -g -O2   conftest.c  >&5
configure:9196: $? = 0
configure:9196: ./conftest
configure:9196: $? = 0
configure:9206: result: no
configure:9216: checking vfork.h usability
configure:9216: gcc -m32 -c -g -O2  conftest.c >&5
conftest.c:66:19: fatal error: vfork.h: No such file or directory
compilation terminated.
configure:9216: $? = 1
configure: failed program was:
| /* confdefs.h */
| #define PACKAGE_NAME ""
| #define PACKAGE_TARNAME ""
| #define PACKAGE_VERSION ""
| #define PACKAGE_STRING ""
| #define PACKAGE_BUGREPORT ""
| #define PACKAGE_URL ""
| #define STDC_HEADERS 1
| #define HAVE_SYS_TYPES_H 1
| #define HAVE_SYS_STAT_H 1
| #define HAVE_STDLIB_H 1
| #define HAVE_STRING_H 1
| #define HAVE_MEMORY_H 1
| #define HAVE_STRINGS_H 1
| #define HAVE_INTTYPES_H 1
| #define HAVE_STDINT_H 1
| #define HAVE_UNISTD_H 1
| #define HAVE_DLFCN_H 1
| #define HAVE_DIRENT_H 1
| #define STDC_HEADERS 1
| #define HAVE_SYS_WAIT_H 1
| #define HAVE_FCNTL_H 1
| #define HAVE_STDLIB_H 1
| #define HAVE_STRING_H 1
| #define HAVE_SYS_IOCTL_H 1
| #define HAVE_SYS_TIME_H 1
| #define HAVE_TERMIO_H 1
| #define HAVE_TERMIOS_H 1
| #define HAVE_UNISTD_H 1
| #define HAVE__BOOL 1
| #define HAVE_STDBOOL_H 1
| /* end confdefs.h.  */
| #include <stdio.h>
| #ifdef HAVE_SYS_TYPES_H
| # include <sys/types.h>
| #endif
| #ifdef HAVE_SYS_STAT_H
| # include <sys/stat.h>
| #endif
| #ifdef STDC_HEADERS
| # include <stdlib.h>
| # include <stddef.h>
| #else
| # ifdef HAVE_STDLIB_H
| #  include <stdlib.h>
| # endif
| #endif
| #ifdef HAVE_STRING_H
| # if !defined STDC_HEADERS && defined HAVE_MEMORY_H
| #  include <memory.h>
| # endif
| # include <string.h>
| #endif
| #ifdef HAVE_STRINGS_H
| # include <strings.h>
| #endif
| #ifdef HAVE_INTTYPES_H
| # include <inttypes.h>
| #endif
| #ifdef HAVE_STDINT_H
| # include <stdint.h>
| #endif
| #ifdef HAVE_UNISTD_H
| # include <unistd.h>
| #endif
| #include <vfork.h>
configure:9216: result: no
configure:9216: checking vfork.h presence
configure:9216: gcc -m32 -E  conftest.c
conftest.c:33:19: fatal error: vfork.h: No such file or directory
compilation terminated.
configure:9216: $? = 1
configure: failed program was:
| /* confdefs.h */
| #define PACKAGE_NAME ""
| #define PACKAGE_TARNAME ""
| #define PACKAGE_VERSION ""
| #define PACKAGE_STRING ""
| #define PACKAGE_BUGREPORT ""
| #define PACKAGE_URL ""
| #define STDC_HEADERS 1
| #define HAVE_SYS_TYPES_H 1
| #define HAVE_SYS_STAT_H 1
| #define HAVE_STDLIB_H 1
| #define HAVE_STRING_H 1
| #define HAVE_MEMORY_H 1
| #define HAVE_STRINGS_H 1
| #define HAVE_INTTYPES_H 1
| #define HAVE_STDINT_H 1
| #define HAVE_UNISTD_H 1
| #define HAVE_DLFCN_H 1
| #define HAVE_DIRENT_H 1
| #define STDC_HEADERS 1
| #define HAVE_SYS_WAIT_H 1
| #define HAVE_FCNTL_H 1
| #define HAVE_STDLIB_H 1
| #define HAVE_STRING_H 1
| #define HAVE_SYS_IOCTL_H 1
| #define HAVE_SYS_TIME_H 1
| #define HAVE_TERMIO_H 1
| #define HAVE_TERMIOS_H 1
| #define HAVE_UNISTD_H 1
| #define HAVE__BOOL 1
| #define HAVE_STDBOOL_H 1
| /* end confdefs.h.  */
| #include <vfork.h>
configure:9216: result: no
configure:9216: checking for vfork.h
configure:9216: result: no
configure:9229: checking for fork
configure:9229: gcc -m32 -o conftest -g -O2   conftest.c  >&5
conftest.c:56:6: warning: conflicting types for built-in function 'fork'
 char fork ();
      ^
configure:9229: $? = 0
configure:9229: result: yes
configure:9229: checking for vfork
configure:9229: gcc -m32 -o conftest -g -O2   conftest.c  >&5
configure:9229: $? = 0
configure:9229: result: yes
configure:9240: checking for working fork
configure:9262: gcc -m32 -o conftest -g -O2   conftest.c  >&5
configure:9262: $? = 0
configure:9262: ./conftest
configure:9262: $? = 0
configure:9272: result: yes
configure:9293: checking for working vfork
configure:9403: result: yes
configure:9429: checking whether gcc -m32 needs -traditional
configure:9463: result: no
configure:9470: checking whether lstat correctly handles trailing slash
configure:9496: gcc -m32 -o conftest -g -O2   conftest.c  >&5
configure:9496: $? = 0
configure:9496: ./conftest
configure:9496: $? = 0
configure:9513: result: yes
configure:9532: checking whether stat accepts an empty string
configure:9552: gcc -m32 -o conftest -g -O2   conftest.c  >&5
configure:9552: $? = 0
configure:9552: ./conftest
configure:9552: $? = 0
configure:9562: result: no
configure:9580: checking for vprintf
configure:9580: gcc -m32 -o conftest -g -O2   conftest.c  >&5
conftest.c:61:6: warning: conflicting types for built-in function 'vprintf'
 char vprintf ();
      ^
configure:9580: $? = 0
configure:9580: result: yes
configure:9586: checking for _doprnt
configure:9586: gcc -m32 -o conftest -g -O2   conftest.c  >&5
/tmp/ccMQzg65.o: In function `main':
/home/dongjunjie/project/minigui/libmgutils-1.0.4/conftest.c:73: undefined reference to `_doprnt'
collect2: error: ld returned 1 exit status
configure:9586: $? = 1
configure: failed program was:
| /* confdefs.h */
| #define PACKAGE_NAME ""
| #define PACKAGE_TARNAME ""
| #define PACKAGE_VERSION ""
| #define PACKAGE_STRING ""
| #define PACKAGE_BUGREPORT ""
| #define PACKAGE_URL ""
| #define STDC_HEADERS 1
| #define HAVE_SYS_TYPES_H 1
| #define HAVE_SYS_STAT_H 1
| #define HAVE_STDLIB_H 1
| #define HAVE_STRING_H 1
| #define HAVE_MEMORY_H 1
| #define HAVE_STRINGS_H 1
| #define HAVE_INTTYPES_H 1
| #define HAVE_STDINT_H 1
| #define HAVE_UNISTD_H 1
| #define HAVE_DLFCN_H 1
| #define HAVE_DIRENT_H 1
| #define STDC_HEADERS 1
| #define HAVE_SYS_WAIT_H 1
| #define HAVE_FCNTL_H 1
| #define HAVE_STDLIB_H 1
| #define HAVE_STRING_H 1
| #define HAVE_SYS_IOCTL_H 1
| #define HAVE_SYS_TIME_H 1
| #define HAVE_TERMIO_H 1
| #define HAVE_TERMIOS_H 1
| #define HAVE_UNISTD_H 1
| #define HAVE__BOOL 1
| #define HAVE_STDBOOL_H 1
| #define HAVE_FORK 1
| #define HAVE_VFORK 1
| #define HAVE_WORKING_VFORK 1
| #define HAVE_WORKING_FORK 1
| #define LSTAT_FOLLOWS_SLASHED_SYMLINK 1
| #define HAVE_VPRINTF 1
| /* end confdefs.h.  */
| /* Define _doprnt to an innocuous variant, in case <limits.h> declares _doprnt.
|    For example, HP-UX 11i <limits.h> declares gettimeofday.  */
| #define _doprnt innocuous__doprnt
| 
| /* System header to define __stub macros and hopefully few prototypes,
|     which can conflict with char _doprnt (); below.
|     Prefer <limits.h> to <assert.h> if __STDC__ is defined, since
|     <limits.h> exists even on freestanding compilers.  */
| 
| #ifdef __STDC__
| # include <limits.h>
| #else
| # include <assert.h>
| #endif
| 
| #undef _doprnt
| 
| /* Override any GCC internal prototype to avoid an error.
|    Use char because int might match the return type of a GCC
|    builtin and then its argument prototype would still apply.  */
| #ifdef __cplusplus
| extern "C"
| #endif
| char _doprnt ();
| /* The GNU C library defines this for functions which it implements
|     to always fail with ENOSYS.  Some functions are actually named
|     something starting with __ and the normal name is an alias.  */
| #if defined __stub__doprnt || defined __stub____doprnt
| choke me
| #endif
| 
| int
| main ()
| {
| return _doprnt ();
|   ;
|   return 0;
| }
configure:9586: result: no
configure:9600: checking for bzero
configure:9600: gcc -m32 -o conftest -g -O2   conftest.c  >&5
conftest.c:62:6: warning: conflicting types for built-in function 'bzero'
 char bzero ();
      ^
configure:9600: $? = 0
configure:9600: result: yes
configure:9600: checking for dup2
configure:9600: gcc -m32 -o conftest -g -O2   conftest.c  >&5
configure:9600: $? = 0
configure:9600: result: yes
configure:9600: checking for getcwd
configure:9600: gcc -m32 -o conftest -g -O2   conftest.c  >&5
configure:9600: $? = 0
configure:9600: result: yes
configure:9600: checking for memmove
configure:9600: gcc -m32 -o conftest -g -O2   conftest.c  >&5
conftest.c:65:6: warning: conflicting types for built-in function 'memmove'
 char memmove ();
      ^
configure:9600: $? = 0
configure:9600: result: yes
configure:9600: checking for memset
configure:9600: gcc -m32 -o conftest -g -O2   conftest.c  >&5
conftest.c:66:6: warning: conflicting types for built-in function 'memset'
 char memset ();
      ^
configure:9600: $? = 0
configure:9600: result: yes
configure:9600: checking for putenv
configure:9600: gcc -m32 -o conftest -g -O2   conftest.c  >&5
configure:9600: $? = 0
configure:9600: result: yes
configure:9600: checking for strchr
configure:9600: gcc -m32 -o conftest -g -O2   conftest.c  >&5
conftest.c:68:6: warning: conflicting types for built-in function 'strchr'
 char strchr ();
      ^
configure:9600: $? = 0
configure:9600: result: yes
configure:9600: checking for strdup
configure:9600: gcc -m32 -o conftest -g -O2   conftest.c  >&5
conftest.c:69:6: warning: conflicting types for built-in function 'strdup'
 char strdup ();
      ^
configure:9600: $? = 0
configure:9600: result: yes
configure:9600: checking for strerror
configure:9600: gcc -m32 -o conftest -g -O2   conftest.c  >&5
configure:9600: $? = 0
configure:9600: result: yes
configure:9600: checking for strstr
configure:9600: gcc -m32 -o conftest -g -O2   conftest.c  >&5
conftest.c:71:6: warning: conflicting types for built-in function 'strstr'
 char strstr ();
      ^
configure:9600: $? = 0
configure:9600: result: yes
configure:9629: checking minigui/common.h usability
configure:9629: gcc -m32 -c -g -O2  conftest.c >&5
configure:9629: $? = 0
configure:9629: result: yes
configure:9629: checking minigui/common.h presence
configure:9629: gcc -m32 -E  conftest.c
configure:9629: $? = 0
configure:9629: result: yes
configure:9629: checking for minigui/common.h
configure:9629: result: yes
configure:9643: checking whether _MGRM_PROCESSES is declared
configure:9643: gcc -m32 -c -g -O2  conftest.c >&5
conftest.c: In function 'main':
conftest.c:56:10: error: '_MGRM_PROCESSES' undeclared (first use in this function)
   (void) _MGRM_PROCESSES;
          ^
conftest.c:56:10: note: each undeclared identifier is reported only once for each function it appears in
configure:9643: $? = 1
configure: failed program was:
| /* confdefs.h */
| #define PACKAGE_NAME ""
| #define PACKAGE_TARNAME ""
| #define PACKAGE_VERSION ""
| #define PACKAGE_STRING ""
| #define PACKAGE_BUGREPORT ""
| #define PACKAGE_URL ""
| #define STDC_HEADERS 1
| #define HAVE_SYS_TYPES_H 1
| #define HAVE_SYS_STAT_H 1
| #define HAVE_STDLIB_H 1
| #define HAVE_STRING_H 1
| #define HAVE_MEMORY_H 1
| #define HAVE_STRINGS_H 1
| #define HAVE_INTTYPES_H 1
| #define HAVE_STDINT_H 1
| #define HAVE_UNISTD_H 1
| #define HAVE_DLFCN_H 1
| #define HAVE_DIRENT_H 1
| #define STDC_HEADERS 1
| #define HAVE_SYS_WAIT_H 1
| #define HAVE_FCNTL_H 1
| #define HAVE_STDLIB_H 1
| #define HAVE_STRING_H 1
| #define HAVE_SYS_IOCTL_H 1
| #define HAVE_SYS_TIME_H 1
| #define HAVE_TERMIO_H 1
| #define HAVE_TERMIOS_H 1
| #define HAVE_UNISTD_H 1
| #define HAVE__BOOL 1
| #define HAVE_STDBOOL_H 1
| #define HAVE_FORK 1
| #define HAVE_VFORK 1
| #define HAVE_WORKING_VFORK 1
| #define HAVE_WORKING_FORK 1
| #define LSTAT_FOLLOWS_SLASHED_SYMLINK 1
| #define HAVE_VPRINTF 1
| #define HAVE_BZERO 1
| #define HAVE_DUP2 1
| #define HAVE_GETCWD 1
| #define HAVE_MEMMOVE 1
| #define HAVE_MEMSET 1
| #define HAVE_PUTENV 1
| #define HAVE_STRCHR 1
| #define HAVE_STRDUP 1
| #define HAVE_STRERROR 1
| #define HAVE_STRSTR 1
| #define HAVE_MINIGUI_COMMON_H 1
| /* end confdefs.h.  */
| #include <minigui/common.h>
| 
| int
| main ()
| {
| #ifndef _MGRM_PROCESSES
|   (void) _MGRM_PROCESSES;
| #endif
| 
|   ;
|   return 0;
| }
configure:9643: result: no
configure:9735: checking for pkg-config
configure:9753: found /usr/bin/pkg-config
configure:9765: result: /usr/bin/pkg-config
configure:9790: checking pkg-config is at least version 0.9.0
configure:9793: result: yes
configure:9804: checking for MINIGUI
configure:9812: $PKG_CONFIG --exists --print-errors "minigui >= 3.0.10"
configure:9815: $? = 0
configure:9830: $PKG_CONFIG --exists --print-errors "minigui >= 3.0.10"
configure:9833: $? = 0
configure:9888: result: yes
configure:10064: creating ./config.status

## ---------------------- ##
## Running config.status. ##
## ---------------------- ##

This file was extended by config.status, which was
generated by GNU Autoconf 2.65.  Invocation command line was

  CONFIG_FILES    = 
  CONFIG_HEADERS  = 
  CONFIG_LINKS    = 
  CONFIG_COMMANDS = 
  $ ./config.status 

on dongjunjie-OptiPlex-9020

config.status:836: creating mgutils.pc
config.status:836: creating Makefile
config.status:836: creating include/Makefile
config.status:836: creating cmake/Makefile
config.status:836: creating src/Makefile
config.status:836: creating src/mywins/Makefile
config.status:836: creating src/vcongui/Makefile
config.status:836: creating src/skin/Makefile
config.status:836: creating src/templates/Makefile
config.status:836: creating samples/Makefile
config.status:836: creating samples/mginit/Makefile
config.status:836: creating samples/mginit/res/Makefile
config.status:836: creating samples/templates/Makefile
config.status:836: creating samples/mywins/Makefile
config.status:836: creating samples/skin/Makefile
config.status:836: creating samples/notebook/Makefile
config.status:836: creating samples/notebook/res/Makefile
config.status:836: creating samples/painter/Makefile
config.status:836: creating samples/picview/Makefile
config.status:836: creating samples/picview/res/Makefile
config.status:836: creating samples/vcongui/Makefile
config.status:836: creating m4/Makefile
config.status:999: executing depfiles commands

## ---------------- ##
## Cache variables. ##
## ---------------- ##

ac_cv_build=x86_64-unknown-linux-gnu
ac_cv_c_compiler_gnu=yes
ac_cv_c_const=yes
ac_cv_c_inline=inline
ac_cv_env_CC_set=set
ac_cv_env_CC_value='gcc -m32'
ac_cv_env_CFLAGS_set=
ac_cv_env_CFLAGS_value=
ac_cv_env_CPPFLAGS_set=
ac_cv_env_CPPFLAGS_value=
ac_cv_env_CPP_set=
ac_cv_env_CPP_value=
ac_cv_env_LDFLAGS_set=
ac_cv_env_LDFLAGS_value=
ac_cv_env_LIBS_set=
ac_cv_env_LIBS_value=
ac_cv_env_MINIGUI_CFLAGS_set=
ac_cv_env_MINIGUI_CFLAGS_value=
ac_cv_env_MINIGUI_LIBS_set=
ac_cv_env_MINIGUI_LIBS_value=
ac_cv_env_PKG_CONFIG_set=
ac_cv_env_PKG_CONFIG_value=
ac_cv_env_build_alias_set=
ac_cv_env_build_alias_value=
ac_cv_env_host_alias_set=
ac_cv_env_host_alias_value=
ac_cv_env_target_alias_set=
ac_cv_env_target_alias_value=
ac_cv_func__doprnt=no
ac_cv_func_bzero=yes
ac_cv_func_closedir_void=no
ac_cv_func_dup2=yes
ac_cv_func_fork=yes
ac_cv_func_fork_works=yes
ac_cv_func_getcwd=yes
ac_cv_func_lstat_dereferences_slashed_symlink=yes
ac_cv_func_memmove=yes
ac_cv_func_memset=yes
ac_cv_func_putenv=yes
ac_cv_func_stat_empty_string_bug=no
ac_cv_func_strchr=yes
ac_cv_func_strdup=yes
ac_cv_func_strerror=yes
ac_cv_func_strstr=yes
ac_cv_func_vfork=yes
ac_cv_func_vfork_works=yes
ac_cv_func_vprintf=yes
ac_cv_have_decl__MGRM_PROCESSES=no
ac_cv_header_dirent_dirent_h=yes
ac_cv_header_dlfcn_h=yes
ac_cv_header_fcntl_h=yes
ac_cv_header_inttypes_h=yes
ac_cv_header_memory_h=yes
ac_cv_header_minigui_common_h=yes
ac_cv_header_stdbool_h=yes
ac_cv_header_stdc=yes
ac_cv_header_stdint_h=yes
ac_cv_header_stdlib_h=yes
ac_cv_header_string_h=yes
ac_cv_header_strings_h=yes
ac_cv_header_sys_ioctl_h=yes
ac_cv_header_sys_stat_h=yes
ac_cv_header_sys_time_h=yes
ac_cv_header_sys_types_h=yes
ac_cv_header_sys_wait_h=yes
ac_cv_header_termio_h=yes
ac_cv_header_termios_h=yes
ac_cv_header_unistd_h=yes
ac_cv_header_vfork_h=no
ac_cv_host=x86_64-unknown-linux-gnu
ac_cv_objext=o
ac_cv_path_EGREP='/bin/grep -E'
ac_cv_path_GREP=/bin/grep
ac_cv_path_ac_pt_PKG_CONFIG=/usr/bin/pkg-config
ac_cv_path_install='/usr/bin/install -c'
ac_cv_path_mkdir=/bin/mkdir
ac_cv_prog_AWK=mawk
ac_cv_prog_CPP='gcc -m32 -E'
ac_cv_prog_ac_ct_CC='gcc -m32'
ac_cv_prog_ac_ct_RANLIB=ranlib
ac_cv_prog_ac_ct_STRIP=strip
ac_cv_prog_cc_c89=
ac_cv_prog_cc_g=yes
ac_cv_prog_gcc_traditional=no
ac_cv_prog_make_make_set=yes
ac_cv_search_opendir='none required'
ac_cv_struct_tm=time.h
ac_cv_target=x86_64-unknown-linux-gnu
ac_cv_type__Bool=yes
ac_cv_type_pid_t=yes
am_cv_CC_dependencies_compiler_type=gcc3
lt_cv_archive_cmds_need_lc=no
lt_cv_compiler_c_o=yes
lt_cv_compiler_o_lo=yes
lt_cv_deplibs_check_method=pass_all
lt_cv_file_magic_cmd='$MAGIC_CMD'
lt_cv_file_magic_test_file='/lib/libc.so* /lib/libc-*.so'
lt_cv_global_symbol_to_c_name_address='sed -n -e '\''s/^: \([^ ]*\) $/  {\"\1\", (lt_ptr) 0},/p'\'' -e '\''s/^[BCDEGRST] \([^ ]*\) \([^ ]*\)$/  {"\2", (lt_ptr) \&\2},/p'\'''
lt_cv_global_symbol_to_cdecl='sed -n -e '\''s/^. .* \(.*\)$/extern char \1;/p'\'''
lt_cv_ld_reload_flag=-r
lt_cv_path_LD=/usr/bin/ld
lt_cv_path_NM='/usr/bin/nm -B'
lt_cv_path_SED=/bin/sed
lt_cv_prog_cc_can_build_shared=yes
lt_cv_prog_cc_no_builtin=
lt_cv_prog_cc_pic=' -fPIC'
lt_cv_prog_cc_pic_works=yes
lt_cv_prog_cc_shlib=
lt_cv_prog_cc_static=-static
lt_cv_prog_cc_static_works=yes
lt_cv_prog_cc_wl=-Wl,
lt_cv_prog_gnu_ld=yes
lt_cv_sys_global_symbol_pipe='sed -n -e '\''s/^.*[ 	]\([ABCDGISTW][ABCDGISTW]*\)[ 	][ 	]*\(\)\([_A-Za-z][_A-Za-z0-9]*\)$/\1 \2\3 \3/p'\'''
pkg_cv_MINIGUI_CFLAGS=-I/usr/local/include
pkg_cv_MINIGUI_LIBS='-L/usr/local/lib -lminigui_ths -lpng -ldl -lm -lpthread'

## ----------------- ##
## Output variables. ##
## ----------------- ##

ACLOCAL='${SHELL} /home/dongjunjie/project/minigui/libmgutils-1.0.4/missing --run aclocal-1.11'
AMDEPBACKSLASH='\'
AMDEP_FALSE='#'
AMDEP_TRUE=''
AMTAR='${SHELL} /home/dongjunjie/project/minigui/libmgutils-1.0.4/missing --run tar'
APP_LIBS=' -L/usr/local/lib -lminigui_ths -lpng -ldl -lm -lpthread'
AUTOCONF='${SHELL} /home/dongjunjie/project/minigui/libmgutils-1.0.4/missing --run autoconf'
AUTOHEADER='${SHELL} /home/dongjunjie/project/minigui/libmgutils-1.0.4/missing --run autoheader'
AUTOMAKE='${SHELL} /home/dongjunjie/project/minigui/libmgutils-1.0.4/missing --run automake-1.11'
AWK='mawk'
CC='gcc -m32'
CCDEPMODE='depmode=gcc3'
CFLAGS='-g -O2 -D__MGUTILS_LIB__ -Wall -Wstrict-prototypes -pipe'
CPP='gcc -m32 -E'
CPPFLAGS=''
CYGPATH_W='echo'
DEFS='-DPACKAGE_NAME=\"\" -DPACKAGE_TARNAME=\"\" -DPACKAGE_VERSION=\"\" -DPACKAGE_STRING=\"\" -DPACKAGE_BUGREPORT=\"\" -DPACKAGE_URL=\"\" -DSTDC_HEADERS=1 -DHAVE_SYS_TYPES_H=1 -DHAVE_SYS_STAT_H=1 -DHAVE_STDLIB_H=1 -DHAVE_STRING_H=1 -DHAVE_MEMORY_H=1 -DHAVE_STRINGS_H=1 -DHAVE_INTTYPES_H=1 -DHAVE_STDINT_H=1 -DHAVE_UNISTD_H=1 -DHAVE_DLFCN_H=1 -DHAVE_DIRENT_H=1 -DSTDC_HEADERS=1 -DHAVE_SYS_WAIT_H=1 -DHAVE_FCNTL_H=1 -DHAVE_STDLIB_H=1 -DHAVE_STRING_H=1 -DHAVE_SYS_IOCTL_H=1 -DHAVE_SYS_TIME_H=1 -DHAVE_TERMIO_H=1 -DHAVE_TERMIOS_H=1 -DHAVE_UNISTD_H=1 -DHAVE__BOOL=1 -DHAVE_STDBOOL_H=1 -DHAVE_FORK=1 -DHAVE_VFORK=1 -DHAVE_WORKING_VFORK=1 -DHAVE_WORKING_FORK=1 -DLSTAT_FOLLOWS_SLASHED_SYMLINK=1 -DHAVE_VPRINTF=1 -DHAVE_BZERO=1 -DHAVE_DUP2=1 -DHAVE_GETCWD=1 -DHAVE_MEMMOVE=1 -DHAVE_MEMSET=1 -DHAVE_PUTENV=1 -DHAVE_STRCHR=1 -DHAVE_STRDUP=1 -DHAVE_STRERROR=1 -DHAVE_STRSTR=1 -DHAVE_MINIGUI_COMMON_H=1 -DHAVE_DECL__MGRM_PROCESSES=0'
DEPDIR='.deps'
ECHO='echo'
ECHO_C=''
ECHO_N='-n'
ECHO_T=''
EGREP='/bin/grep -E'
EXEEXT=''
GREP='/bin/grep'
INSTALL_DATA='${INSTALL} -m 644'
INSTALL_PROGRAM='${INSTALL}'
INSTALL_SCRIPT='${INSTALL}'
INSTALL_STRIP_PROGRAM='$(install_sh) -c -s'
LDFLAGS=''
LIBOBJS=''
LIBS=''
LIBTOOL='$(SHELL) $(top_builddir)/libtool'
LIB_SUFFIX=''
LN_S='ln -s'
LTLIBOBJS=''
LT_AGE='0'
LT_CURRENT='4'
LT_RELEASE='1.0'
LT_REVISION='0'
MAKEINFO='${SHELL} /home/dongjunjie/project/minigui/libmgutils-1.0.4/missing --run makeinfo'
MGRM_PROCESSES_FALSE=''
MGRM_PROCESSES_TRUE='#'
MGUTILS_BINARY_AGE='0'
MGUTILS_INTERFACE_AGE='0'
MGUTILS_MAJOR_VERSION='1'
MGUTILS_MICRO_VERSION='4'
MGUTILS_MINOR_VERSION='0'
MGUTILS_NOSUFFIX_FALSE='#'
MGUTILS_NOSUFFIX_TRUE=''
MGUTILS_VERSION='1.0.4'
MINIGUI_CFLAGS='-I/usr/local/include'
MINIGUI_LIBS='-L/usr/local/lib -lminigui_ths -lpng -ldl -lm -lpthread'
MKDIR_P='/bin/mkdir -p'
OBJEXT='o'
PACKAGE='libmgutils'
PACKAGE_BUGREPORT=''
PACKAGE_NAME=''
PACKAGE_STRING=''
PACKAGE_TARNAME=''
PACKAGE_URL=''
PACKAGE_VERSION=''
PATH_SEPARATOR=':'
PC_CFLAGS=''
PC_LIBS='-lmgutils'
PKG_CONFIG='/usr/bin/pkg-config'
RANLIB='ranlib'
SET_MAKE=''
SHELL='/bin/bash'
STRIP='strip'
VERSION='1.0.4'
ac_ct_CC='gcc -m32'
am__EXEEXT_FALSE=''
am__EXEEXT_TRUE='#'
am__fastdepCC_FALSE='#'
am__fastdepCC_TRUE=''
am__include='include'
am__isrc=''
am__leading_dot='.'
am__quote=''
am__tar='${AMTAR} chof - "$$tardir"'
am__untar='${AMTAR} xf -'
bindir='${exec_prefix}/bin'
build='x86_64-unknown-linux-gnu'
build_alias=''
build_cpu='x86_64'
build_os='linux-gnu'
build_vendor='unknown'
datadir='${datarootdir}'
datarootdir='${prefix}/share'
docdir='${datarootdir}/doc/${PACKAGE}'
dvidir='${docdir}'
exec_prefix='${prefix}'
host='x86_64-unknown-linux-gnu'
host_alias=''
host_cpu='x86_64'
host_os='linux-gnu'
host_vendor='unknown'
htmldir='${docdir}'
includedir='${prefix}/include'
infodir='${datarootdir}/info'
install_sh='${SHELL} /home/dongjunjie/project/minigui/libmgutils-1.0.4/install-sh'
libdir='${exec_prefix}/lib'
libexecdir='${exec_prefix}/libexec'
localedir='${datarootdir}/locale'
localstatedir='${prefix}/var'
mandir='${datarootdir}/man'
mkdir_p='/bin/mkdir -p'
oldincludedir='/usr/include'
pdfdir='${docdir}'
prefix='/usr/local'
program_transform_name='s,x,x,'
psdir='${docdir}'
sbindir='${exec_prefix}/sbin'
sharedstatedir='${prefix}/com'
sysconfdir='${prefix}/etc'
target='x86_64-unknown-linux-gnu'
target_alias=''
target_cpu='x86_64'
target_os='linux-gnu'
target_vendor='unknown'

## ----------- ##
## confdefs.h. ##
## ----------- ##

/* confdefs.h */
#define PACKAGE_NAME ""
#define PACKAGE_TARNAME ""
#define PACKAGE_VERSION ""
#define PACKAGE_STRING ""
#define PACKAGE_BUGREPORT ""
#define PACKAGE_URL ""
#define STDC_HEADERS 1
#define HAVE_SYS_TYPES_H 1
#define HAVE_SYS_STAT_H 1
#define HAVE_STDLIB_H 1
#define HAVE_STRING_H 1
#define HAVE_MEMORY_H 1
#define HAVE_STRINGS_H 1
#define HAVE_INTTYPES_H 1
#define HAVE_STDINT_H 1
#define HAVE_UNISTD_H 1
#define HAVE_DLFCN_H 1
#define HAVE_DIRENT_H 1
#define STDC_HEADERS 1
#define HAVE_SYS_WAIT_H 1
#define HAVE_FCNTL_H 1
#define HAVE_STDLIB_H 1
#define HAVE_STRING_H 1
#define HAVE_SYS_IOCTL_H 1
#define HAVE_SYS_TIME_H 1
#define HAVE_TERMIO_H 1
#define HAVE_TERMIOS_H 1
#define HAVE_UNISTD_H 1
#define HAVE__BOOL 1
#define HAVE_STDBOOL_H 1
#define HAVE_FORK 1
#define HAVE_VFORK 1
#define HAVE_WORKING_VFORK 1
#define HAVE_WORKING_FORK 1
#define LSTAT_FOLLOWS_SLASHED_SYMLINK 1
#define HAVE_VPRINTF 1
#define HAVE_BZERO 1
#define HAVE_DUP2 1
#define HAVE_GETCWD 1
#define HAVE_MEMMOVE 1
#define HAVE_MEMSET 1
#define HAVE_PUTENV 1
#define HAVE_STRCHR 1
#define HAVE_STRDUP 1
#define HAVE_STRERROR 1
#define HAVE_STRSTR 1
#define HAVE_MINIGUI_COMMON_H 1
#define HAVE_DECL__MGRM_PROCESSES 0

configure: exit 0
