This file contains any messages produced by compilers while
running configure, to aid debugging if configure makes a mistake.

It was created by libminigui configure 3.0.12, which was
generated by GNU Autoconf 2.68.  Invocation command line was

  $ ./configure --target=i386

## --------- ##
## Platform. ##
## --------- ##

hostname = dongjunjie-OptiPlex-9020
uname -m = x86_64
uname -r = 4.4.0-92-generic
uname -s = Linux
uname -v = #115-Ubuntu SMP Thu Aug 10 09:04:33 UTC 2017

/usr/bin/uname -p = unknown
/bin/uname -X     = unknown

/bin/arch              = unknown
/usr/bin/arch -k       = unknown
/usr/convex/getsysinfo = unknown
/usr/bin/hostinfo      = unknown
/bin/machine           = unknown
/usr/bin/oslevel       = unknown
/bin/universe          = unknown

PATH: /home/dongjunjie/bin
PATH: /home/dongjunjie/adt-bundle-linux-x86_64-20131030/sdk/platform-tools
PATH: /home/dongjunjie/adt-bundle-linux-x86_64-20131030/sdk/tools
PATH: /home/dongjunjie/adt-bundle-linux-x86_64-20131030/sdk/build-tools/android-4.4
PATH: /home/dongjunjie/idea-IC-133.696/bin
PATH: /home/dongjunjie/adt-bundle-linux-x86_64-20131030/android-ndk-r10d
PATH: /usr/local/sbin
PATH: /usr/local/bin
PATH: /usr/sbin
PATH: /usr/bin
PATH: /sbin
PATH: /bin
PATH: /usr/games
PATH: /usr/local/games
PATH: /snap/bin
PATH: /home/dongjunjie/mytools/mix/bin
PATH: /opt/node-v6.11.1-linux-x64/bin
PATH: /home/dongjunjie/mytools


## ----------- ##
## Core tests. ##
## ----------- ##

configure:2817: checking build system type
configure:2831: result: x86_64-unknown-linux-gnu
configure:2851: checking host system type
configure:2864: result: x86_64-unknown-linux-gnu
configure:2884: checking target system type
configure:2897: result: i386-pc-none
configure:2941: checking for a BSD-compatible install
configure:3009: result: /usr/bin/install -c
configure:3020: checking whether build environment is sane
configure:3070: result: yes
configure:3211: checking for a thread-safe mkdir -p
configure:3250: result: /bin/mkdir -p
configure:3263: checking for gawk
configure:3293: result: no
configure:3263: checking for mawk
configure:3279: found /usr/bin/mawk
configure:3290: result: mawk
configure:3301: checking whether make sets $(MAKE)
configure:3323: result: yes
configure:3475: checking for style of include used by make
configure:3503: result: GNU
configure:3574: checking for gcc
configure:3590: found /usr/bin/gcc
configure:3601: result: gcc
configure:3830: checking for C compiler version
configure:3839: gcc --version >&5
gcc (Ubuntu 5.4.0-6ubuntu1~16.04.4) 5.4.0 20160609
Copyright (C) 2015 Free Software Foundation, Inc.
This is free software; see the source for copying conditions.  There is NO
warranty; not even for MERCHANTABILITY or FITNESS FOR A PARTICULAR PURPOSE.

configure:3850: $? = 0
configure:3839: gcc -v >&5
Using built-in specs.
COLLECT_GCC=gcc
COLLECT_LTO_WRAPPER=/usr/lib/gcc/x86_64-linux-gnu/5/lto-wrapper
Target: x86_64-linux-gnu
Configured with: ../src/configure -v --with-pkgversion='Ubuntu 5.4.0-6ubuntu1~16.04.4' --with-bugurl=file:///usr/share/doc/gcc-5/README.Bugs --enable-languages=c,ada,c++,java,go,d,fortran,objc,obj-c++ --prefix=/usr --program-suffix=-5 --enable-shared --enable-linker-build-id --libexecdir=/usr/lib --without-included-gettext --enable-threads=posix --libdir=/usr/lib --enable-nls --with-sysroot=/ --enable-clocale=gnu --enable-libstdcxx-debug --enable-libstdcxx-time=yes --with-default-libstdcxx-abi=new --enable-gnu-unique-object --disable-vtable-verify --enable-libmpx --enable-plugin --with-system-zlib --disable-browser-plugin --enable-java-awt=gtk --enable-gtk-cairo --with-java-home=/usr/lib/jvm/java-1.5.0-gcj-5-amd64/jre --enable-java-home --with-jvm-root-dir=/usr/lib/jvm/java-1.5.0-gcj-5-amd64 --with-jvm-jar-dir=/usr/lib/jvm-exports/java-1.5.0-gcj-5-amd64 --with-arch-directory=amd64 --with-ecj-jar=/usr/share/java/eclipse-ecj.jar --enable-objc-gc --enable-multiarch --disable-werror --with-arch-32=i686 --with-abi=m64 --with-multilib-list=m32,m64,mx32 --enable-multilib --with-tune=generic --enable-checking=release --build=x86_64-linux-gnu --host=x86_64-linux-gnu --target=x86_64-linux-gnu
Thread model: posix
gcc version 5.4.0 20160609 (Ubuntu 5.4.0-6ubuntu1~16.04.4) 
configure:3850: $? = 0
configure:3839: gcc -V >&5
gcc: error: unrecognized command line option '-V'
gcc: fatal error: no input files
compilation terminated.
configure:3850: $? = 1
configure:3839: gcc -qversion >&5
gcc: error: unrecognized command line option '-qversion'
gcc: fatal error: no input files
compilation terminated.
configure:3850: $? = 1
configure:3870: checking whether the C compiler works
configure:3892: gcc    conftest.c  >&5
configure:3896: $? = 0
configure:3944: result: yes
configure:3947: checking for C compiler default output file name
configure:3949: result: a.out
configure:3955: checking for suffix of executables
configure:3962: gcc -o conftest    conftest.c  >&5
configure:3966: $? = 0
configure:3988: result: 
configure:4010: checking whether we are cross compiling
configure:4018: gcc -o conftest    conftest.c  >&5
configure:4022: $? = 0
configure:4029: ./conftest
configure:4033: $? = 0
configure:4048: result: no
configure:4053: checking for suffix of object files
configure:4075: gcc -c   conftest.c >&5
configure:4079: $? = 0
configure:4100: result: o
configure:4104: checking whether we are using the GNU C compiler
configure:4123: gcc -c   conftest.c >&5
configure:4123: $? = 0
configure:4132: result: yes
configure:4141: checking whether gcc accepts -g
configure:4161: gcc -c -g  conftest.c >&5
configure:4161: $? = 0
configure:4202: result: yes
configure:4219: checking for gcc option to accept ISO C89
configure:4283: gcc  -c -g -O2  conftest.c >&5
configure:4283: $? = 0
configure:4296: result: none needed
configure:4318: checking dependency style of gcc
configure:4429: result: gcc3
configure:4466: checking for ld used by GCC
configure:4529: result: /usr/bin/ld
configure:4536: checking if the linker (/usr/bin/ld) is GNU ld
GNU ld (GNU Binutils for Ubuntu) 2.26.1
configure:4548: result: yes
configure:4553: checking for /usr/bin/ld option to reload object files
configure:4560: result: -r
configure:4565: checking for BSD-compatible nm
configure:4601: result: /usr/bin/nm -B
configure:4604: checking for a sed that does not truncate output
configure:4686: result: /bin/sed
configure:4689: checking whether ln -s works
configure:4693: result: yes
configure:4700: checking how to recognise dependent libraries
configure:4881: result: pass_all
configure:4894: checking command to parse /usr/bin/nm -B output
configure:4978: gcc -c -g -O2  conftest.c >&5
configure:4981: $? = 0
configure:4985: /usr/bin/nm -B conftest.o \| sed -n -e 's/^.*[ 	]\([ABCDGISTW][ABCDGISTW]*\)[ 	][ 	]*\(\)\([_A-Za-z][_A-Za-z0-9]*\)$/\1 \2\3 \3/p' \> conftest.nm
configure:4988: $? = 0
configure:5040: gcc -o conftest -g -O2   conftest.c conftstm.o >&5
configure:5043: $? = 0
configure:5087: result: ok
configure:5096: checking how to run the C preprocessor
configure:5127: gcc -E  conftest.c
configure:5127: $? = 0
configure:5141: gcc -E  conftest.c
conftest.c:9:28: fatal error: ac_nonexistent.h: No such file or directory
compilation terminated.
configure:5141: $? = 1
configure: failed program was:
| /* confdefs.h */
| #define PACKAGE_NAME "libminigui"
| #define PACKAGE_TARNAME "libminigui"
| #define PACKAGE_VERSION "3.0.12"
| #define PACKAGE_STRING "libminigui 3.0.12"
| #define PACKAGE_BUGREPORT ""
| #define PACKAGE_URL ""
| /* end confdefs.h.  */
| #include <ac_nonexistent.h>
configure:5166: result: gcc -E
configure:5186: gcc -E  conftest.c
configure:5186: $? = 0
configure:5200: gcc -E  conftest.c
conftest.c:9:28: fatal error: ac_nonexistent.h: No such file or directory
compilation terminated.
configure:5200: $? = 1
configure: failed program was:
| /* confdefs.h */
| #define PACKAGE_NAME "libminigui"
| #define PACKAGE_TARNAME "libminigui"
| #define PACKAGE_VERSION "3.0.12"
| #define PACKAGE_STRING "libminigui 3.0.12"
| #define PACKAGE_BUGREPORT ""
| #define PACKAGE_URL ""
| /* end confdefs.h.  */
| #include <ac_nonexistent.h>
configure:5229: checking for grep that handles long lines and -e
configure:5287: result: /bin/grep
configure:5292: checking for egrep
configure:5354: result: /bin/grep -E
configure:5359: checking for ANSI C header files
configure:5379: gcc -c -g -O2  conftest.c >&5
configure:5379: $? = 0
configure:5452: gcc -o conftest -g -O2   conftest.c  >&5
configure:5452: $? = 0
configure:5452: ./conftest
configure:5452: $? = 0
configure:5463: result: yes
configure:5476: checking for sys/types.h
configure:5476: gcc -c -g -O2  conftest.c >&5
configure:5476: $? = 0
configure:5476: result: yes
configure:5476: checking for sys/stat.h
configure:5476: gcc -c -g -O2  conftest.c >&5
configure:5476: $? = 0
configure:5476: result: yes
configure:5476: checking for stdlib.h
configure:5476: gcc -c -g -O2  conftest.c >&5
configure:5476: $? = 0
configure:5476: result: yes
configure:5476: checking for string.h
configure:5476: gcc -c -g -O2  conftest.c >&5
configure:5476: $? = 0
configure:5476: result: yes
configure:5476: checking for memory.h
configure:5476: gcc -c -g -O2  conftest.c >&5
configure:5476: $? = 0
configure:5476: result: yes
configure:5476: checking for strings.h
configure:5476: gcc -c -g -O2  conftest.c >&5
configure:5476: $? = 0
configure:5476: result: yes
configure:5476: checking for inttypes.h
configure:5476: gcc -c -g -O2  conftest.c >&5
configure:5476: $? = 0
configure:5476: result: yes
configure:5476: checking for stdint.h
configure:5476: gcc -c -g -O2  conftest.c >&5
configure:5476: $? = 0
configure:5476: result: yes
configure:5476: checking for unistd.h
configure:5476: gcc -c -g -O2  conftest.c >&5
configure:5476: $? = 0
configure:5476: result: yes
configure:5490: checking dlfcn.h usability
configure:5490: gcc -c -g -O2  conftest.c >&5
configure:5490: $? = 0
configure:5490: result: yes
configure:5490: checking dlfcn.h presence
configure:5490: gcc -E  conftest.c
configure:5490: $? = 0
configure:5490: result: yes
configure:5490: checking for dlfcn.h
configure:5490: result: yes
configure:5687: checking for ranlib
configure:5703: found /usr/bin/ranlib
configure:5714: result: ranlib
configure:5779: checking for strip
configure:5795: found /usr/bin/strip
configure:5806: result: strip
configure:6009: checking for objdir
configure:6020: result: .libs
configure:6041: checking for gcc option to produce PIC
configure:6187: result: -fPIC
configure:6191: checking if gcc PIC flag -fPIC works
configure:6209: gcc -c -g -O2 -fPIC -DPIC  conftest.c >&5
configure:6209: $? = 0
configure:6243: result: yes
configure:6263: checking if gcc static flag -static works
configure:6282: gcc -o conftest -g -O2   -static conftest.c  >&5
configure:6282: $? = 0
configure:6294: result: yes
configure:6310: checking if gcc supports -c -o file.o
configure:6330: gcc -c -g -O2 -o out/conftest2.o  conftest.c >&5
configure:6354: result: yes
configure:6359: checking if gcc supports -c -o file.lo
configure:6381: gcc -c -g -O2 -c -o conftest.lo  conftest.c >&5
configure:6381: $? = 0
configure:6398: result: yes
configure:6437: checking if gcc supports -fno-rtti -fno-exceptions
configure:6454: gcc -c -g -O2 -fno-rtti -fno-exceptions -c conftest.c  conftest.c >&5
cc1: warning: command line option '-fno-rtti' is valid for C++/ObjC++ but not for C
cc1: warning: command line option '-fno-rtti' is valid for C++/ObjC++ but not for C
configure:6454: $? = 0
configure:6466: result: no
configure:6481: checking whether the linker (/usr/bin/ld) supports shared libraries
configure:7176: result: yes
configure:7185: checking how to hardcode library paths into programs
configure:7209: result: immediate
configure:7218: checking whether stripping libraries is possible
configure:7223: result: yes
configure:7238: checking dynamic linker characteristics
configure:7499: gcc -c -g -O2  conftest.c >&5
configure:7502: $? = 0
configure:7669: result: GNU/Linux ld.so
configure:7678: checking if libtool supports shared libraries
configure:7680: result: yes
configure:7687: checking whether to build shared libraries
configure:7708: result: yes
configure:7715: checking whether to build static libraries
configure:7719: result: yes
configure:8183: checking whether -lc should be explicitly linked in
configure:8191: gcc -c -g -O2  conftest.c >&5
configure:8194: $? = 0
configure:8208: gcc -shared conftest.o  -v -Wl,-soname -Wl,conftest -o conftest 2\>\&1 \| grep  -lc  \>/dev/null 2\>\&1
configure:8211: $? = 0
configure:8224: result: no
configure:8851: checking for gcc
configure:8878: result: gcc
configure:9107: checking for C compiler version
configure:9116: gcc --version >&5
gcc (Ubuntu 5.4.0-6ubuntu1~16.04.4) 5.4.0 20160609
Copyright (C) 2015 Free Software Foundation, Inc.
This is free software; see the source for copying conditions.  There is NO
warranty; not even for MERCHANTABILITY or FITNESS FOR A PARTICULAR PURPOSE.

configure:9127: $? = 0
configure:9116: gcc -v >&5
Using built-in specs.
COLLECT_GCC=gcc
COLLECT_LTO_WRAPPER=/usr/lib/gcc/x86_64-linux-gnu/5/lto-wrapper
Target: x86_64-linux-gnu
Configured with: ../src/configure -v --with-pkgversion='Ubuntu 5.4.0-6ubuntu1~16.04.4' --with-bugurl=file:///usr/share/doc/gcc-5/README.Bugs --enable-languages=c,ada,c++,java,go,d,fortran,objc,obj-c++ --prefix=/usr --program-suffix=-5 --enable-shared --enable-linker-build-id --libexecdir=/usr/lib --without-included-gettext --enable-threads=posix --libdir=/usr/lib --enable-nls --with-sysroot=/ --enable-clocale=gnu --enable-libstdcxx-debug --enable-libstdcxx-time=yes --with-default-libstdcxx-abi=new --enable-gnu-unique-object --disable-vtable-verify --enable-libmpx --enable-plugin --with-system-zlib --disable-browser-plugin --enable-java-awt=gtk --enable-gtk-cairo --with-java-home=/usr/lib/jvm/java-1.5.0-gcj-5-amd64/jre --enable-java-home --with-jvm-root-dir=/usr/lib/jvm/java-1.5.0-gcj-5-amd64 --with-jvm-jar-dir=/usr/lib/jvm-exports/java-1.5.0-gcj-5-amd64 --with-arch-directory=amd64 --with-ecj-jar=/usr/share/java/eclipse-ecj.jar --enable-objc-gc --enable-multiarch --disable-werror --with-arch-32=i686 --with-abi=m64 --with-multilib-list=m32,m64,mx32 --enable-multilib --with-tune=generic --enable-checking=release --build=x86_64-linux-gnu --host=x86_64-linux-gnu --target=x86_64-linux-gnu
Thread model: posix
gcc version 5.4.0 20160609 (Ubuntu 5.4.0-6ubuntu1~16.04.4) 
configure:9127: $? = 0
configure:9116: gcc -V >&5
gcc: error: unrecognized command line option '-V'
gcc: fatal error: no input files
compilation terminated.
configure:9127: $? = 1
configure:9116: gcc -qversion >&5
gcc: error: unrecognized command line option '-qversion'
gcc: fatal error: no input files
compilation terminated.
configure:9127: $? = 1
configure:9131: checking whether we are using the GNU C compiler
configure:9159: result: yes
configure:9168: checking whether gcc accepts -g
configure:9229: result: yes
configure:9246: checking for gcc option to accept ISO C89
configure:9323: result: none needed
configure:9345: checking dependency style of gcc
configure:9456: result: gcc3
configure:9482: checking for ld used by GCC
configure:9545: result: /usr/bin/ld
configure:9552: checking if the linker (/usr/bin/ld) is GNU ld
configure:9564: result: yes
configure:9612: checking for ranlib
configure:9639: result: ranlib
configure:9662: checking whether ln -s works
configure:9666: result: yes
configure:9673: checking whether make sets $(MAKE)
configure:9695: result: yes
configure:9705: checking for ANSI C header files
configure:9809: result: yes
configure:9820: checking for dirent.h that defines DIR
configure:9839: gcc -c -g -O2  conftest.c >&5
configure:9839: $? = 0
configure:9847: result: yes
configure:9860: checking for library containing opendir
configure:9891: gcc -o conftest -g -O2   conftest.c  >&5
configure:9891: $? = 0
configure:9908: result: none required
configure:9978: checking for sys/types.h
configure:9978: result: yes
configure:9978: checking sys/time.h usability
configure:9978: gcc -c -g -O2  conftest.c >&5
configure:9978: $? = 0
configure:9978: result: yes
configure:9978: checking sys/time.h presence
configure:9978: gcc -E  conftest.c
configure:9978: $? = 0
configure:9978: result: yes
configure:9978: checking for sys/time.h
configure:9978: result: yes
configure:9978: checking termio.h usability
configure:9978: gcc -c -g -O2  conftest.c >&5
configure:9978: $? = 0
configure:9978: result: yes
configure:9978: checking termio.h presence
configure:9978: gcc -E  conftest.c
configure:9978: $? = 0
configure:9978: result: yes
configure:9978: checking for termio.h
configure:9978: result: yes
configure:9978: checking for unistd.h
configure:9978: result: yes
configure:9978: checking math.h usability
configure:9978: gcc -c -g -O2  conftest.c >&5
configure:9978: $? = 0
configure:9978: result: yes
configure:9978: checking math.h presence
configure:9978: gcc -E  conftest.c
configure:9978: $? = 0
configure:9978: result: yes
configure:9978: checking for math.h
configure:9978: result: yes
configure:9978: checking locale.h usability
configure:9978: gcc -c -g -O2  conftest.c >&5
configure:9978: $? = 0
configure:9978: result: yes
configure:9978: checking locale.h presence
configure:9978: gcc -E  conftest.c
configure:9978: $? = 0
configure:9978: result: yes
configure:9978: checking for locale.h
configure:9978: result: yes
configure:9989: checking for an ANSI C-conforming const
configure:10054: gcc -c -g -O2  conftest.c >&5
configure:10054: $? = 0
configure:10061: result: yes
configure:10069: checking for inline
configure:10085: gcc -c -g -O2  conftest.c >&5
configure:10085: $? = 0
configure:10093: result: inline
configure:10111: checking for size_t
configure:10111: gcc -c -g -O2  conftest.c >&5
configure:10111: $? = 0
configure:10111: gcc -c -g -O2  conftest.c >&5
conftest.c: In function 'main':
conftest.c:64:21: error: expected expression before ')' token
 if (sizeof ((size_t)))
                     ^
configure:10111: $? = 1
configure: failed program was:
| /* confdefs.h */
| #define PACKAGE_NAME "libminigui"
| #define PACKAGE_TARNAME "libminigui"
| #define PACKAGE_VERSION "3.0.12"
| #define PACKAGE_STRING "libminigui 3.0.12"
| #define PACKAGE_BUGREPORT ""
| #define PACKAGE_URL ""
| #define STDC_HEADERS 1
| #define HAVE_SYS_TYPES_H 1
| #define HAVE_SYS_STAT_H 1
| #define HAVE_STDLIB_H 1
| #define HAVE_STRING_H 1
| #define HAVE_MEMORY_H 1
| #define HAVE_STRINGS_H 1
| #define HAVE_INTTYPES_H 1
| #define HAVE_STDINT_H 1
| #define HAVE_UNISTD_H 1
| #define HAVE_DLFCN_H 1
| #define STDC_HEADERS 1
| #define HAVE_DIRENT_H 1
| #define HAVE_SYS_TYPES_H 1
| #define HAVE_SYS_TIME_H 1
| #define HAVE_TERMIO_H 1
| #define HAVE_UNISTD_H 1
| #define HAVE_MATH_H 1
| #define HAVE_LOCALE_H 1
| /* end confdefs.h.  */
| #include <stdio.h>
| #ifdef HAVE_SYS_TYPES_H
| # include <sys/types.h>
| #endif
| #ifdef HAVE_SYS_STAT_H
| # include <sys/stat.h>
| #endif
| #ifdef STDC_HEADERS
| # include <stdlib.h>
| # include <stddef.h>
| #else
| # ifdef HAVE_STDLIB_H
| #  include <stdlib.h>
| # endif
| #endif
| #ifdef HAVE_STRING_H
| # if !defined STDC_HEADERS && defined HAVE_MEMORY_H
| #  include <memory.h>
| # endif
| # include <string.h>
| #endif
| #ifdef HAVE_STRINGS_H
| # include <strings.h>
| #endif
| #ifdef HAVE_INTTYPES_H
| # include <inttypes.h>
| #endif
| #ifdef HAVE_STDINT_H
| # include <stdint.h>
| #endif
| #ifdef HAVE_UNISTD_H
| # include <unistd.h>
| #endif
| int
| main ()
| {
| if (sizeof ((size_t)))
| 	    return 0;
|   ;
|   return 0;
| }
configure:10111: result: yes
configure:10122: checking whether time.h and sys/time.h may both be included
configure:10142: gcc -c -g -O2  conftest.c >&5
configure:10142: $? = 0
configure:10149: result: yes
configure:10157: checking whether struct tm is in sys/time.h or time.h
configure:10177: gcc -c -g -O2  conftest.c >&5
configure:10177: $? = 0
configure:10184: result: time.h
configure:10195: checking for working alloca.h
configure:10212: gcc -o conftest -g -O2   conftest.c  >&5
configure:10212: $? = 0
configure:10220: result: yes
configure:10228: checking for alloca
configure:10265: gcc -o conftest -g -O2   conftest.c  >&5
configure:10265: $? = 0
configure:10273: result: yes
configure:10382: checking for working memcmp
configure:10425: gcc -o conftest -g -O2   conftest.c  >&5
configure:10425: $? = 0
configure:10425: ./conftest
configure:10425: $? = 0
configure:10435: result: yes
configure:10450: checking for stdlib.h
configure:10450: result: yes
configure:10450: checking for unistd.h
configure:10450: result: yes
configure:10450: checking for sys/param.h
configure:10450: gcc -c -g -O2  conftest.c >&5
configure:10450: $? = 0
configure:10450: result: yes
configure:10470: checking for getpagesize
configure:10470: gcc -o conftest -g -O2   conftest.c  >&5
configure:10470: $? = 0
configure:10470: result: yes
configure:10479: checking for working mmap
configure:10626: gcc -o conftest -g -O2   conftest.c  >&5
configure:10626: $? = 0
configure:10626: ./conftest
configure:10626: $? = 0
configure:10636: result: yes
configure:10647: checking for vprintf
configure:10647: gcc -o conftest -g -O2   conftest.c  >&5
conftest.c:59:6: warning: conflicting types for built-in function 'vprintf'
 char vprintf ();
      ^
configure:10647: $? = 0
configure:10647: result: yes
configure:10653: checking for _doprnt
configure:10653: gcc -o conftest -g -O2   conftest.c  >&5
/tmp/ccNyWtRc.o: In function `main':
/home/dongjunjie/project/minigui/libminigui-gpl-3.0.12/conftest.c:71: undefined reference to `_doprnt'
collect2: error: ld returned 1 exit status
configure:10653: $? = 1
configure: failed program was:
| /* confdefs.h */
| #define PACKAGE_NAME "libminigui"
| #define PACKAGE_TARNAME "libminigui"
| #define PACKAGE_VERSION "3.0.12"
| #define PACKAGE_STRING "libminigui 3.0.12"
| #define PACKAGE_BUGREPORT ""
| #define PACKAGE_URL ""
| #define STDC_HEADERS 1
| #define HAVE_SYS_TYPES_H 1
| #define HAVE_SYS_STAT_H 1
| #define HAVE_STDLIB_H 1
| #define HAVE_STRING_H 1
| #define HAVE_MEMORY_H 1
| #define HAVE_STRINGS_H 1
| #define HAVE_INTTYPES_H 1
| #define HAVE_STDINT_H 1
| #define HAVE_UNISTD_H 1
| #define HAVE_DLFCN_H 1
| #define STDC_HEADERS 1
| #define HAVE_DIRENT_H 1
| #define HAVE_SYS_TYPES_H 1
| #define HAVE_SYS_TIME_H 1
| #define HAVE_TERMIO_H 1
| #define HAVE_UNISTD_H 1
| #define HAVE_MATH_H 1
| #define HAVE_LOCALE_H 1
| #define TIME_WITH_SYS_TIME 1
| #define HAVE_ALLOCA_H 1
| #define HAVE_ALLOCA 1
| #define HAVE_STDLIB_H 1
| #define HAVE_UNISTD_H 1
| #define HAVE_SYS_PARAM_H 1
| #define HAVE_GETPAGESIZE 1
| #define HAVE_MMAP 1
| #define HAVE_VPRINTF 1
| /* end confdefs.h.  */
| /* Define _doprnt to an innocuous variant, in case <limits.h> declares _doprnt.
|    For example, HP-UX 11i <limits.h> declares gettimeofday.  */
| #define _doprnt innocuous__doprnt
| 
| /* System header to define __stub macros and hopefully few prototypes,
|     which can conflict with char _doprnt (); below.
|     Prefer <limits.h> to <assert.h> if __STDC__ is defined, since
|     <limits.h> exists even on freestanding compilers.  */
| 
| #ifdef __STDC__
| # include <limits.h>
| #else
| # include <assert.h>
| #endif
| 
| #undef _doprnt
| 
| /* Override any GCC internal prototype to avoid an error.
|    Use char because int might match the return type of a GCC
|    builtin and then its argument prototype would still apply.  */
| #ifdef __cplusplus
| extern "C"
| #endif
| char _doprnt ();
| /* The GNU C library defines this for functions which it implements
|     to always fail with ENOSYS.  Some functions are actually named
|     something starting with __ and the normal name is an alias.  */
| #if defined __stub__doprnt || defined __stub____doprnt
| choke me
| #endif
| 
| int
| main ()
| {
| return _doprnt ();
|   ;
|   return 0;
| }
configure:10653: result: no
configure:10667: checking for time
configure:10667: gcc -o conftest -g -O2   conftest.c  >&5
configure:10667: $? = 0
configure:10667: result: yes
configure:10667: checking for mktime
configure:10667: gcc -o conftest -g -O2   conftest.c  >&5
configure:10667: $? = 0
configure:10667: result: yes
configure:10667: checking for localtime
configure:10667: gcc -o conftest -g -O2   conftest.c  >&5
configure:10667: $? = 0
configure:10667: result: yes
configure:10667: checking for strdup
configure:10667: gcc -o conftest -g -O2   conftest.c  >&5
conftest.c:63:6: warning: conflicting types for built-in function 'strdup'
 char strdup ();
      ^
configure:10667: $? = 0
configure:10667: result: yes
configure:10667: checking for strcasecmp
configure:10667: gcc -o conftest -g -O2   conftest.c  >&5
conftest.c:64:6: warning: conflicting types for built-in function 'strcasecmp'
 char strcasecmp ();
      ^
configure:10667: $? = 0
configure:10667: result: yes
configure:10667: checking for strncasecmp
configure:10667: gcc -o conftest -g -O2   conftest.c  >&5
conftest.c:65:6: warning: conflicting types for built-in function 'strncasecmp'
 char strncasecmp ();
      ^
configure:10667: $? = 0
configure:10667: result: yes
configure:10667: checking for strerror
configure:10667: gcc -o conftest -g -O2   conftest.c  >&5
configure:10667: $? = 0
configure:10667: result: yes
configure:10667: checking for setlocale
configure:10667: gcc -o conftest -g -O2   conftest.c  >&5
configure:10667: $? = 0
configure:10667: result: yes
configure:10667: checking for getpt
configure:10667: gcc -o conftest -g -O2   conftest.c  >&5
configure:10667: $? = 0
configure:10667: result: yes
configure:11775: checking for FrameBuffer console support
configure:11794: gcc -c -g -O2  conftest.c >&5
configure:11794: $? = 0
configure:11800: result: yes
configure:11810: checking for pci_system_init in -lpciaccess
configure:11835: gcc -o conftest -g -O2   conftest.c -lpciaccess   >&5
/usr/bin/ld: cannot find -lpciaccess
collect2: error: ld returned 1 exit status
configure:11835: $? = 1
configure: failed program was:
| /* confdefs.h */
| #define PACKAGE_NAME "libminigui"
| #define PACKAGE_TARNAME "libminigui"
| #define PACKAGE_VERSION "3.0.12"
| #define PACKAGE_STRING "libminigui 3.0.12"
| #define PACKAGE_BUGREPORT ""
| #define PACKAGE_URL ""
| #define STDC_HEADERS 1
| #define HAVE_SYS_TYPES_H 1
| #define HAVE_SYS_STAT_H 1
| #define HAVE_STDLIB_H 1
| #define HAVE_STRING_H 1
| #define HAVE_MEMORY_H 1
| #define HAVE_STRINGS_H 1
| #define HAVE_INTTYPES_H 1
| #define HAVE_STDINT_H 1
| #define HAVE_UNISTD_H 1
| #define HAVE_DLFCN_H 1
| #define STDC_HEADERS 1
| #define HAVE_DIRENT_H 1
| #define HAVE_SYS_TYPES_H 1
| #define HAVE_SYS_TIME_H 1
| #define HAVE_TERMIO_H 1
| #define HAVE_UNISTD_H 1
| #define HAVE_MATH_H 1
| #define HAVE_LOCALE_H 1
| #define TIME_WITH_SYS_TIME 1
| #define HAVE_ALLOCA_H 1
| #define HAVE_ALLOCA 1
| #define HAVE_STDLIB_H 1
| #define HAVE_UNISTD_H 1
| #define HAVE_SYS_PARAM_H 1
| #define HAVE_GETPAGESIZE 1
| #define HAVE_MMAP 1
| #define HAVE_VPRINTF 1
| #define HAVE_TIME 1
| #define HAVE_MKTIME 1
| #define HAVE_LOCALTIME 1
| #define HAVE_STRDUP 1
| #define HAVE_STRCASECMP 1
| #define HAVE_STRNCASECMP 1
| #define HAVE_STRERROR 1
| #define HAVE_SETLOCALE 1
| #define HAVE_GETPT 1
| #define _MGGAL_DUMMY 1
| #define _MGGAL_FBCON 1
| /* end confdefs.h.  */
| 
| /* Override any GCC internal prototype to avoid an error.
|    Use char because int might match the return type of a GCC
|    builtin and then its argument prototype would still apply.  */
| #ifdef __cplusplus
| extern "C"
| #endif
| char pci_system_init ();
| int
| main ()
| {
| return pci_system_init ();
|   ;
|   return 0;
| }
configure:11844: result: no
configure:12420: checking for pthread library
configure:12442: gcc -o conftest -g -O2   conftest.c  >&5
configure:12442: $? = 0
configure:12444: result: yes
configure:12456: checking for jpeg_std_error in -ljpeg
configure:12481: gcc -o conftest -g -O2   conftest.c -ljpeg -lm  >&5
/usr/bin/ld: cannot find -ljpeg
collect2: error: ld returned 1 exit status
configure:12481: $? = 1
configure: failed program was:
| /* confdefs.h */
| #define PACKAGE_NAME "libminigui"
| #define PACKAGE_TARNAME "libminigui"
| #define PACKAGE_VERSION "3.0.12"
| #define PACKAGE_STRING "libminigui 3.0.12"
| #define PACKAGE_BUGREPORT ""
| #define PACKAGE_URL ""
| #define STDC_HEADERS 1
| #define HAVE_SYS_TYPES_H 1
| #define HAVE_SYS_STAT_H 1
| #define HAVE_STDLIB_H 1
| #define HAVE_STRING_H 1
| #define HAVE_MEMORY_H 1
| #define HAVE_STRINGS_H 1
| #define HAVE_INTTYPES_H 1
| #define HAVE_STDINT_H 1
| #define HAVE_UNISTD_H 1
| #define HAVE_DLFCN_H 1
| #define STDC_HEADERS 1
| #define HAVE_DIRENT_H 1
| #define HAVE_SYS_TYPES_H 1
| #define HAVE_SYS_TIME_H 1
| #define HAVE_TERMIO_H 1
| #define HAVE_UNISTD_H 1
| #define HAVE_MATH_H 1
| #define HAVE_LOCALE_H 1
| #define TIME_WITH_SYS_TIME 1
| #define HAVE_ALLOCA_H 1
| #define HAVE_ALLOCA 1
| #define HAVE_STDLIB_H 1
| #define HAVE_UNISTD_H 1
| #define HAVE_SYS_PARAM_H 1
| #define HAVE_GETPAGESIZE 1
| #define HAVE_MMAP 1
| #define HAVE_VPRINTF 1
| #define HAVE_TIME 1
| #define HAVE_MKTIME 1
| #define HAVE_LOCALTIME 1
| #define HAVE_STRDUP 1
| #define HAVE_STRCASECMP 1
| #define HAVE_STRNCASECMP 1
| #define HAVE_STRERROR 1
| #define HAVE_SETLOCALE 1
| #define HAVE_GETPT 1
| #define _MGGAL_DUMMY 1
| #define _MGGAL_FBCON 1
| #define _MGGAL_PCXVFB 1
| /* end confdefs.h.  */
| 
| /* Override any GCC internal prototype to avoid an error.
|    Use char because int might match the return type of a GCC
|    builtin and then its argument prototype would still apply.  */
| #ifdef __cplusplus
| extern "C"
| #endif
| char jpeg_std_error ();
| int
| main ()
| {
| return jpeg_std_error ();
|   ;
|   return 0;
| }
configure:12490: result: no
configure:12501: checking for png_check_sig in -lpng
configure:12526: gcc -o conftest -g -O2   conftest.c -lpng -lz -lm  >&5
configure:12526: $? = 0
configure:12535: result: yes
configure:12929: checking for pow in -lm
configure:12954: gcc -o conftest -g -O2 -D_WITH_TARGET_NONE -D__MINIGUI_LIB__ -D_REENTRANT   conftest.c -lm   >&5
conftest.c:69:6: warning: conflicting types for built-in function 'pow'
 char pow ();
      ^
configure:12954: $? = 0
configure:12963: result: yes
configure:14173: creating ./config.status

## ---------------------- ##
## Running config.status. ##
## ---------------------- ##

This file was extended by libminigui config.status 3.0.12, which was
generated by GNU Autoconf 2.68.  Invocation command line was

  CONFIG_FILES    = 
  CONFIG_HEADERS  = 
  CONFIG_LINKS    = 
  CONFIG_COMMANDS = 
  $ ./config.status 

on dongjunjie-OptiPlex-9020

config.status:1106: creating minigui.pc
config.status:1106: creating Makefile
config.status:1106: creating cmake/Makefile
config.status:1106: creating src/Makefile
config.status:1106: creating src/control/Makefile
config.status:1106: creating src/ex_ctrl/Makefile
config.status:1106: creating src/font/Makefile
config.status:1106: creating src/font/in-core/Makefile
config.status:1106: creating src/newgal/Makefile
config.status:1106: creating src/newgal/fbcon/Makefile
config.status:1106: creating src/newgal/qvfb/Makefile
config.status:1106: creating src/newgal/pcxvfb/Makefile
config.status:1106: creating src/newgal/wvfb/Makefile
config.status:1106: creating src/newgal/commlcd/Makefile
config.status:1106: creating src/newgal/shadow/Makefile
config.status:1106: creating src/newgal/mlshadow/Makefile
config.status:1106: creating src/newgal/em86gfx/Makefile
config.status:1106: creating src/newgal/em85xxyuv/Makefile
config.status:1106: creating src/newgal/em85xxosd/Makefile
config.status:1106: creating src/newgal/dummy/Makefile
config.status:1106: creating src/newgal/svpxxosd/Makefile
config.status:1106: creating src/newgal/bf533/Makefile
config.status:1106: creating src/newgal/mb93493/Makefile
config.status:1106: creating src/newgal/utpmc/Makefile
config.status:1106: creating src/newgal/dfb/Makefile
config.status:1106: creating src/newgal/hisi/Makefile
config.status:1106: creating src/newgal/rtos_xvfb/Makefile
config.status:1106: creating src/newgal/nexus/Makefile
config.status:1106: creating src/newgal/s3c6410/Makefile
config.status:1106: creating src/newgal/sigma8654/Makefile
config.status:1106: creating src/newgal/mstar/Makefile
config.status:1106: creating src/newgal/gdl/Makefile
config.status:1106: creating src/newgal/stgfb/Makefile
config.status:1106: creating src/ial/Makefile
config.status:1106: creating src/ial/native/Makefile
config.status:1106: creating src/ial/netial/Makefile
config.status:1106: creating src/ial/nexusial/Makefile
config.status:1106: creating src/ial/dlcustom/Makefile
config.status:1106: creating src/mybmp/Makefile
config.status:1106: creating src/newgdi/Makefile
config.status:1106: creating src/gui/Makefile
config.status:1106: creating src/libc/Makefile
config.status:1106: creating src/misc/Makefile
config.status:1106: creating src/main/Makefile
config.status:1106: creating src/kernel/Makefile
config.status:1106: creating src/server/Makefile
config.status:1106: creating src/client/Makefile
config.status:1106: creating src/standalone/Makefile
config.status:1106: creating src/sysres/Makefile
config.status:1106: creating src/sysres/bmp/Makefile
config.status:1106: creating src/sysres/icon/Makefile
config.status:1106: creating src/sysres/font/Makefile
config.status:1106: creating src/sysres/cursor/Makefile
config.status:1106: creating src/sysres/license/Makefile
config.status:1106: creating src/sysres/license/c_files/Makefile
config.status:1106: creating src/include/Makefile
config.status:1106: creating src/textedit/Makefile
config.status:1106: creating include/Makefile
config.status:1106: creating include/ctrl/Makefile
config.status:1106: creating rtos/Makefile
config.status:1106: creating etc/Makefile
config.status:1106: creating 3rd-party/Makefile
config.status:1106: creating 3rd-party/scripteasy/Makefile
config.status:1106: creating m4/Makefile
config.status:1106: creating build/Makefile
config.status:1106: creating mgconfig.h
config.status:1335: executing depfiles commands

## ---------------- ##
## Cache variables. ##
## ---------------- ##

ac_cv_build=x86_64-unknown-linux-gnu
ac_cv_c_compiler_gnu=yes
ac_cv_c_const=yes
ac_cv_c_inline=inline
ac_cv_env_CC_set=
ac_cv_env_CC_value=
ac_cv_env_CFLAGS_set=
ac_cv_env_CFLAGS_value=
ac_cv_env_CPPFLAGS_set=
ac_cv_env_CPPFLAGS_value=
ac_cv_env_CPP_set=
ac_cv_env_CPP_value=
ac_cv_env_LDFLAGS_set=
ac_cv_env_LDFLAGS_value=
ac_cv_env_LIBS_set=
ac_cv_env_LIBS_value=
ac_cv_env_build_alias_set=
ac_cv_env_build_alias_value=
ac_cv_env_host_alias_set=
ac_cv_env_host_alias_value=
ac_cv_env_target_alias_set=set
ac_cv_env_target_alias_value=i386
ac_cv_func__doprnt=no
ac_cv_func_alloca_works=yes
ac_cv_func_getpagesize=yes
ac_cv_func_getpt=yes
ac_cv_func_localtime=yes
ac_cv_func_memcmp_working=yes
ac_cv_func_mktime=yes
ac_cv_func_mmap_fixed_mapped=yes
ac_cv_func_setlocale=yes
ac_cv_func_strcasecmp=yes
ac_cv_func_strdup=yes
ac_cv_func_strerror=yes
ac_cv_func_strncasecmp=yes
ac_cv_func_time=yes
ac_cv_func_vprintf=yes
ac_cv_header_dirent_dirent_h=yes
ac_cv_header_dlfcn_h=yes
ac_cv_header_inttypes_h=yes
ac_cv_header_locale_h=yes
ac_cv_header_math_h=yes
ac_cv_header_memory_h=yes
ac_cv_header_stdc=yes
ac_cv_header_stdint_h=yes
ac_cv_header_stdlib_h=yes
ac_cv_header_string_h=yes
ac_cv_header_strings_h=yes
ac_cv_header_sys_param_h=yes
ac_cv_header_sys_stat_h=yes
ac_cv_header_sys_time_h=yes
ac_cv_header_sys_types_h=yes
ac_cv_header_termio_h=yes
ac_cv_header_time=yes
ac_cv_header_unistd_h=yes
ac_cv_host=x86_64-unknown-linux-gnu
ac_cv_lib_jpeg_jpeg_std_error=no
ac_cv_lib_m_pow=yes
ac_cv_lib_pciaccess_pci_system_init=no
ac_cv_lib_png_png_check_sig=yes
ac_cv_objext=o
ac_cv_path_EGREP='/bin/grep -E'
ac_cv_path_GREP=/bin/grep
ac_cv_path_install='/usr/bin/install -c'
ac_cv_path_mkdir=/bin/mkdir
ac_cv_prog_AWK=mawk
ac_cv_prog_CPP='gcc -E'
ac_cv_prog_ac_ct_CC=gcc
ac_cv_prog_ac_ct_RANLIB=ranlib
ac_cv_prog_ac_ct_STRIP=strip
ac_cv_prog_cc_c89=
ac_cv_prog_cc_g=yes
ac_cv_prog_make_make_set=yes
ac_cv_search_opendir='none required'
ac_cv_struct_tm=time.h
ac_cv_target=i386-pc-none
ac_cv_type_size_t=yes
ac_cv_working_alloca_h=yes
am_cv_CC_dependencies_compiler_type=gcc3
lt_cv_archive_cmds_need_lc=no
lt_cv_compiler_c_o=yes
lt_cv_compiler_o_lo=yes
lt_cv_deplibs_check_method=pass_all
lt_cv_file_magic_cmd='$MAGIC_CMD'
lt_cv_file_magic_test_file='/lib/libc.so* /lib/libc-*.so'
lt_cv_global_symbol_to_c_name_address='sed -n -e '\''s/^: \([^ ]*\) $/  {\"\1\", (lt_ptr) 0},/p'\'' -e '\''s/^[BCDEGRST] \([^ ]*\) \([^ ]*\)$/  {"\2", (lt_ptr) \&\2},/p'\'''
lt_cv_global_symbol_to_cdecl='sed -n -e '\''s/^. .* \(.*\)$/extern char \1;/p'\'''
lt_cv_ld_reload_flag=-r
lt_cv_path_LD=/usr/bin/ld
lt_cv_path_NM='/usr/bin/nm -B'
lt_cv_path_SED=/bin/sed
lt_cv_prog_cc_can_build_shared=yes
lt_cv_prog_cc_no_builtin=
lt_cv_prog_cc_pic=' -fPIC'
lt_cv_prog_cc_pic_works=yes
lt_cv_prog_cc_shlib=
lt_cv_prog_cc_static=-static
lt_cv_prog_cc_static_works=yes
lt_cv_prog_cc_wl=-Wl,
lt_cv_prog_gnu_ld=yes
lt_cv_sys_global_symbol_pipe='sed -n -e '\''s/^.*[ 	]\([ABCDGISTW][ABCDGISTW]*\)[ 	][ 	]*\(\)\([_A-Za-z][_A-Za-z0-9]*\)$/\1 \2\3 \3/p'\'''

## ----------------- ##
## Output variables. ##
## ----------------- ##

ACLOCAL='${SHELL} /home/dongjunjie/project/minigui/libminigui-gpl-3.0.12/missing --run aclocal-1.11'
ALLOCA=''
AMDEPBACKSLASH='\'
AMDEP_FALSE='#'
AMDEP_TRUE=''
AMTAR='$${TAR-tar}'
AUTOCONF='${SHELL} /home/dongjunjie/project/minigui/libminigui-gpl-3.0.12/missing --run autoconf'
AUTOHEADER='${SHELL} /home/dongjunjie/project/minigui/libminigui-gpl-3.0.12/missing --run autoheader'
AUTOMAKE='${SHELL} /home/dongjunjie/project/minigui/libminigui-gpl-3.0.12/missing --run automake-1.11'
AWK='mawk'
CC='gcc'
CCDEPMODE='depmode=gcc3'
CFLAGS='-g -O2 -D_WITH_TARGET_NONE -D__MINIGUI_LIB__ -D_REENTRANT -D_MG_ENABLE_SPLASH=1 -D_MG_ENABLE_SCREENSAVER=1 -Wall -Wstrict-prototypes -pipe -D_GNU_SOURCE'
CPP='gcc -E'
CPPFLAGS=''
CYGPATH_W='echo'
DEFS='-DHAVE_CONFIG_H'
DEPDIR='.deps'
ECHO='echo'
ECHO_C=''
ECHO_N='-n'
ECHO_T=''
EGREP='/bin/grep -E'
EXEEXT=''
FT1_INC_DIR=''
FT2_INC_DIR=''
GREP='/bin/grep'
INSTALL_DATA='${INSTALL} -m 644'
INSTALL_PROGRAM='${INSTALL}'
INSTALL_SCRIPT='${INSTALL}'
INSTALL_STRIP_PROGRAM='$(install_sh) -c -s'
LDFLAGS=''
LIBOBJS=''
LIBS=''
LIBTOOL='$(SHELL) $(top_builddir)/libtool'
LN_S='ln -s'
LTLIBOBJS=''
LT_AGE='0'
LT_CURRENT='12'
LT_RELEASE='3.0'
LT_REVISION='0'
MAKEINFO='${SHELL} /home/dongjunjie/project/minigui/libminigui-gpl-3.0.12/missing --run makeinfo'
MGFONT_SEF_FALSE=''
MGFONT_SEF_TRUE='#'
MGIAL_CONSOLE_FALSE='#'
MGIAL_CONSOLE_TRUE=''
MGIAL_CUSTOM_FALSE=''
MGIAL_CUSTOM_TRUE='#'
MGIAL_DLCUSTOM_FALSE='#'
MGIAL_DLCUSTOM_TRUE=''
MGIAL_NET_FALSE=''
MGIAL_NET_TRUE='#'
MGIAL_NEXUS_FALSE=''
MGIAL_NEXUS_TRUE='#'
MGLIB_MVFB_FALSE=''
MGLIB_MVFB_TRUE='#'
MGLIB_SUFFIX='ths'
MGRM_PROCESSES_FALSE=''
MGRM_PROCESSES_TRUE='#'
MGRM_STANDALONE_FALSE=''
MGRM_STANDALONE_TRUE='#'
MGUSE_OWN_PTHREAD_FALSE=''
MGUSE_OWN_PTHREAD_TRUE='#'
MG_ENABLE_SCREENSAVER_FALSE='#'
MG_ENABLE_SCREENSAVER_TRUE=''
MG_ENABLE_SPLASH_FALSE='#'
MG_ENABLE_SPLASH_TRUE=''
MG_MINIMALGDI_FALSE=''
MG_MINIMALGDI_TRUE='#'
MINIGUI_INCLUDE_LIST=''
MINIGUI_LIBRARIES_LIST=' -lpng -ldl -lm -lpthread'
MKDIR_P='/bin/mkdir -p'
MiniGUI_BINARY_AGE='0'
MiniGUI_INTERFACE_AGE='0'
MiniGUI_MAJOR_VERSION='3'
MiniGUI_MICRO_VERSION='12'
MiniGUI_MINOR_VERSION='0'
MiniGUI_VERSION='3.0.12'
NEXUS_INCLUDEDIR=''
NEXUS_LIBDIR=''
OBJEXT='o'
PACKAGE='libminigui'
PACKAGE_BUGREPORT=''
PACKAGE_NAME='libminigui'
PACKAGE_STRING='libminigui 3.0.12'
PACKAGE_TARNAME='libminigui'
PACKAGE_URL=''
PACKAGE_VERSION='3.0.12'
PATH_SEPARATOR=':'
RANLIB='ranlib'
SET_MAKE=''
SHELL='/bin/bash'
STRIP='strip'
SYSTEM_LIBS=' -lpng -ldl -lm -lpthread'
UCOSII_FALSE=''
UCOSII_TRUE='#'
VERSION='3.0.12'
VIDEO_DRIVERS=' dummy/libvideo_null.la fbcon/libvideo_fbcon.la pcxvfb/libvideo_pcxvfb.la'
VIDEO_SUBDIRS=' dummy fbcon pcxvfb'
ac_ct_CC='gcc'
am__EXEEXT_FALSE=''
am__EXEEXT_TRUE='#'
am__fastdepCC_FALSE='#'
am__fastdepCC_TRUE=''
am__include='include'
am__isrc=''
am__leading_dot='.'
am__nodep='_no'
am__quote=''
am__tar='$${TAR-tar} chof - "$$tardir"'
am__untar='$${TAR-tar} xf -'
bindir='${exec_prefix}/bin'
build='x86_64-unknown-linux-gnu'
build_alias=''
build_cpu='x86_64'
build_os='linux-gnu'
build_vendor='unknown'
datadir='${datarootdir}'
datarootdir='${prefix}/share'
docdir='${datarootdir}/doc/${PACKAGE_TARNAME}'
dvidir='${docdir}'
exec_prefix='${prefix}'
host='x86_64-unknown-linux-gnu'
host_alias=''
host_cpu='x86_64'
host_os='linux-gnu'
host_vendor='unknown'
htmldir='${docdir}'
includedir='${prefix}/include'
infodir='${datarootdir}/info'
install_sh='${SHELL} /home/dongjunjie/project/minigui/libminigui-gpl-3.0.12/install-sh'
libdir='${exec_prefix}/lib'
libexecdir='${exec_prefix}/libexec'
localedir='${datarootdir}/locale'
localstatedir='${prefix}/var'
mandir='${datarootdir}/man'
mkdir_p='/bin/mkdir -p'
oldincludedir='/usr/include'
pdfdir='${docdir}'
prefix='/usr/local'
program_transform_name='s&^&i386-&'
psdir='${docdir}'
sbindir='${exec_prefix}/sbin'
sharedstatedir='${prefix}/com'
sysconfdir='${prefix}/etc'
target='i386-pc-none'
target_alias='i386'
target_cpu='i386'
target_os='none'
target_vendor='pc'

## ----------- ##
## confdefs.h. ##
## ----------- ##

/* confdefs.h */
#define PACKAGE_NAME "libminigui"
#define PACKAGE_TARNAME "libminigui"
#define PACKAGE_VERSION "3.0.12"
#define PACKAGE_STRING "libminigui 3.0.12"
#define PACKAGE_BUGREPORT ""
#define PACKAGE_URL ""
#define STDC_HEADERS 1
#define HAVE_SYS_TYPES_H 1
#define HAVE_SYS_STAT_H 1
#define HAVE_STDLIB_H 1
#define HAVE_STRING_H 1
#define HAVE_MEMORY_H 1
#define HAVE_STRINGS_H 1
#define HAVE_INTTYPES_H 1
#define HAVE_STDINT_H 1
#define HAVE_UNISTD_H 1
#define HAVE_DLFCN_H 1
#define STDC_HEADERS 1
#define HAVE_DIRENT_H 1
#define HAVE_SYS_TYPES_H 1
#define HAVE_SYS_TIME_H 1
#define HAVE_TERMIO_H 1
#define HAVE_UNISTD_H 1
#define HAVE_MATH_H 1
#define HAVE_LOCALE_H 1
#define TIME_WITH_SYS_TIME 1
#define HAVE_ALLOCA_H 1
#define HAVE_ALLOCA 1
#define HAVE_STDLIB_H 1
#define HAVE_UNISTD_H 1
#define HAVE_SYS_PARAM_H 1
#define HAVE_GETPAGESIZE 1
#define HAVE_MMAP 1
#define HAVE_VPRINTF 1
#define HAVE_TIME 1
#define HAVE_MKTIME 1
#define HAVE_LOCALTIME 1
#define HAVE_STRDUP 1
#define HAVE_STRCASECMP 1
#define HAVE_STRNCASECMP 1
#define HAVE_STRERROR 1
#define HAVE_SETLOCALE 1
#define HAVE_GETPT 1
#define _MGGAL_DUMMY 1
#define _MGGAL_FBCON 1
#define _MGGAL_PCXVFB 1
#define MINIGUI_MAJOR_VERSION 3
#define MINIGUI_MINOR_VERSION 0
#define MINIGUI_MICRO_VERSION 12
#define MINIGUI_INTERFACE_AGE 0
#define MINIGUI_BINARY_AGE 0
#define _MGIAL_DLCUSTOM 1
#define __LINUX__ 1
#define __TARGET_UNKNOWN__ 1
#define _MGLF_RDR_FLAT 1
#define _MGLF_RDR_SKIN 1
#define _MGRM_THREADS 1
#define ETCFILENAME "MiniGUI.cfg"
#define _MGLIB_SUFFIX "ths"
#define _HAVE_MATH_LIB 1
#define _MGHAVE_ADV_2DAPI 1
#define _MGHAVE_FIXED_MATH 1
#define _MGTIMER_UNIT_10MS 1
#define _MGMISC_DOUBLE_CLICK 1
#define _MGIAL_DUMMY 1
#define _MGIAL_CONSOLE 1
#define _MGCONSOLE_PS2 1
#define _MGCONSOLE_IMPS2 1
#define _MGCONSOLE_MS 1
#define _MGCONSOLE_MS3 1
#define _MGCONSOLE_TEXTMODE 1
#define _MGHAVE_CURSOR 1
#define _MGHAVE_CLIPBOARD 1
#define _MGFONT_RBF 1
#define _MGINCORERBF_LATIN1_VGAOEM 1
#define _MGINCORERBF_LATIN1_TERMINAL 1
#define _MGINCORERBF_LATIN1_FIXEDSYS 1
#define _MGFONT_VBF 1
#define _MGINCOREFONT_SANSSERIF 1
#define _MGINCOREFONT_COURIER 1
#define _MGINCOREFONT_SYSTEM 1
#define _MGFONT_UPF 1
#define _MGINCOREFONT_TIMES 1
#define _MGFONT_BMPF 1
#define _MGCHARSET_LATIN2 1
#define _MGCHARSET_LATIN3 1
#define _MGCHARSET_LATIN4 1
#define _MGCHARSET_CYRILLIC 1
#define _MGCHARSET_ARABIC 1
#define _MGCHARSET_GREEK 1
#define _MGCHARSET_HEBREW 1
#define _MGCHARSET_LATIN5 1
#define _MGCHARSET_LATIN6 1
#define _MGCHARSET_THAI 1
#define _MGCHARSET_LATIN7 1
#define _MGCHARSET_LATIN8 1
#define _MGCHARSET_LATIN9 1
#define _MGCHARSET_LATIN10 1
#define _MGCHARSET_GB 1
#define _MGCHARSET_GBK 1
#define _MGCHARSET_BIG5 1
#define _MGCHARSET_EUCKR 1
#define _MGCHARSET_EUCJP 1
#define _MGCHARSET_SHIFTJIS 1
#define _MGCHARSET_UNICODE 1
#define _MGMISC_SAVEBITMAP 1
#define _MGIMAGE_GIF 1
#define _MGIMAGE_PNG 1
#define _MGHAVE_MENU 1
#define _MGHAVE_MOUSECALIBRATE 1
#define _MGMISC_ABOUTDLG 1
#define _MGMISC_SAVESCREEN 1
#define _MGCTRL_STATIC 1
#define _MGCTRL_BUTTON 1
#define _MGCTRL_SLEDIT 1
#define _MGCTRL_BIDISLEDIT 1
#define _MGCTRL_LISTBOX 1
#define _MGCTRL_PROGRESSBAR 1
#define _MGCTRL_NEWTOOLBAR 1
#define _MGCTRL_MENUBUTTON 1
#define _MGCTRL_TRACKBAR 1
#define _MGCTRL_COMBOBOX 1
#define _MGCTRL_PROPSHEET 1
#define _MGCTRL_SCROLLVIEW 1
#define _MGCTRL_MONTHCAL 1
#define _MGCTRL_TREEVIEW 1
#define _MGCTRL_SPINBOX 1
#define _MGCTRL_COOLBAR 1
#define _MGCTRL_LISTVIEW 1
#define _MGCTRL_ICONVIEW 1
#define _MGCTRL_ANIMATION 1
#define _MGCTRL_SCROLLBAR 1
#define _MGCTRL_TEXTEDIT 1
#define _MGCTRL_TEXTEDIT_USE_NEW_IMPL 1

configure: exit 0
