This file contains any messages produced by compilers while
running configure, to aid debugging if configure makes a mistake.

It was created by libmgncs configure 1.0.6, which was
generated by GNU Autoconf 2.69.  Invocation command line was

  $ ./configure 

## --------- ##
## Platform. ##
## --------- ##

hostname = dongjunjie-OptiPlex-9020
uname -m = x86_64
uname -r = 4.4.0-93-generic
uname -s = Linux
uname -v = #116-Ubuntu SMP Fri Aug 11 21:17:51 UTC 2017

/usr/bin/uname -p = unknown
/bin/uname -X     = unknown

/bin/arch              = unknown
/usr/bin/arch -k       = unknown
/usr/convex/getsysinfo = unknown
/usr/bin/hostinfo      = unknown
/bin/machine           = unknown
/usr/bin/oslevel       = unknown
/bin/universe          = unknown

PATH: /home/dongjunjie/bin
PATH: /home/dongjunjie/adt-bundle-linux-x86_64-20131030/sdk/platform-tools
PATH: /home/dongjunjie/adt-bundle-linux-x86_64-20131030/sdk/tools
PATH: /home/dongjunjie/adt-bundle-linux-x86_64-20131030/sdk/build-tools/android-4.4
PATH: /home/dongjunjie/idea-IC-133.696/bin
PATH: /home/dongjunjie/adt-bundle-linux-x86_64-20131030/android-ndk-r10d
PATH: /usr/local/sbin
PATH: /usr/local/bin
PATH: /usr/sbin
PATH: /usr/bin
PATH: /sbin
PATH: /bin
PATH: /usr/games
PATH: /usr/local/games
PATH: /snap/bin
PATH: /home/dongjunjie/mytools/mix/bin
PATH: /opt/node-v6.11.1-linux-x64/bin
PATH: /home/dongjunjie/mytools


## ----------- ##
## Core tests. ##
## ----------- ##

configure:2639: checking build system type
configure:2653: result: x86_64-pc-linux-gnu
configure:2673: checking host system type
configure:2686: result: x86_64-pc-linux-gnu
configure:2706: checking target system type
configure:2719: result: x86_64-pc-linux-gnu
configure:2799: checking for gcc
configure:2826: result: gcc -m32
configure:3055: checking for C compiler version
configure:3064: gcc -m32 --version >&5
gcc (Ubuntu 5.4.0-6ubuntu1~16.04.4) 5.4.0 20160609
Copyright (C) 2015 Free Software Foundation, Inc.
This is free software; see the source for copying conditions.  There is NO
warranty; not even for MERCHANTABILITY or FITNESS FOR A PARTICULAR PURPOSE.

configure:3075: $? = 0
configure:3064: gcc -m32 -v >&5
Using built-in specs.
COLLECT_GCC=gcc
COLLECT_LTO_WRAPPER=/usr/lib/gcc/x86_64-linux-gnu/5/lto-wrapper
Target: x86_64-linux-gnu
Configured with: ../src/configure -v --with-pkgversion='Ubuntu 5.4.0-6ubuntu1~16.04.4' --with-bugurl=file:///usr/share/doc/gcc-5/README.Bugs --enable-languages=c,ada,c++,java,go,d,fortran,objc,obj-c++ --prefix=/usr --program-suffix=-5 --enable-shared --enable-linker-build-id --libexecdir=/usr/lib --without-included-gettext --enable-threads=posix --libdir=/usr/lib --enable-nls --with-sysroot=/ --enable-clocale=gnu --enable-libstdcxx-debug --enable-libstdcxx-time=yes --with-default-libstdcxx-abi=new --enable-gnu-unique-object --disable-vtable-verify --enable-libmpx --enable-plugin --with-system-zlib --disable-browser-plugin --enable-java-awt=gtk --enable-gtk-cairo --with-java-home=/usr/lib/jvm/java-1.5.0-gcj-5-amd64/jre --enable-java-home --with-jvm-root-dir=/usr/lib/jvm/java-1.5.0-gcj-5-amd64 --with-jvm-jar-dir=/usr/lib/jvm-exports/java-1.5.0-gcj-5-amd64 --with-arch-directory=amd64 --with-ecj-jar=/usr/share/java/eclipse-ecj.jar --enable-objc-gc --enable-multiarch --disable-werror --with-arch-32=i686 --with-abi=m64 --with-multilib-list=m32,m64,mx32 --enable-multilib --with-tune=generic --enable-checking=release --build=x86_64-linux-gnu --host=x86_64-linux-gnu --target=x86_64-linux-gnu
Thread model: posix
gcc version 5.4.0 20160609 (Ubuntu 5.4.0-6ubuntu1~16.04.4) 
configure:3075: $? = 0
configure:3064: gcc -m32 -V >&5
gcc: error: unrecognized command line option '-V'
gcc: fatal error: no input files
compilation terminated.
configure:3075: $? = 1
configure:3064: gcc -m32 -qversion >&5
gcc: error: unrecognized command line option '-qversion'
gcc: fatal error: no input files
compilation terminated.
configure:3075: $? = 1
configure:3095: checking whether the C compiler works
configure:3117: gcc -m32    conftest.c  >&5
configure:3121: $? = 0
configure:3169: result: yes
configure:3172: checking for C compiler default output file name
configure:3174: result: a.out
configure:3180: checking for suffix of executables
configure:3187: gcc -m32 -o conftest    conftest.c  >&5
configure:3191: $? = 0
configure:3213: result: 
configure:3235: checking whether we are cross compiling
configure:3243: gcc -m32 -o conftest    conftest.c  >&5
configure:3247: $? = 0
configure:3254: ./conftest
configure:3258: $? = 0
configure:3273: result: no
configure:3278: checking for suffix of object files
configure:3300: gcc -m32 -c   conftest.c >&5
configure:3304: $? = 0
configure:3325: result: o
configure:3329: checking whether we are using the GNU C compiler
configure:3348: gcc -m32 -c   conftest.c >&5
configure:3348: $? = 0
configure:3357: result: yes
configure:3366: checking whether gcc -m32 accepts -g
configure:3386: gcc -m32 -c -g  conftest.c >&5
configure:3386: $? = 0
configure:3427: result: yes
configure:3444: checking for gcc -m32 option to accept ISO C89
configure:3507: gcc -m32  -c -g -O2  conftest.c >&5
configure:3507: $? = 0
configure:3520: result: none needed
configure:3545: checking whether gcc -m32 understands -c and -o together
configure:3567: gcc -m32 -c conftest.c -o conftest2.o
configure:3570: $? = 0
configure:3567: gcc -m32 -c conftest.c -o conftest2.o
configure:3570: $? = 0
configure:3582: result: yes
configure:3621: checking for ld used by GCC
configure:3684: result: /usr/bin/ld
configure:3691: checking if the linker (/usr/bin/ld) is GNU ld
GNU ld (GNU Binutils for Ubuntu) 2.26.1
configure:3703: result: yes
configure:3751: checking for ranlib
configure:3767: found /usr/bin/ranlib
configure:3778: result: ranlib
configure:3866: checking for /usr/bin/ld option to reload object files
configure:3873: result: -r
configure:3878: checking for BSD-compatible nm
configure:3914: result: /usr/bin/nm -B
configure:3917: checking for a sed that does not truncate output
configure:3999: result: /bin/sed
configure:4002: checking whether ln -s works
configure:4006: result: yes
configure:4013: checking how to recognise dependent libraries
configure:4194: result: pass_all
configure:4207: checking command to parse /usr/bin/nm -B output
configure:4291: gcc -m32 -c -g -O2  conftest.c >&5
configure:4294: $? = 0
configure:4298: /usr/bin/nm -B conftest.o \| sed -n -e 's/^.*[ 	]\([ABCDGISTW][ABCDGISTW]*\)[ 	][ 	]*\(\)\([_A-Za-z][_A-Za-z0-9]*\)$/\1 \2\3 \3/p' \> conftest.nm
configure:4301: $? = 0
configure:4353: gcc -m32 -o conftest -g -O2   conftest.c conftstm.o >&5
configure:4356: $? = 0
configure:4400: result: ok
configure:4409: checking how to run the C preprocessor
configure:4440: gcc -m32 -E  conftest.c
configure:4440: $? = 0
configure:4454: gcc -m32 -E  conftest.c
conftest.c:14:28: fatal error: ac_nonexistent.h: No such file or directory
compilation terminated.
configure:4454: $? = 1
configure: failed program was:
| /* confdefs.h */
| #define PACKAGE_NAME "libmgncs"
| #define PACKAGE_TARNAME "libmgncs"
| #define PACKAGE_VERSION "1.0.6"
| #define PACKAGE_STRING "libmgncs 1.0.6"
| #define PACKAGE_BUGREPORT ""
| #define PACKAGE_URL ""
| #define MGNCS_MAJOR_VERSION 1
| #define MGNCS_MINOR_VERSION 0
| #define MGNCS_MICRO_VERSION 8
| #define MGNCS_INTERFACE_AGE 0
| #define MGNCS_BINARY_AGE 0
| /* end confdefs.h.  */
| #include <ac_nonexistent.h>
configure:4479: result: gcc -m32 -E
configure:4499: gcc -m32 -E  conftest.c
configure:4499: $? = 0
configure:4513: gcc -m32 -E  conftest.c
conftest.c:14:28: fatal error: ac_nonexistent.h: No such file or directory
compilation terminated.
configure:4513: $? = 1
configure: failed program was:
| /* confdefs.h */
| #define PACKAGE_NAME "libmgncs"
| #define PACKAGE_TARNAME "libmgncs"
| #define PACKAGE_VERSION "1.0.6"
| #define PACKAGE_STRING "libmgncs 1.0.6"
| #define PACKAGE_BUGREPORT ""
| #define PACKAGE_URL ""
| #define MGNCS_MAJOR_VERSION 1
| #define MGNCS_MINOR_VERSION 0
| #define MGNCS_MICRO_VERSION 8
| #define MGNCS_INTERFACE_AGE 0
| #define MGNCS_BINARY_AGE 0
| /* end confdefs.h.  */
| #include <ac_nonexistent.h>
configure:4542: checking for grep that handles long lines and -e
configure:4600: result: /bin/grep
configure:4605: checking for egrep
configure:4667: result: /bin/grep -E
configure:4672: checking for ANSI C header files
configure:4692: gcc -m32 -c -g -O2  conftest.c >&5
configure:4692: $? = 0
configure:4765: gcc -m32 -o conftest -g -O2   conftest.c  >&5
configure:4765: $? = 0
configure:4765: ./conftest
configure:4765: $? = 0
configure:4776: result: yes
configure:4789: checking for sys/types.h
configure:4789: gcc -m32 -c -g -O2  conftest.c >&5
configure:4789: $? = 0
configure:4789: result: yes
configure:4789: checking for sys/stat.h
configure:4789: gcc -m32 -c -g -O2  conftest.c >&5
configure:4789: $? = 0
configure:4789: result: yes
configure:4789: checking for stdlib.h
configure:4789: gcc -m32 -c -g -O2  conftest.c >&5
configure:4789: $? = 0
configure:4789: result: yes
configure:4789: checking for string.h
configure:4789: gcc -m32 -c -g -O2  conftest.c >&5
configure:4789: $? = 0
configure:4789: result: yes
configure:4789: checking for memory.h
configure:4789: gcc -m32 -c -g -O2  conftest.c >&5
configure:4789: $? = 0
configure:4789: result: yes
configure:4789: checking for strings.h
configure:4789: gcc -m32 -c -g -O2  conftest.c >&5
configure:4789: $? = 0
configure:4789: result: yes
configure:4789: checking for inttypes.h
configure:4789: gcc -m32 -c -g -O2  conftest.c >&5
configure:4789: $? = 0
configure:4789: result: yes
configure:4789: checking for stdint.h
configure:4789: gcc -m32 -c -g -O2  conftest.c >&5
configure:4789: $? = 0
configure:4789: result: yes
configure:4789: checking for unistd.h
configure:4789: gcc -m32 -c -g -O2  conftest.c >&5
configure:4789: $? = 0
configure:4789: result: yes
configure:4803: checking dlfcn.h usability
configure:4803: gcc -m32 -c -g -O2  conftest.c >&5
configure:4803: $? = 0
configure:4803: result: yes
configure:4803: checking dlfcn.h presence
configure:4803: gcc -m32 -E  conftest.c
configure:4803: $? = 0
configure:4803: result: yes
configure:4803: checking for dlfcn.h
configure:4803: result: yes
configure:5000: checking for ranlib
configure:5027: result: ranlib
configure:5092: checking for strip
configure:5108: found /usr/bin/strip
configure:5119: result: strip
configure:5322: checking for objdir
configure:5333: result: .libs
configure:5354: checking for gcc option to produce PIC
configure:5500: result: -fPIC
configure:5504: checking if gcc PIC flag -fPIC works
configure:5522: gcc -m32 -c -g -O2 -fPIC -DPIC  conftest.c >&5
configure:5522: $? = 0
configure:5556: result: yes
configure:5576: checking if gcc static flag -static works
configure:5595: gcc -m32 -o conftest -g -O2   -static conftest.c  >&5
configure:5595: $? = 0
configure:5607: result: yes
configure:5623: checking if gcc supports -c -o file.o
configure:5643: gcc -m32 -c -g -O2 -o out/conftest2.o  conftest.c >&5
configure:5667: result: yes
configure:5672: checking if gcc supports -c -o file.lo
configure:5694: gcc -m32 -c -g -O2 -c -o conftest.lo  conftest.c >&5
configure:5694: $? = 0
configure:5711: result: yes
configure:5750: checking if gcc supports -fno-rtti -fno-exceptions
configure:5767: gcc -m32 -c -g -O2 -fno-rtti -fno-exceptions -c conftest.c  conftest.c >&5
cc1: warning: command line option '-fno-rtti' is valid for C++/ObjC++ but not for C
cc1: warning: command line option '-fno-rtti' is valid for C++/ObjC++ but not for C
configure:5767: $? = 0
configure:5779: result: no
configure:5794: checking whether the linker (/usr/bin/ld) supports shared libraries
configure:6489: result: yes
configure:6498: checking how to hardcode library paths into programs
configure:6522: result: immediate
configure:6531: checking whether stripping libraries is possible
configure:6536: result: yes
configure:6551: checking dynamic linker characteristics
configure:6812: gcc -m32 -c -g -O2  conftest.c >&5
configure:6815: $? = 0
configure:6982: result: GNU/Linux ld.so
configure:6991: checking if libtool supports shared libraries
configure:6993: result: yes
configure:7000: checking whether to build shared libraries
configure:7021: result: yes
configure:7028: checking whether to build static libraries
configure:7032: result: yes
configure:7496: checking whether -lc should be explicitly linked in
configure:7504: gcc -m32 -c -g -O2  conftest.c >&5
configure:7507: $? = 0
configure:7521: gcc -m32 -shared conftest.o  -v -Wl,-soname -Wl,conftest -o conftest 2\>\&1 \| grep  -lc  \>/dev/null 2\>\&1
configure:7524: $? = 0
configure:7537: result: no
configure:8130: checking for a BSD-compatible install
configure:8198: result: /usr/bin/install -c
configure:8209: checking whether ln -s works
configure:8213: result: yes
configure:8220: checking whether make sets $(MAKE)
configure:8242: result: yes
configure:8254: checking whether build environment is sane
configure:8309: result: yes
configure:8457: checking for a thread-safe mkdir -p
configure:8496: result: /bin/mkdir -p
configure:8503: checking for gawk
configure:8533: result: no
configure:8503: checking for mawk
configure:8519: found /usr/bin/mawk
configure:8530: result: mawk
configure:8562: checking for style of include used by make
configure:8590: result: GNU
configure:8624: checking whether make supports nested variables
configure:8641: result: yes
configure:8718: checking dependency style of gcc -m32
configure:8829: result: gcc3
configure:8894: checking for dirent.h that defines DIR
configure:8913: gcc -m32 -c -g -O2  conftest.c >&5
configure:8913: $? = 0
configure:8921: result: yes
configure:8934: checking for library containing opendir
configure:8965: gcc -m32 -o conftest -g -O2   conftest.c  >&5
configure:8965: $? = 0
configure:8982: result: none required
configure:9049: checking for ANSI C header files
configure:9153: result: yes
configure:9161: checking for sys/wait.h that is POSIX.1 compatible
configure:9187: gcc -m32 -c -g -O2  conftest.c >&5
configure:9187: $? = 0
configure:9194: result: yes
configure:9205: checking fcntl.h usability
configure:9205: gcc -m32 -c -g -O2  conftest.c >&5
configure:9205: $? = 0
configure:9205: result: yes
configure:9205: checking fcntl.h presence
configure:9205: gcc -m32 -E  conftest.c
configure:9205: $? = 0
configure:9205: result: yes
configure:9205: checking for fcntl.h
configure:9205: result: yes
configure:9205: checking for stdlib.h
configure:9205: result: yes
configure:9205: checking for string.h
configure:9205: result: yes
configure:9205: checking sys/ioctl.h usability
configure:9205: gcc -m32 -c -g -O2  conftest.c >&5
configure:9205: $? = 0
configure:9205: result: yes
configure:9205: checking sys/ioctl.h presence
configure:9205: gcc -m32 -E  conftest.c
configure:9205: $? = 0
configure:9205: result: yes
configure:9205: checking for sys/ioctl.h
configure:9205: result: yes
configure:9205: checking sys/time.h usability
configure:9205: gcc -m32 -c -g -O2  conftest.c >&5
configure:9205: $? = 0
configure:9205: result: yes
configure:9205: checking sys/time.h presence
configure:9205: gcc -m32 -E  conftest.c
configure:9205: $? = 0
configure:9205: result: yes
configure:9205: checking for sys/time.h
configure:9205: result: yes
configure:9205: checking termio.h usability
configure:9205: gcc -m32 -c -g -O2  conftest.c >&5
configure:9205: $? = 0
configure:9205: result: yes
configure:9205: checking termio.h presence
configure:9205: gcc -m32 -E  conftest.c
configure:9205: $? = 0
configure:9205: result: yes
configure:9205: checking for termio.h
configure:9205: result: yes
configure:9205: checking termios.h usability
configure:9205: gcc -m32 -c -g -O2  conftest.c >&5
configure:9205: $? = 0
configure:9205: result: yes
configure:9205: checking termios.h presence
configure:9205: gcc -m32 -E  conftest.c
configure:9205: $? = 0
configure:9205: result: yes
configure:9205: checking for termios.h
configure:9205: result: yes
configure:9205: checking for unistd.h
configure:9205: result: yes
configure:9217: checking for stdbool.h that conforms to C99
configure:9284: gcc -m32 -c -g -O2  conftest.c >&5
configure:9284: $? = 0
configure:9291: result: yes
configure:9293: checking for _Bool
configure:9293: gcc -m32 -c -g -O2  conftest.c >&5
configure:9293: $? = 0
configure:9293: gcc -m32 -c -g -O2  conftest.c >&5
conftest.c: In function 'main':
conftest.c:72:20: error: expected expression before ')' token
 if (sizeof ((_Bool)))
                    ^
configure:9293: $? = 1
configure: failed program was:
| /* confdefs.h */
| #define PACKAGE_NAME "libmgncs"
| #define PACKAGE_TARNAME "libmgncs"
| #define PACKAGE_VERSION "1.0.6"
| #define PACKAGE_STRING "libmgncs 1.0.6"
| #define PACKAGE_BUGREPORT ""
| #define PACKAGE_URL ""
| #define MGNCS_MAJOR_VERSION 1
| #define MGNCS_MINOR_VERSION 0
| #define MGNCS_MICRO_VERSION 8
| #define MGNCS_INTERFACE_AGE 0
| #define MGNCS_BINARY_AGE 0
| #define STDC_HEADERS 1
| #define HAVE_SYS_TYPES_H 1
| #define HAVE_SYS_STAT_H 1
| #define HAVE_STDLIB_H 1
| #define HAVE_STRING_H 1
| #define HAVE_MEMORY_H 1
| #define HAVE_STRINGS_H 1
| #define HAVE_INTTYPES_H 1
| #define HAVE_STDINT_H 1
| #define HAVE_UNISTD_H 1
| #define HAVE_DLFCN_H 1
| #define HAVE_DIRENT_H 1
| #define STDC_HEADERS 1
| #define HAVE_SYS_WAIT_H 1
| #define HAVE_FCNTL_H 1
| #define HAVE_STDLIB_H 1
| #define HAVE_STRING_H 1
| #define HAVE_SYS_IOCTL_H 1
| #define HAVE_SYS_TIME_H 1
| #define HAVE_TERMIO_H 1
| #define HAVE_TERMIOS_H 1
| #define HAVE_UNISTD_H 1
| /* end confdefs.h.  */
| #include <stdio.h>
| #ifdef HAVE_SYS_TYPES_H
| # include <sys/types.h>
| #endif
| #ifdef HAVE_SYS_STAT_H
| # include <sys/stat.h>
| #endif
| #ifdef STDC_HEADERS
| # include <stdlib.h>
| # include <stddef.h>
| #else
| # ifdef HAVE_STDLIB_H
| #  include <stdlib.h>
| # endif
| #endif
| #ifdef HAVE_STRING_H
| # if !defined STDC_HEADERS && defined HAVE_MEMORY_H
| #  include <memory.h>
| # endif
| # include <string.h>
| #endif
| #ifdef HAVE_STRINGS_H
| # include <strings.h>
| #endif
| #ifdef HAVE_INTTYPES_H
| # include <inttypes.h>
| #endif
| #ifdef HAVE_STDINT_H
| # include <stdint.h>
| #endif
| #ifdef HAVE_UNISTD_H
| # include <unistd.h>
| #endif
| int
| main ()
| {
| if (sizeof ((_Bool)))
| 	    return 0;
|   ;
|   return 0;
| }
configure:9293: result: yes
configure:9310: checking for an ANSI C-conforming const
configure:9376: gcc -m32 -c -g -O2  conftest.c >&5
configure:9376: $? = 0
configure:9383: result: yes
configure:9391: checking for inline
configure:9407: gcc -m32 -c -g -O2  conftest.c >&5
configure:9407: $? = 0
configure:9415: result: inline
configure:9433: checking for pid_t
configure:9433: gcc -m32 -c -g -O2  conftest.c >&5
configure:9433: $? = 0
configure:9433: gcc -m32 -c -g -O2  conftest.c >&5
conftest.c: In function 'main':
conftest.c:74:20: error: expected expression before ')' token
 if (sizeof ((pid_t)))
                    ^
configure:9433: $? = 1
configure: failed program was:
| /* confdefs.h */
| #define PACKAGE_NAME "libmgncs"
| #define PACKAGE_TARNAME "libmgncs"
| #define PACKAGE_VERSION "1.0.6"
| #define PACKAGE_STRING "libmgncs 1.0.6"
| #define PACKAGE_BUGREPORT ""
| #define PACKAGE_URL ""
| #define MGNCS_MAJOR_VERSION 1
| #define MGNCS_MINOR_VERSION 0
| #define MGNCS_MICRO_VERSION 8
| #define MGNCS_INTERFACE_AGE 0
| #define MGNCS_BINARY_AGE 0
| #define STDC_HEADERS 1
| #define HAVE_SYS_TYPES_H 1
| #define HAVE_SYS_STAT_H 1
| #define HAVE_STDLIB_H 1
| #define HAVE_STRING_H 1
| #define HAVE_MEMORY_H 1
| #define HAVE_STRINGS_H 1
| #define HAVE_INTTYPES_H 1
| #define HAVE_STDINT_H 1
| #define HAVE_UNISTD_H 1
| #define HAVE_DLFCN_H 1
| #define HAVE_DIRENT_H 1
| #define STDC_HEADERS 1
| #define HAVE_SYS_WAIT_H 1
| #define HAVE_FCNTL_H 1
| #define HAVE_STDLIB_H 1
| #define HAVE_STRING_H 1
| #define HAVE_SYS_IOCTL_H 1
| #define HAVE_SYS_TIME_H 1
| #define HAVE_TERMIO_H 1
| #define HAVE_TERMIOS_H 1
| #define HAVE_UNISTD_H 1
| #define HAVE__BOOL 1
| #define HAVE_STDBOOL_H 1
| /* end confdefs.h.  */
| #include <stdio.h>
| #ifdef HAVE_SYS_TYPES_H
| # include <sys/types.h>
| #endif
| #ifdef HAVE_SYS_STAT_H
| # include <sys/stat.h>
| #endif
| #ifdef STDC_HEADERS
| # include <stdlib.h>
| # include <stddef.h>
| #else
| # ifdef HAVE_STDLIB_H
| #  include <stdlib.h>
| # endif
| #endif
| #ifdef HAVE_STRING_H
| # if !defined STDC_HEADERS && defined HAVE_MEMORY_H
| #  include <memory.h>
| # endif
| # include <string.h>
| #endif
| #ifdef HAVE_STRINGS_H
| # include <strings.h>
| #endif
| #ifdef HAVE_INTTYPES_H
| # include <inttypes.h>
| #endif
| #ifdef HAVE_STDINT_H
| # include <stdint.h>
| #endif
| #ifdef HAVE_UNISTD_H
| # include <unistd.h>
| #endif
| int
| main ()
| {
| if (sizeof ((pid_t)))
| 	    return 0;
|   ;
|   return 0;
| }
configure:9433: result: yes
configure:9444: checking whether struct tm is in sys/time.h or time.h
configure:9464: gcc -m32 -c -g -O2  conftest.c >&5
configure:9464: $? = 0
configure:9471: result: time.h
configure:9481: checking whether closedir returns void
configure:9505: gcc -m32 -o conftest -g -O2   conftest.c  >&5
configure:9505: $? = 0
configure:9505: ./conftest
configure:9505: $? = 0
configure:9515: result: no
configure:9525: checking vfork.h usability
configure:9525: gcc -m32 -c -g -O2  conftest.c >&5
conftest.c:71:19: fatal error: vfork.h: No such file or directory
compilation terminated.
configure:9525: $? = 1
configure: failed program was:
| /* confdefs.h */
| #define PACKAGE_NAME "libmgncs"
| #define PACKAGE_TARNAME "libmgncs"
| #define PACKAGE_VERSION "1.0.6"
| #define PACKAGE_STRING "libmgncs 1.0.6"
| #define PACKAGE_BUGREPORT ""
| #define PACKAGE_URL ""
| #define MGNCS_MAJOR_VERSION 1
| #define MGNCS_MINOR_VERSION 0
| #define MGNCS_MICRO_VERSION 8
| #define MGNCS_INTERFACE_AGE 0
| #define MGNCS_BINARY_AGE 0
| #define STDC_HEADERS 1
| #define HAVE_SYS_TYPES_H 1
| #define HAVE_SYS_STAT_H 1
| #define HAVE_STDLIB_H 1
| #define HAVE_STRING_H 1
| #define HAVE_MEMORY_H 1
| #define HAVE_STRINGS_H 1
| #define HAVE_INTTYPES_H 1
| #define HAVE_STDINT_H 1
| #define HAVE_UNISTD_H 1
| #define HAVE_DLFCN_H 1
| #define HAVE_DIRENT_H 1
| #define STDC_HEADERS 1
| #define HAVE_SYS_WAIT_H 1
| #define HAVE_FCNTL_H 1
| #define HAVE_STDLIB_H 1
| #define HAVE_STRING_H 1
| #define HAVE_SYS_IOCTL_H 1
| #define HAVE_SYS_TIME_H 1
| #define HAVE_TERMIO_H 1
| #define HAVE_TERMIOS_H 1
| #define HAVE_UNISTD_H 1
| #define HAVE__BOOL 1
| #define HAVE_STDBOOL_H 1
| /* end confdefs.h.  */
| #include <stdio.h>
| #ifdef HAVE_SYS_TYPES_H
| # include <sys/types.h>
| #endif
| #ifdef HAVE_SYS_STAT_H
| # include <sys/stat.h>
| #endif
| #ifdef STDC_HEADERS
| # include <stdlib.h>
| # include <stddef.h>
| #else
| # ifdef HAVE_STDLIB_H
| #  include <stdlib.h>
| # endif
| #endif
| #ifdef HAVE_STRING_H
| # if !defined STDC_HEADERS && defined HAVE_MEMORY_H
| #  include <memory.h>
| # endif
| # include <string.h>
| #endif
| #ifdef HAVE_STRINGS_H
| # include <strings.h>
| #endif
| #ifdef HAVE_INTTYPES_H
| # include <inttypes.h>
| #endif
| #ifdef HAVE_STDINT_H
| # include <stdint.h>
| #endif
| #ifdef HAVE_UNISTD_H
| # include <unistd.h>
| #endif
| #include <vfork.h>
configure:9525: result: no
configure:9525: checking vfork.h presence
configure:9525: gcc -m32 -E  conftest.c
conftest.c:38:19: fatal error: vfork.h: No such file or directory
compilation terminated.
configure:9525: $? = 1
configure: failed program was:
| /* confdefs.h */
| #define PACKAGE_NAME "libmgncs"
| #define PACKAGE_TARNAME "libmgncs"
| #define PACKAGE_VERSION "1.0.6"
| #define PACKAGE_STRING "libmgncs 1.0.6"
| #define PACKAGE_BUGREPORT ""
| #define PACKAGE_URL ""
| #define MGNCS_MAJOR_VERSION 1
| #define MGNCS_MINOR_VERSION 0
| #define MGNCS_MICRO_VERSION 8
| #define MGNCS_INTERFACE_AGE 0
| #define MGNCS_BINARY_AGE 0
| #define STDC_HEADERS 1
| #define HAVE_SYS_TYPES_H 1
| #define HAVE_SYS_STAT_H 1
| #define HAVE_STDLIB_H 1
| #define HAVE_STRING_H 1
| #define HAVE_MEMORY_H 1
| #define HAVE_STRINGS_H 1
| #define HAVE_INTTYPES_H 1
| #define HAVE_STDINT_H 1
| #define HAVE_UNISTD_H 1
| #define HAVE_DLFCN_H 1
| #define HAVE_DIRENT_H 1
| #define STDC_HEADERS 1
| #define HAVE_SYS_WAIT_H 1
| #define HAVE_FCNTL_H 1
| #define HAVE_STDLIB_H 1
| #define HAVE_STRING_H 1
| #define HAVE_SYS_IOCTL_H 1
| #define HAVE_SYS_TIME_H 1
| #define HAVE_TERMIO_H 1
| #define HAVE_TERMIOS_H 1
| #define HAVE_UNISTD_H 1
| #define HAVE__BOOL 1
| #define HAVE_STDBOOL_H 1
| /* end confdefs.h.  */
| #include <vfork.h>
configure:9525: result: no
configure:9525: checking for vfork.h
configure:9525: result: no
configure:9538: checking for fork
configure:9538: gcc -m32 -o conftest -g -O2   conftest.c  >&5
conftest.c:61:6: warning: conflicting types for built-in function 'fork'
 char fork ();
      ^
configure:9538: $? = 0
configure:9538: result: yes
configure:9538: checking for vfork
configure:9538: gcc -m32 -o conftest -g -O2   conftest.c  >&5
configure:9538: $? = 0
configure:9538: result: yes
configure:9548: checking for working fork
configure:9570: gcc -m32 -o conftest -g -O2   conftest.c  >&5
configure:9570: $? = 0
configure:9570: ./conftest
configure:9570: $? = 0
configure:9580: result: yes
configure:9601: checking for working vfork
configure:9711: result: yes
configure:9737: checking whether gcc -m32 needs -traditional
configure:9771: result: no
configure:9779: checking whether lstat correctly handles trailing slash
configure:9805: gcc -m32 -o conftest -g -O2   conftest.c  >&5
configure:9805: $? = 0
configure:9805: ./conftest
configure:9805: $? = 0
configure:9822: result: yes
configure:9841: checking whether stat accepts an empty string
configure:9861: gcc -m32 -o conftest -g -O2   conftest.c  >&5
configure:9861: $? = 0
configure:9861: ./conftest
configure:9861: $? = 0
configure:9871: result: no
configure:9889: checking for vprintf
configure:9889: gcc -m32 -o conftest -g -O2   conftest.c  >&5
conftest.c:66:6: warning: conflicting types for built-in function 'vprintf'
 char vprintf ();
      ^
configure:9889: $? = 0
configure:9889: result: yes
configure:9895: checking for _doprnt
configure:9895: gcc -m32 -o conftest -g -O2   conftest.c  >&5
/tmp/cc1XNwJB.o: In function `main':
/home/dongjunjie/project/minigui/mgncs/branches/rel-1-0/conftest.c:78: undefined reference to `_doprnt'
collect2: error: ld returned 1 exit status
configure:9895: $? = 1
configure: failed program was:
| /* confdefs.h */
| #define PACKAGE_NAME "libmgncs"
| #define PACKAGE_TARNAME "libmgncs"
| #define PACKAGE_VERSION "1.0.6"
| #define PACKAGE_STRING "libmgncs 1.0.6"
| #define PACKAGE_BUGREPORT ""
| #define PACKAGE_URL ""
| #define MGNCS_MAJOR_VERSION 1
| #define MGNCS_MINOR_VERSION 0
| #define MGNCS_MICRO_VERSION 8
| #define MGNCS_INTERFACE_AGE 0
| #define MGNCS_BINARY_AGE 0
| #define STDC_HEADERS 1
| #define HAVE_SYS_TYPES_H 1
| #define HAVE_SYS_STAT_H 1
| #define HAVE_STDLIB_H 1
| #define HAVE_STRING_H 1
| #define HAVE_MEMORY_H 1
| #define HAVE_STRINGS_H 1
| #define HAVE_INTTYPES_H 1
| #define HAVE_STDINT_H 1
| #define HAVE_UNISTD_H 1
| #define HAVE_DLFCN_H 1
| #define HAVE_DIRENT_H 1
| #define STDC_HEADERS 1
| #define HAVE_SYS_WAIT_H 1
| #define HAVE_FCNTL_H 1
| #define HAVE_STDLIB_H 1
| #define HAVE_STRING_H 1
| #define HAVE_SYS_IOCTL_H 1
| #define HAVE_SYS_TIME_H 1
| #define HAVE_TERMIO_H 1
| #define HAVE_TERMIOS_H 1
| #define HAVE_UNISTD_H 1
| #define HAVE__BOOL 1
| #define HAVE_STDBOOL_H 1
| #define HAVE_FORK 1
| #define HAVE_VFORK 1
| #define HAVE_WORKING_VFORK 1
| #define HAVE_WORKING_FORK 1
| #define LSTAT_FOLLOWS_SLASHED_SYMLINK 1
| #define HAVE_VPRINTF 1
| /* end confdefs.h.  */
| /* Define _doprnt to an innocuous variant, in case <limits.h> declares _doprnt.
|    For example, HP-UX 11i <limits.h> declares gettimeofday.  */
| #define _doprnt innocuous__doprnt
| 
| /* System header to define __stub macros and hopefully few prototypes,
|     which can conflict with char _doprnt (); below.
|     Prefer <limits.h> to <assert.h> if __STDC__ is defined, since
|     <limits.h> exists even on freestanding compilers.  */
| 
| #ifdef __STDC__
| # include <limits.h>
| #else
| # include <assert.h>
| #endif
| 
| #undef _doprnt
| 
| /* Override any GCC internal prototype to avoid an error.
|    Use char because int might match the return type of a GCC
|    builtin and then its argument prototype would still apply.  */
| #ifdef __cplusplus
| extern "C"
| #endif
| char _doprnt ();
| /* The GNU C library defines this for functions which it implements
|     to always fail with ENOSYS.  Some functions are actually named
|     something starting with __ and the normal name is an alias.  */
| #if defined __stub__doprnt || defined __stub____doprnt
| choke me
| #endif
| 
| int
| main ()
| {
| return _doprnt ();
|   ;
|   return 0;
| }
configure:9895: result: no
configure:9906: checking for size_t
configure:9906: gcc -m32 -c -g -O2  conftest.c >&5
configure:9906: $? = 0
configure:9906: gcc -m32 -c -g -O2  conftest.c >&5
conftest.c: In function 'main':
conftest.c:80:21: error: expected expression before ')' token
 if (sizeof ((size_t)))
                     ^
configure:9906: $? = 1
configure: failed program was:
| /* confdefs.h */
| #define PACKAGE_NAME "libmgncs"
| #define PACKAGE_TARNAME "libmgncs"
| #define PACKAGE_VERSION "1.0.6"
| #define PACKAGE_STRING "libmgncs 1.0.6"
| #define PACKAGE_BUGREPORT ""
| #define PACKAGE_URL ""
| #define MGNCS_MAJOR_VERSION 1
| #define MGNCS_MINOR_VERSION 0
| #define MGNCS_MICRO_VERSION 8
| #define MGNCS_INTERFACE_AGE 0
| #define MGNCS_BINARY_AGE 0
| #define STDC_HEADERS 1
| #define HAVE_SYS_TYPES_H 1
| #define HAVE_SYS_STAT_H 1
| #define HAVE_STDLIB_H 1
| #define HAVE_STRING_H 1
| #define HAVE_MEMORY_H 1
| #define HAVE_STRINGS_H 1
| #define HAVE_INTTYPES_H 1
| #define HAVE_STDINT_H 1
| #define HAVE_UNISTD_H 1
| #define HAVE_DLFCN_H 1
| #define HAVE_DIRENT_H 1
| #define STDC_HEADERS 1
| #define HAVE_SYS_WAIT_H 1
| #define HAVE_FCNTL_H 1
| #define HAVE_STDLIB_H 1
| #define HAVE_STRING_H 1
| #define HAVE_SYS_IOCTL_H 1
| #define HAVE_SYS_TIME_H 1
| #define HAVE_TERMIO_H 1
| #define HAVE_TERMIOS_H 1
| #define HAVE_UNISTD_H 1
| #define HAVE__BOOL 1
| #define HAVE_STDBOOL_H 1
| #define HAVE_FORK 1
| #define HAVE_VFORK 1
| #define HAVE_WORKING_VFORK 1
| #define HAVE_WORKING_FORK 1
| #define LSTAT_FOLLOWS_SLASHED_SYMLINK 1
| #define HAVE_VPRINTF 1
| /* end confdefs.h.  */
| #include <stdio.h>
| #ifdef HAVE_SYS_TYPES_H
| # include <sys/types.h>
| #endif
| #ifdef HAVE_SYS_STAT_H
| # include <sys/stat.h>
| #endif
| #ifdef STDC_HEADERS
| # include <stdlib.h>
| # include <stddef.h>
| #else
| # ifdef HAVE_STDLIB_H
| #  include <stdlib.h>
| # endif
| #endif
| #ifdef HAVE_STRING_H
| # if !defined STDC_HEADERS && defined HAVE_MEMORY_H
| #  include <memory.h>
| # endif
| # include <string.h>
| #endif
| #ifdef HAVE_STRINGS_H
| # include <strings.h>
| #endif
| #ifdef HAVE_INTTYPES_H
| # include <inttypes.h>
| #endif
| #ifdef HAVE_STDINT_H
| # include <stdint.h>
| #endif
| #ifdef HAVE_UNISTD_H
| # include <unistd.h>
| #endif
| int
| main ()
| {
| if (sizeof ((size_t)))
| 	    return 0;
|   ;
|   return 0;
| }
configure:9906: result: yes
configure:9919: checking for working alloca.h
configure:9936: gcc -m32 -o conftest -g -O2   conftest.c  >&5
configure:9936: $? = 0
configure:9944: result: yes
configure:9952: checking for alloca
configure:9989: gcc -m32 -o conftest -g -O2   conftest.c  >&5
configure:9989: $? = 0
configure:9997: result: yes
configure:10106: checking for bzero
configure:10106: gcc -m32 -o conftest -g -O2   conftest.c  >&5
conftest.c:69:6: warning: conflicting types for built-in function 'bzero'
 char bzero ();
      ^
configure:10106: $? = 0
configure:10106: result: yes
configure:10106: checking for dup2
configure:10106: gcc -m32 -o conftest -g -O2   conftest.c  >&5
configure:10106: $? = 0
configure:10106: result: yes
configure:10106: checking for getcwd
configure:10106: gcc -m32 -o conftest -g -O2   conftest.c  >&5
configure:10106: $? = 0
configure:10106: result: yes
configure:10106: checking for memmove
configure:10106: gcc -m32 -o conftest -g -O2   conftest.c  >&5
conftest.c:72:6: warning: conflicting types for built-in function 'memmove'
 char memmove ();
      ^
configure:10106: $? = 0
configure:10106: result: yes
configure:10106: checking for memset
configure:10106: gcc -m32 -o conftest -g -O2   conftest.c  >&5
conftest.c:73:6: warning: conflicting types for built-in function 'memset'
 char memset ();
      ^
configure:10106: $? = 0
configure:10106: result: yes
configure:10106: checking for putenv
configure:10106: gcc -m32 -o conftest -g -O2   conftest.c  >&5
configure:10106: $? = 0
configure:10106: result: yes
configure:10106: checking for strchr
configure:10106: gcc -m32 -o conftest -g -O2   conftest.c  >&5
conftest.c:75:6: warning: conflicting types for built-in function 'strchr'
 char strchr ();
      ^
configure:10106: $? = 0
configure:10106: result: yes
configure:10106: checking for strdup
configure:10106: gcc -m32 -o conftest -g -O2   conftest.c  >&5
conftest.c:76:6: warning: conflicting types for built-in function 'strdup'
 char strdup ();
      ^
configure:10106: $? = 0
configure:10106: result: yes
configure:10106: checking for strerror
configure:10106: gcc -m32 -o conftest -g -O2   conftest.c  >&5
configure:10106: $? = 0
configure:10106: result: yes
configure:10106: checking for strstr
configure:10106: gcc -m32 -o conftest -g -O2   conftest.c  >&5
conftest.c:78:6: warning: conflicting types for built-in function 'strstr'
 char strstr ();
      ^
configure:10106: $? = 0
configure:10106: result: yes
configure:10106: checking for strndup
configure:10106: gcc -m32 -o conftest -g -O2   conftest.c  >&5
conftest.c:79:6: warning: conflicting types for built-in function 'strndup'
 char strndup ();
      ^
configure:10106: $? = 0
configure:10106: result: yes
configure:10106: checking for ftruncate
configure:10106: gcc -m32 -o conftest -g -O2   conftest.c  >&5
configure:10106: $? = 0
configure:10106: result: yes
configure:10106: checking for mmap
configure:10106: gcc -m32 -o conftest -g -O2   conftest.c  >&5
configure:10106: $? = 0
configure:10106: result: yes
configure:10848: checking minigui/common.h usability
configure:10848: gcc -m32 -c -g -O2  conftest.c >&5
configure:10848: $? = 0
configure:10848: result: yes
configure:10848: checking minigui/common.h presence
configure:10848: gcc -m32 -E  conftest.c
configure:10848: $? = 0
configure:10848: result: yes
configure:10848: checking for minigui/common.h
configure:10848: result: yes
configure:10862: checking whether _MGRM_THREADS is declared
configure:10862: gcc -m32 -c -g -O2  conftest.c >&5
configure:10862: $? = 0
configure:10862: result: yes
configure:10881: checking whether _MGRM_PROCESSES is declared
configure:10881: gcc -m32 -c -g -O2  conftest.c >&5
conftest.c: In function 'main':
conftest.c:134:10: error: '_MGRM_PROCESSES' undeclared (first use in this function)
   (void) _MGRM_PROCESSES;
          ^
conftest.c:134:10: note: each undeclared identifier is reported only once for each function it appears in
configure:10881: $? = 1
configure: failed program was:
| /* confdefs.h */
| #define PACKAGE_NAME "libmgncs"
| #define PACKAGE_TARNAME "libmgncs"
| #define PACKAGE_VERSION "1.0.6"
| #define PACKAGE_STRING "libmgncs 1.0.6"
| #define PACKAGE_BUGREPORT ""
| #define PACKAGE_URL ""
| #define MGNCS_MAJOR_VERSION 1
| #define MGNCS_MINOR_VERSION 0
| #define MGNCS_MICRO_VERSION 8
| #define MGNCS_INTERFACE_AGE 0
| #define MGNCS_BINARY_AGE 0
| #define STDC_HEADERS 1
| #define HAVE_SYS_TYPES_H 1
| #define HAVE_SYS_STAT_H 1
| #define HAVE_STDLIB_H 1
| #define HAVE_STRING_H 1
| #define HAVE_MEMORY_H 1
| #define HAVE_STRINGS_H 1
| #define HAVE_INTTYPES_H 1
| #define HAVE_STDINT_H 1
| #define HAVE_UNISTD_H 1
| #define HAVE_DLFCN_H 1
| #define HAVE_DIRENT_H 1
| #define STDC_HEADERS 1
| #define HAVE_SYS_WAIT_H 1
| #define HAVE_FCNTL_H 1
| #define HAVE_STDLIB_H 1
| #define HAVE_STRING_H 1
| #define HAVE_SYS_IOCTL_H 1
| #define HAVE_SYS_TIME_H 1
| #define HAVE_TERMIO_H 1
| #define HAVE_TERMIOS_H 1
| #define HAVE_UNISTD_H 1
| #define HAVE__BOOL 1
| #define HAVE_STDBOOL_H 1
| #define HAVE_FORK 1
| #define HAVE_VFORK 1
| #define HAVE_WORKING_VFORK 1
| #define HAVE_WORKING_FORK 1
| #define LSTAT_FOLLOWS_SLASHED_SYMLINK 1
| #define HAVE_VPRINTF 1
| #define HAVE_ALLOCA_H 1
| #define HAVE_ALLOCA 1
| #define HAVE_BZERO 1
| #define HAVE_DUP2 1
| #define HAVE_GETCWD 1
| #define HAVE_MEMMOVE 1
| #define HAVE_MEMSET 1
| #define HAVE_PUTENV 1
| #define HAVE_STRCHR 1
| #define HAVE_STRDUP 1
| #define HAVE_STRERROR 1
| #define HAVE_STRSTR 1
| #define HAVE_STRNDUP 1
| #define HAVE_FTRUNCATE 1
| #define HAVE_MMAP 1
| #define _MGNCS_RDR_SKIN 1
| #define _MGNCS_RDR_FASHION 1
| #define _MGNCS_RDR_FLAT 1
| #define _MGNCS_CLASS_SUFFIX "_"
| #define _MGNCS_USE_DBEDIT 1
| #define _MGNCSCTRL_TEXTEDITOR 1
| #define _MGNCSDB_DATASOURCE 1
| #define _MGNCSDB_DATASOURCE 1
| #define _MGNCSDB_STATIC 1
| #define _MGNCSDB_DATASOURCE 1
| #define _MGNCSDB_TEXT 1
| #define _MGNCSDB_DATASOURCE 1
| #define _MGNCSDB_INI 1
| #define _MGNCSCTRL_ANIMATE 1
| #define _MGNCSCTRL_COLORBUTTON 1
| #define _MGNCSCTRL_CONTAINER 1
| #define _MGNCSCTRL_CONTAINER 1
| #define _MGNCSCTRL_PAGE 1
| #define _MGNCSCTRL_CONTAINER 1
| #define _MGNCSCTRL_PAGE 1
| #define _MGNCSCTRL_PROPSHEET 1
| #define _MGNCSCTRL_LISTBOX 1
| #define _MGNCSCTRL_LISTBOX 1
| #define _MGNCSCTRL_COMBOBOX 1
| #define _MGNCSCTRL_DIALOGBOX 1
| #define _MGNCSCTRL_ICONVIEW 1
| #define _MGNCSCTRL_IMAGEBUTTON 1
| #define _MGNCSCTRL_LEDLABEL 1
| #define _MGNCSCTRL_LIST 1
| #define _MGNCSCTRL_LISTVIEW 1
| #define _MGNCSCTRL_MENUBUTTON 1
| #define _MGNCSCTRL_PROGRESSBAR 1
| #define _MGNCSCTRL_RECTANGLE 1
| #define _MGNCSCTRL_SPINNER 1
| #define _MGNCSCTRL_SPINNER 1
| #define _MGNCSCTRL_SPINBOX 1
| #define _MGNCSCTRL_SPINNER 1
| #define _MGNCSCTRL_SPINBOX 1
| #define _MGNCSCTRL_MONTHCALENDAR 1
| #define _MGNCSCTRL_SLIDER 1
| #define _MGNCSCTRL_SLIDER 1
| #define _MGNCSCTRL_SCROLLBAR 1
| #define _MGNCSCTRL_SLIDER 1
| #define _MGNCSCTRL_TRACKBAR 1
| #define _MGNCSCTRL_TOOLBAR 1
| #define _MGNCSENGINE_IME 1
| #define _MGNCSENGINE_IME 1
| #define _MGNCSCTRL_IMWORDSEL 1
| #define _MGNCSENGINE_IME 1
| #define _MGNCSENGINE_PINYIN 1
| #define _MGNCSENGINE_IME 1
| #define _MGNCSENGINE_DIGIT 1
| #define _MGNCSENGINE_IME 1
| #define _MGNCSENGINE_PTI 1
| #define _MGNCSENGINE_IME 1
| #define _MGNCSENGINE_DIGIT 1
| #define _MGNCSENGINE_PTI 1
| #define _MGNCSENGINE_DIGITPTI 1
| #define _MGNCSENGINE_IME 1
| #define _MGNCSENGINE_DIGIT 1
| #define _MGNCSENGINE_PINYIN 1
| #define _MGNCSENGINE_DIGITPY 1
| #define MGNCS_ETCFILENAME "mgncs.cfg"
| #define _MGNCS_LIBSUFFIX ""
| #define HAVE_MINIGUI_COMMON_H 1
| #define HAVE_DECL__MGRM_THREADS 1
| /* end confdefs.h.  */
| #include <minigui/common.h>
| 
| int
| main ()
| {
| #ifndef _MGRM_PROCESSES
| #ifdef __cplusplus
|   (void) _MGRM_PROCESSES;
| #else
|   (void) _MGRM_PROCESSES;
| #endif
| #endif
| 
|   ;
|   return 0;
| }
configure:10881: result: no
configure:10900: checking whether _MGRM_STANDALONE is declared
configure:10900: gcc -m32 -c -g -O2  conftest.c >&5
conftest.c: In function 'main':
conftest.c:135:10: error: '_MGRM_STANDALONE' undeclared (first use in this function)
   (void) _MGRM_STANDALONE;
          ^
conftest.c:135:10: note: each undeclared identifier is reported only once for each function it appears in
configure:10900: $? = 1
configure: failed program was:
| /* confdefs.h */
| #define PACKAGE_NAME "libmgncs"
| #define PACKAGE_TARNAME "libmgncs"
| #define PACKAGE_VERSION "1.0.6"
| #define PACKAGE_STRING "libmgncs 1.0.6"
| #define PACKAGE_BUGREPORT ""
| #define PACKAGE_URL ""
| #define MGNCS_MAJOR_VERSION 1
| #define MGNCS_MINOR_VERSION 0
| #define MGNCS_MICRO_VERSION 8
| #define MGNCS_INTERFACE_AGE 0
| #define MGNCS_BINARY_AGE 0
| #define STDC_HEADERS 1
| #define HAVE_SYS_TYPES_H 1
| #define HAVE_SYS_STAT_H 1
| #define HAVE_STDLIB_H 1
| #define HAVE_STRING_H 1
| #define HAVE_MEMORY_H 1
| #define HAVE_STRINGS_H 1
| #define HAVE_INTTYPES_H 1
| #define HAVE_STDINT_H 1
| #define HAVE_UNISTD_H 1
| #define HAVE_DLFCN_H 1
| #define HAVE_DIRENT_H 1
| #define STDC_HEADERS 1
| #define HAVE_SYS_WAIT_H 1
| #define HAVE_FCNTL_H 1
| #define HAVE_STDLIB_H 1
| #define HAVE_STRING_H 1
| #define HAVE_SYS_IOCTL_H 1
| #define HAVE_SYS_TIME_H 1
| #define HAVE_TERMIO_H 1
| #define HAVE_TERMIOS_H 1
| #define HAVE_UNISTD_H 1
| #define HAVE__BOOL 1
| #define HAVE_STDBOOL_H 1
| #define HAVE_FORK 1
| #define HAVE_VFORK 1
| #define HAVE_WORKING_VFORK 1
| #define HAVE_WORKING_FORK 1
| #define LSTAT_FOLLOWS_SLASHED_SYMLINK 1
| #define HAVE_VPRINTF 1
| #define HAVE_ALLOCA_H 1
| #define HAVE_ALLOCA 1
| #define HAVE_BZERO 1
| #define HAVE_DUP2 1
| #define HAVE_GETCWD 1
| #define HAVE_MEMMOVE 1
| #define HAVE_MEMSET 1
| #define HAVE_PUTENV 1
| #define HAVE_STRCHR 1
| #define HAVE_STRDUP 1
| #define HAVE_STRERROR 1
| #define HAVE_STRSTR 1
| #define HAVE_STRNDUP 1
| #define HAVE_FTRUNCATE 1
| #define HAVE_MMAP 1
| #define _MGNCS_RDR_SKIN 1
| #define _MGNCS_RDR_FASHION 1
| #define _MGNCS_RDR_FLAT 1
| #define _MGNCS_CLASS_SUFFIX "_"
| #define _MGNCS_USE_DBEDIT 1
| #define _MGNCSCTRL_TEXTEDITOR 1
| #define _MGNCSDB_DATASOURCE 1
| #define _MGNCSDB_DATASOURCE 1
| #define _MGNCSDB_STATIC 1
| #define _MGNCSDB_DATASOURCE 1
| #define _MGNCSDB_TEXT 1
| #define _MGNCSDB_DATASOURCE 1
| #define _MGNCSDB_INI 1
| #define _MGNCSCTRL_ANIMATE 1
| #define _MGNCSCTRL_COLORBUTTON 1
| #define _MGNCSCTRL_CONTAINER 1
| #define _MGNCSCTRL_CONTAINER 1
| #define _MGNCSCTRL_PAGE 1
| #define _MGNCSCTRL_CONTAINER 1
| #define _MGNCSCTRL_PAGE 1
| #define _MGNCSCTRL_PROPSHEET 1
| #define _MGNCSCTRL_LISTBOX 1
| #define _MGNCSCTRL_LISTBOX 1
| #define _MGNCSCTRL_COMBOBOX 1
| #define _MGNCSCTRL_DIALOGBOX 1
| #define _MGNCSCTRL_ICONVIEW 1
| #define _MGNCSCTRL_IMAGEBUTTON 1
| #define _MGNCSCTRL_LEDLABEL 1
| #define _MGNCSCTRL_LIST 1
| #define _MGNCSCTRL_LISTVIEW 1
| #define _MGNCSCTRL_MENUBUTTON 1
| #define _MGNCSCTRL_PROGRESSBAR 1
| #define _MGNCSCTRL_RECTANGLE 1
| #define _MGNCSCTRL_SPINNER 1
| #define _MGNCSCTRL_SPINNER 1
| #define _MGNCSCTRL_SPINBOX 1
| #define _MGNCSCTRL_SPINNER 1
| #define _MGNCSCTRL_SPINBOX 1
| #define _MGNCSCTRL_MONTHCALENDAR 1
| #define _MGNCSCTRL_SLIDER 1
| #define _MGNCSCTRL_SLIDER 1
| #define _MGNCSCTRL_SCROLLBAR 1
| #define _MGNCSCTRL_SLIDER 1
| #define _MGNCSCTRL_TRACKBAR 1
| #define _MGNCSCTRL_TOOLBAR 1
| #define _MGNCSENGINE_IME 1
| #define _MGNCSENGINE_IME 1
| #define _MGNCSCTRL_IMWORDSEL 1
| #define _MGNCSENGINE_IME 1
| #define _MGNCSENGINE_PINYIN 1
| #define _MGNCSENGINE_IME 1
| #define _MGNCSENGINE_DIGIT 1
| #define _MGNCSENGINE_IME 1
| #define _MGNCSENGINE_PTI 1
| #define _MGNCSENGINE_IME 1
| #define _MGNCSENGINE_DIGIT 1
| #define _MGNCSENGINE_PTI 1
| #define _MGNCSENGINE_DIGITPTI 1
| #define _MGNCSENGINE_IME 1
| #define _MGNCSENGINE_DIGIT 1
| #define _MGNCSENGINE_PINYIN 1
| #define _MGNCSENGINE_DIGITPY 1
| #define MGNCS_ETCFILENAME "mgncs.cfg"
| #define _MGNCS_LIBSUFFIX ""
| #define HAVE_MINIGUI_COMMON_H 1
| #define HAVE_DECL__MGRM_THREADS 1
| #define HAVE_DECL__MGRM_PROCESSES 0
| /* end confdefs.h.  */
| #include <minigui/common.h>
| 
| int
| main ()
| {
| #ifndef _MGRM_STANDALONE
| #ifdef __cplusplus
|   (void) _MGRM_STANDALONE;
| #else
|   (void) _MGRM_STANDALONE;
| #endif
| #endif
| 
|   ;
|   return 0;
| }
configure:10900: result: no
configure:10993: checking whether _HAVE_MATH_LIB is declared
configure:10993: gcc -m32 -c -g -O2 -D_REENTRANT -D__MGNCS_LIB__  conftest.c >&5
configure:10993: $? = 0
configure:10993: result: yes
configure:11010: checking whether _MGIMAGE_PNG is declared
configure:11010: gcc -m32 -c -g -O2 -D_REENTRANT -D__MGNCS_LIB__  conftest.c >&5
configure:11010: $? = 0
configure:11010: result: yes
configure:11027: checking whether _MGIMAGE_JPG is declared
configure:11027: gcc -m32 -c -g -O2 -D_REENTRANT -D__MGNCS_LIB__  conftest.c >&5
conftest.c: In function 'main':
conftest.c:138:10: error: '_MGIMAGE_JPG' undeclared (first use in this function)
   (void) _MGIMAGE_JPG;
          ^
conftest.c:138:10: note: each undeclared identifier is reported only once for each function it appears in
configure:11027: $? = 1
configure: failed program was:
| /* confdefs.h */
| #define PACKAGE_NAME "libmgncs"
| #define PACKAGE_TARNAME "libmgncs"
| #define PACKAGE_VERSION "1.0.6"
| #define PACKAGE_STRING "libmgncs 1.0.6"
| #define PACKAGE_BUGREPORT ""
| #define PACKAGE_URL ""
| #define MGNCS_MAJOR_VERSION 1
| #define MGNCS_MINOR_VERSION 0
| #define MGNCS_MICRO_VERSION 8
| #define MGNCS_INTERFACE_AGE 0
| #define MGNCS_BINARY_AGE 0
| #define STDC_HEADERS 1
| #define HAVE_SYS_TYPES_H 1
| #define HAVE_SYS_STAT_H 1
| #define HAVE_STDLIB_H 1
| #define HAVE_STRING_H 1
| #define HAVE_MEMORY_H 1
| #define HAVE_STRINGS_H 1
| #define HAVE_INTTYPES_H 1
| #define HAVE_STDINT_H 1
| #define HAVE_UNISTD_H 1
| #define HAVE_DLFCN_H 1
| #define HAVE_DIRENT_H 1
| #define STDC_HEADERS 1
| #define HAVE_SYS_WAIT_H 1
| #define HAVE_FCNTL_H 1
| #define HAVE_STDLIB_H 1
| #define HAVE_STRING_H 1
| #define HAVE_SYS_IOCTL_H 1
| #define HAVE_SYS_TIME_H 1
| #define HAVE_TERMIO_H 1
| #define HAVE_TERMIOS_H 1
| #define HAVE_UNISTD_H 1
| #define HAVE__BOOL 1
| #define HAVE_STDBOOL_H 1
| #define HAVE_FORK 1
| #define HAVE_VFORK 1
| #define HAVE_WORKING_VFORK 1
| #define HAVE_WORKING_FORK 1
| #define LSTAT_FOLLOWS_SLASHED_SYMLINK 1
| #define HAVE_VPRINTF 1
| #define HAVE_ALLOCA_H 1
| #define HAVE_ALLOCA 1
| #define HAVE_BZERO 1
| #define HAVE_DUP2 1
| #define HAVE_GETCWD 1
| #define HAVE_MEMMOVE 1
| #define HAVE_MEMSET 1
| #define HAVE_PUTENV 1
| #define HAVE_STRCHR 1
| #define HAVE_STRDUP 1
| #define HAVE_STRERROR 1
| #define HAVE_STRSTR 1
| #define HAVE_STRNDUP 1
| #define HAVE_FTRUNCATE 1
| #define HAVE_MMAP 1
| #define _MGNCS_RDR_SKIN 1
| #define _MGNCS_RDR_FASHION 1
| #define _MGNCS_RDR_FLAT 1
| #define _MGNCS_CLASS_SUFFIX "_"
| #define _MGNCS_USE_DBEDIT 1
| #define _MGNCSCTRL_TEXTEDITOR 1
| #define _MGNCSDB_DATASOURCE 1
| #define _MGNCSDB_DATASOURCE 1
| #define _MGNCSDB_STATIC 1
| #define _MGNCSDB_DATASOURCE 1
| #define _MGNCSDB_TEXT 1
| #define _MGNCSDB_DATASOURCE 1
| #define _MGNCSDB_INI 1
| #define _MGNCSCTRL_ANIMATE 1
| #define _MGNCSCTRL_COLORBUTTON 1
| #define _MGNCSCTRL_CONTAINER 1
| #define _MGNCSCTRL_CONTAINER 1
| #define _MGNCSCTRL_PAGE 1
| #define _MGNCSCTRL_CONTAINER 1
| #define _MGNCSCTRL_PAGE 1
| #define _MGNCSCTRL_PROPSHEET 1
| #define _MGNCSCTRL_LISTBOX 1
| #define _MGNCSCTRL_LISTBOX 1
| #define _MGNCSCTRL_COMBOBOX 1
| #define _MGNCSCTRL_DIALOGBOX 1
| #define _MGNCSCTRL_ICONVIEW 1
| #define _MGNCSCTRL_IMAGEBUTTON 1
| #define _MGNCSCTRL_LEDLABEL 1
| #define _MGNCSCTRL_LIST 1
| #define _MGNCSCTRL_LISTVIEW 1
| #define _MGNCSCTRL_MENUBUTTON 1
| #define _MGNCSCTRL_PROGRESSBAR 1
| #define _MGNCSCTRL_RECTANGLE 1
| #define _MGNCSCTRL_SPINNER 1
| #define _MGNCSCTRL_SPINNER 1
| #define _MGNCSCTRL_SPINBOX 1
| #define _MGNCSCTRL_SPINNER 1
| #define _MGNCSCTRL_SPINBOX 1
| #define _MGNCSCTRL_MONTHCALENDAR 1
| #define _MGNCSCTRL_SLIDER 1
| #define _MGNCSCTRL_SLIDER 1
| #define _MGNCSCTRL_SCROLLBAR 1
| #define _MGNCSCTRL_SLIDER 1
| #define _MGNCSCTRL_TRACKBAR 1
| #define _MGNCSCTRL_TOOLBAR 1
| #define _MGNCSENGINE_IME 1
| #define _MGNCSENGINE_IME 1
| #define _MGNCSCTRL_IMWORDSEL 1
| #define _MGNCSENGINE_IME 1
| #define _MGNCSENGINE_PINYIN 1
| #define _MGNCSENGINE_IME 1
| #define _MGNCSENGINE_DIGIT 1
| #define _MGNCSENGINE_IME 1
| #define _MGNCSENGINE_PTI 1
| #define _MGNCSENGINE_IME 1
| #define _MGNCSENGINE_DIGIT 1
| #define _MGNCSENGINE_PTI 1
| #define _MGNCSENGINE_DIGITPTI 1
| #define _MGNCSENGINE_IME 1
| #define _MGNCSENGINE_DIGIT 1
| #define _MGNCSENGINE_PINYIN 1
| #define _MGNCSENGINE_DIGITPY 1
| #define MGNCS_ETCFILENAME "mgncs.cfg"
| #define _MGNCS_LIBSUFFIX ""
| #define HAVE_MINIGUI_COMMON_H 1
| #define HAVE_DECL__MGRM_THREADS 1
| #define HAVE_DECL__MGRM_PROCESSES 0
| #define HAVE_DECL__MGRM_STANDALONE 0
| #define HAVE_DECL__HAVE_MATH_LIB 1
| #define HAVE_DECL__MGIMAGE_PNG 1
| /* end confdefs.h.  */
| #include <minigui/common.h>
| 
| int
| main ()
| {
| #ifndef _MGIMAGE_JPG
| #ifdef __cplusplus
|   (void) _MGIMAGE_JPG;
| #else
|   (void) _MGIMAGE_JPG;
| #endif
| #endif
| 
|   ;
|   return 0;
| }
configure:11027: result: no
configure:11044: checking whether _MGFONT_TTF is declared
configure:11044: gcc -m32 -c -g -O2 -D_REENTRANT -D__MGNCS_LIB__  conftest.c >&5
conftest.c: In function 'main':
conftest.c:139:10: error: '_MGFONT_TTF' undeclared (first use in this function)
   (void) _MGFONT_TTF;
          ^
conftest.c:139:10: note: each undeclared identifier is reported only once for each function it appears in
configure:11044: $? = 1
configure: failed program was:
| /* confdefs.h */
| #define PACKAGE_NAME "libmgncs"
| #define PACKAGE_TARNAME "libmgncs"
| #define PACKAGE_VERSION "1.0.6"
| #define PACKAGE_STRING "libmgncs 1.0.6"
| #define PACKAGE_BUGREPORT ""
| #define PACKAGE_URL ""
| #define MGNCS_MAJOR_VERSION 1
| #define MGNCS_MINOR_VERSION 0
| #define MGNCS_MICRO_VERSION 8
| #define MGNCS_INTERFACE_AGE 0
| #define MGNCS_BINARY_AGE 0
| #define STDC_HEADERS 1
| #define HAVE_SYS_TYPES_H 1
| #define HAVE_SYS_STAT_H 1
| #define HAVE_STDLIB_H 1
| #define HAVE_STRING_H 1
| #define HAVE_MEMORY_H 1
| #define HAVE_STRINGS_H 1
| #define HAVE_INTTYPES_H 1
| #define HAVE_STDINT_H 1
| #define HAVE_UNISTD_H 1
| #define HAVE_DLFCN_H 1
| #define HAVE_DIRENT_H 1
| #define STDC_HEADERS 1
| #define HAVE_SYS_WAIT_H 1
| #define HAVE_FCNTL_H 1
| #define HAVE_STDLIB_H 1
| #define HAVE_STRING_H 1
| #define HAVE_SYS_IOCTL_H 1
| #define HAVE_SYS_TIME_H 1
| #define HAVE_TERMIO_H 1
| #define HAVE_TERMIOS_H 1
| #define HAVE_UNISTD_H 1
| #define HAVE__BOOL 1
| #define HAVE_STDBOOL_H 1
| #define HAVE_FORK 1
| #define HAVE_VFORK 1
| #define HAVE_WORKING_VFORK 1
| #define HAVE_WORKING_FORK 1
| #define LSTAT_FOLLOWS_SLASHED_SYMLINK 1
| #define HAVE_VPRINTF 1
| #define HAVE_ALLOCA_H 1
| #define HAVE_ALLOCA 1
| #define HAVE_BZERO 1
| #define HAVE_DUP2 1
| #define HAVE_GETCWD 1
| #define HAVE_MEMMOVE 1
| #define HAVE_MEMSET 1
| #define HAVE_PUTENV 1
| #define HAVE_STRCHR 1
| #define HAVE_STRDUP 1
| #define HAVE_STRERROR 1
| #define HAVE_STRSTR 1
| #define HAVE_STRNDUP 1
| #define HAVE_FTRUNCATE 1
| #define HAVE_MMAP 1
| #define _MGNCS_RDR_SKIN 1
| #define _MGNCS_RDR_FASHION 1
| #define _MGNCS_RDR_FLAT 1
| #define _MGNCS_CLASS_SUFFIX "_"
| #define _MGNCS_USE_DBEDIT 1
| #define _MGNCSCTRL_TEXTEDITOR 1
| #define _MGNCSDB_DATASOURCE 1
| #define _MGNCSDB_DATASOURCE 1
| #define _MGNCSDB_STATIC 1
| #define _MGNCSDB_DATASOURCE 1
| #define _MGNCSDB_TEXT 1
| #define _MGNCSDB_DATASOURCE 1
| #define _MGNCSDB_INI 1
| #define _MGNCSCTRL_ANIMATE 1
| #define _MGNCSCTRL_COLORBUTTON 1
| #define _MGNCSCTRL_CONTAINER 1
| #define _MGNCSCTRL_CONTAINER 1
| #define _MGNCSCTRL_PAGE 1
| #define _MGNCSCTRL_CONTAINER 1
| #define _MGNCSCTRL_PAGE 1
| #define _MGNCSCTRL_PROPSHEET 1
| #define _MGNCSCTRL_LISTBOX 1
| #define _MGNCSCTRL_LISTBOX 1
| #define _MGNCSCTRL_COMBOBOX 1
| #define _MGNCSCTRL_DIALOGBOX 1
| #define _MGNCSCTRL_ICONVIEW 1
| #define _MGNCSCTRL_IMAGEBUTTON 1
| #define _MGNCSCTRL_LEDLABEL 1
| #define _MGNCSCTRL_LIST 1
| #define _MGNCSCTRL_LISTVIEW 1
| #define _MGNCSCTRL_MENUBUTTON 1
| #define _MGNCSCTRL_PROGRESSBAR 1
| #define _MGNCSCTRL_RECTANGLE 1
| #define _MGNCSCTRL_SPINNER 1
| #define _MGNCSCTRL_SPINNER 1
| #define _MGNCSCTRL_SPINBOX 1
| #define _MGNCSCTRL_SPINNER 1
| #define _MGNCSCTRL_SPINBOX 1
| #define _MGNCSCTRL_MONTHCALENDAR 1
| #define _MGNCSCTRL_SLIDER 1
| #define _MGNCSCTRL_SLIDER 1
| #define _MGNCSCTRL_SCROLLBAR 1
| #define _MGNCSCTRL_SLIDER 1
| #define _MGNCSCTRL_TRACKBAR 1
| #define _MGNCSCTRL_TOOLBAR 1
| #define _MGNCSENGINE_IME 1
| #define _MGNCSENGINE_IME 1
| #define _MGNCSCTRL_IMWORDSEL 1
| #define _MGNCSENGINE_IME 1
| #define _MGNCSENGINE_PINYIN 1
| #define _MGNCSENGINE_IME 1
| #define _MGNCSENGINE_DIGIT 1
| #define _MGNCSENGINE_IME 1
| #define _MGNCSENGINE_PTI 1
| #define _MGNCSENGINE_IME 1
| #define _MGNCSENGINE_DIGIT 1
| #define _MGNCSENGINE_PTI 1
| #define _MGNCSENGINE_DIGITPTI 1
| #define _MGNCSENGINE_IME 1
| #define _MGNCSENGINE_DIGIT 1
| #define _MGNCSENGINE_PINYIN 1
| #define _MGNCSENGINE_DIGITPY 1
| #define MGNCS_ETCFILENAME "mgncs.cfg"
| #define _MGNCS_LIBSUFFIX ""
| #define HAVE_MINIGUI_COMMON_H 1
| #define HAVE_DECL__MGRM_THREADS 1
| #define HAVE_DECL__MGRM_PROCESSES 0
| #define HAVE_DECL__MGRM_STANDALONE 0
| #define HAVE_DECL__HAVE_MATH_LIB 1
| #define HAVE_DECL__MGIMAGE_PNG 1
| #define HAVE_DECL__MGIMAGE_JPG 0
| /* end confdefs.h.  */
| #include <minigui/common.h>
| 
| int
| main ()
| {
| #ifndef _MGFONT_TTF
| #ifdef __cplusplus
|   (void) _MGFONT_TTF;
| #else
|   (void) _MGFONT_TTF;
| #endif
| #endif
| 
|   ;
|   return 0;
| }
configure:11044: result: no
configure:11061: checking whether _MGFONT_FT2 is declared
configure:11061: gcc -m32 -c -g -O2 -D_REENTRANT -D__MGNCS_LIB__  conftest.c >&5
conftest.c: In function 'main':
conftest.c:140:10: error: '_MGFONT_FT2' undeclared (first use in this function)
   (void) _MGFONT_FT2;
          ^
conftest.c:140:10: note: each undeclared identifier is reported only once for each function it appears in
configure:11061: $? = 1
configure: failed program was:
| /* confdefs.h */
| #define PACKAGE_NAME "libmgncs"
| #define PACKAGE_TARNAME "libmgncs"
| #define PACKAGE_VERSION "1.0.6"
| #define PACKAGE_STRING "libmgncs 1.0.6"
| #define PACKAGE_BUGREPORT ""
| #define PACKAGE_URL ""
| #define MGNCS_MAJOR_VERSION 1
| #define MGNCS_MINOR_VERSION 0
| #define MGNCS_MICRO_VERSION 8
| #define MGNCS_INTERFACE_AGE 0
| #define MGNCS_BINARY_AGE 0
| #define STDC_HEADERS 1
| #define HAVE_SYS_TYPES_H 1
| #define HAVE_SYS_STAT_H 1
| #define HAVE_STDLIB_H 1
| #define HAVE_STRING_H 1
| #define HAVE_MEMORY_H 1
| #define HAVE_STRINGS_H 1
| #define HAVE_INTTYPES_H 1
| #define HAVE_STDINT_H 1
| #define HAVE_UNISTD_H 1
| #define HAVE_DLFCN_H 1
| #define HAVE_DIRENT_H 1
| #define STDC_HEADERS 1
| #define HAVE_SYS_WAIT_H 1
| #define HAVE_FCNTL_H 1
| #define HAVE_STDLIB_H 1
| #define HAVE_STRING_H 1
| #define HAVE_SYS_IOCTL_H 1
| #define HAVE_SYS_TIME_H 1
| #define HAVE_TERMIO_H 1
| #define HAVE_TERMIOS_H 1
| #define HAVE_UNISTD_H 1
| #define HAVE__BOOL 1
| #define HAVE_STDBOOL_H 1
| #define HAVE_FORK 1
| #define HAVE_VFORK 1
| #define HAVE_WORKING_VFORK 1
| #define HAVE_WORKING_FORK 1
| #define LSTAT_FOLLOWS_SLASHED_SYMLINK 1
| #define HAVE_VPRINTF 1
| #define HAVE_ALLOCA_H 1
| #define HAVE_ALLOCA 1
| #define HAVE_BZERO 1
| #define HAVE_DUP2 1
| #define HAVE_GETCWD 1
| #define HAVE_MEMMOVE 1
| #define HAVE_MEMSET 1
| #define HAVE_PUTENV 1
| #define HAVE_STRCHR 1
| #define HAVE_STRDUP 1
| #define HAVE_STRERROR 1
| #define HAVE_STRSTR 1
| #define HAVE_STRNDUP 1
| #define HAVE_FTRUNCATE 1
| #define HAVE_MMAP 1
| #define _MGNCS_RDR_SKIN 1
| #define _MGNCS_RDR_FASHION 1
| #define _MGNCS_RDR_FLAT 1
| #define _MGNCS_CLASS_SUFFIX "_"
| #define _MGNCS_USE_DBEDIT 1
| #define _MGNCSCTRL_TEXTEDITOR 1
| #define _MGNCSDB_DATASOURCE 1
| #define _MGNCSDB_DATASOURCE 1
| #define _MGNCSDB_STATIC 1
| #define _MGNCSDB_DATASOURCE 1
| #define _MGNCSDB_TEXT 1
| #define _MGNCSDB_DATASOURCE 1
| #define _MGNCSDB_INI 1
| #define _MGNCSCTRL_ANIMATE 1
| #define _MGNCSCTRL_COLORBUTTON 1
| #define _MGNCSCTRL_CONTAINER 1
| #define _MGNCSCTRL_CONTAINER 1
| #define _MGNCSCTRL_PAGE 1
| #define _MGNCSCTRL_CONTAINER 1
| #define _MGNCSCTRL_PAGE 1
| #define _MGNCSCTRL_PROPSHEET 1
| #define _MGNCSCTRL_LISTBOX 1
| #define _MGNCSCTRL_LISTBOX 1
| #define _MGNCSCTRL_COMBOBOX 1
| #define _MGNCSCTRL_DIALOGBOX 1
| #define _MGNCSCTRL_ICONVIEW 1
| #define _MGNCSCTRL_IMAGEBUTTON 1
| #define _MGNCSCTRL_LEDLABEL 1
| #define _MGNCSCTRL_LIST 1
| #define _MGNCSCTRL_LISTVIEW 1
| #define _MGNCSCTRL_MENUBUTTON 1
| #define _MGNCSCTRL_PROGRESSBAR 1
| #define _MGNCSCTRL_RECTANGLE 1
| #define _MGNCSCTRL_SPINNER 1
| #define _MGNCSCTRL_SPINNER 1
| #define _MGNCSCTRL_SPINBOX 1
| #define _MGNCSCTRL_SPINNER 1
| #define _MGNCSCTRL_SPINBOX 1
| #define _MGNCSCTRL_MONTHCALENDAR 1
| #define _MGNCSCTRL_SLIDER 1
| #define _MGNCSCTRL_SLIDER 1
| #define _MGNCSCTRL_SCROLLBAR 1
| #define _MGNCSCTRL_SLIDER 1
| #define _MGNCSCTRL_TRACKBAR 1
| #define _MGNCSCTRL_TOOLBAR 1
| #define _MGNCSENGINE_IME 1
| #define _MGNCSENGINE_IME 1
| #define _MGNCSCTRL_IMWORDSEL 1
| #define _MGNCSENGINE_IME 1
| #define _MGNCSENGINE_PINYIN 1
| #define _MGNCSENGINE_IME 1
| #define _MGNCSENGINE_DIGIT 1
| #define _MGNCSENGINE_IME 1
| #define _MGNCSENGINE_PTI 1
| #define _MGNCSENGINE_IME 1
| #define _MGNCSENGINE_DIGIT 1
| #define _MGNCSENGINE_PTI 1
| #define _MGNCSENGINE_DIGITPTI 1
| #define _MGNCSENGINE_IME 1
| #define _MGNCSENGINE_DIGIT 1
| #define _MGNCSENGINE_PINYIN 1
| #define _MGNCSENGINE_DIGITPY 1
| #define MGNCS_ETCFILENAME "mgncs.cfg"
| #define _MGNCS_LIBSUFFIX ""
| #define HAVE_MINIGUI_COMMON_H 1
| #define HAVE_DECL__MGRM_THREADS 1
| #define HAVE_DECL__MGRM_PROCESSES 0
| #define HAVE_DECL__MGRM_STANDALONE 0
| #define HAVE_DECL__HAVE_MATH_LIB 1
| #define HAVE_DECL__MGIMAGE_PNG 1
| #define HAVE_DECL__MGIMAGE_JPG 0
| #define HAVE_DECL__MGFONT_TTF 0
| /* end confdefs.h.  */
| #include <minigui/common.h>
| 
| int
| main ()
| {
| #ifndef _MGFONT_FT2
| #ifdef __cplusplus
|   (void) _MGFONT_FT2;
| #else
|   (void) _MGFONT_FT2;
| #endif
| #endif
| 
|   ;
|   return 0;
| }
configure:11061: result: no
configure:11078: checking whether _MGIAL_DLCUSTOM is declared
configure:11078: gcc -m32 -c -g -O2 -D_REENTRANT -D__MGNCS_LIB__  conftest.c >&5
configure:11078: $? = 0
configure:11078: result: yes
configure:11213: checking that generated files are newer than configure
configure:11219: result: done
configure:11246: creating ./config.status

## ---------------------- ##
## Running config.status. ##
## ---------------------- ##

This file was extended by libmgncs config.status 1.0.6, which was
generated by GNU Autoconf 2.69.  Invocation command line was

  CONFIG_FILES    = 
  CONFIG_HEADERS  = 
  CONFIG_LINKS    = 
  CONFIG_COMMANDS = 
  $ ./config.status 

on dongjunjie-OptiPlex-9020

config.status:1009: creating Makefile
config.status:1009: creating include/Makefile
config.status:1009: creating include/pieces/Makefile
config.status:1009: creating src/Makefile
config.status:1009: creating src/renderer/Makefile
config.status:1009: creating src/renderer/classic/Makefile
config.status:1009: creating src/renderer/skin/Makefile
config.status:1009: creating src/renderer/fashion/Makefile
config.status:1009: creating src/renderer/flat/Makefile
config.status:1009: creating src/pieces/Makefile
config.status:1009: creating src/datasource/Makefile
config.status:1009: creating src/ime/Makefile
config.status:1009: creating etc/Makefile
config.status:1009: creating build/Makefile
config.status:1009: creating mgncsconfig.h
config.status:1238: executing depfiles commands

## ---------------- ##
## Cache variables. ##
## ---------------- ##

ac_cv_build=x86_64-pc-linux-gnu
ac_cv_c_compiler_gnu=yes
ac_cv_c_const=yes
ac_cv_c_inline=inline
ac_cv_env_CC_set=set
ac_cv_env_CC_value='gcc -m32'
ac_cv_env_CFLAGS_set=
ac_cv_env_CFLAGS_value=
ac_cv_env_CPPFLAGS_set=
ac_cv_env_CPPFLAGS_value=
ac_cv_env_CPP_set=
ac_cv_env_CPP_value=
ac_cv_env_LDFLAGS_set=
ac_cv_env_LDFLAGS_value=
ac_cv_env_LIBS_set=
ac_cv_env_LIBS_value=
ac_cv_env_build_alias_set=
ac_cv_env_build_alias_value=
ac_cv_env_host_alias_set=
ac_cv_env_host_alias_value=
ac_cv_env_target_alias_set=
ac_cv_env_target_alias_value=
ac_cv_func__doprnt=no
ac_cv_func_alloca_works=yes
ac_cv_func_bzero=yes
ac_cv_func_closedir_void=no
ac_cv_func_dup2=yes
ac_cv_func_fork=yes
ac_cv_func_fork_works=yes
ac_cv_func_ftruncate=yes
ac_cv_func_getcwd=yes
ac_cv_func_lstat_dereferences_slashed_symlink=yes
ac_cv_func_memmove=yes
ac_cv_func_memset=yes
ac_cv_func_mmap=yes
ac_cv_func_putenv=yes
ac_cv_func_stat_empty_string_bug=no
ac_cv_func_strchr=yes
ac_cv_func_strdup=yes
ac_cv_func_strerror=yes
ac_cv_func_strndup=yes
ac_cv_func_strstr=yes
ac_cv_func_vfork=yes
ac_cv_func_vfork_works=yes
ac_cv_func_vprintf=yes
ac_cv_have_decl__HAVE_MATH_LIB=yes
ac_cv_have_decl__MGFONT_FT2=no
ac_cv_have_decl__MGFONT_TTF=no
ac_cv_have_decl__MGIAL_DLCUSTOM=yes
ac_cv_have_decl__MGIMAGE_JPG=no
ac_cv_have_decl__MGIMAGE_PNG=yes
ac_cv_have_decl__MGRM_PROCESSES=no
ac_cv_have_decl__MGRM_STANDALONE=no
ac_cv_have_decl__MGRM_THREADS=yes
ac_cv_header_dirent_dirent_h=yes
ac_cv_header_dlfcn_h=yes
ac_cv_header_fcntl_h=yes
ac_cv_header_inttypes_h=yes
ac_cv_header_memory_h=yes
ac_cv_header_minigui_common_h=yes
ac_cv_header_stdbool_h=yes
ac_cv_header_stdc=yes
ac_cv_header_stdint_h=yes
ac_cv_header_stdlib_h=yes
ac_cv_header_string_h=yes
ac_cv_header_strings_h=yes
ac_cv_header_sys_ioctl_h=yes
ac_cv_header_sys_stat_h=yes
ac_cv_header_sys_time_h=yes
ac_cv_header_sys_types_h=yes
ac_cv_header_sys_wait_h=yes
ac_cv_header_termio_h=yes
ac_cv_header_termios_h=yes
ac_cv_header_unistd_h=yes
ac_cv_header_vfork_h=no
ac_cv_host=x86_64-pc-linux-gnu
ac_cv_objext=o
ac_cv_path_EGREP='/bin/grep -E'
ac_cv_path_GREP=/bin/grep
ac_cv_path_install='/usr/bin/install -c'
ac_cv_path_mkdir=/bin/mkdir
ac_cv_prog_AWK=mawk
ac_cv_prog_CPP='gcc -m32 -E'
ac_cv_prog_ac_ct_CC='gcc -m32'
ac_cv_prog_ac_ct_RANLIB=ranlib
ac_cv_prog_ac_ct_STRIP=strip
ac_cv_prog_cc_c89=
ac_cv_prog_cc_g=yes
ac_cv_prog_gcc_traditional=no
ac_cv_prog_make_make_set=yes
ac_cv_search_opendir='none required'
ac_cv_struct_tm=time.h
ac_cv_target=x86_64-pc-linux-gnu
ac_cv_type__Bool=yes
ac_cv_type_pid_t=yes
ac_cv_type_size_t=yes
ac_cv_working_alloca_h=yes
am_cv_CC_dependencies_compiler_type=gcc3
am_cv_make_support_nested_variables=yes
am_cv_prog_cc_c_o=yes
lt_cv_archive_cmds_need_lc=no
lt_cv_compiler_c_o=yes
lt_cv_compiler_o_lo=yes
lt_cv_deplibs_check_method=pass_all
lt_cv_file_magic_cmd='$MAGIC_CMD'
lt_cv_file_magic_test_file='/lib/libc.so* /lib/libc-*.so'
lt_cv_global_symbol_to_c_name_address='sed -n -e '\''s/^: \([^ ]*\) $/  {\"\1\", (lt_ptr) 0},/p'\'' -e '\''s/^[BCDEGRST] \([^ ]*\) \([^ ]*\)$/  {"\2", (lt_ptr) \&\2},/p'\'''
lt_cv_global_symbol_to_cdecl='sed -n -e '\''s/^. .* \(.*\)$/extern char \1;/p'\'''
lt_cv_ld_reload_flag=-r
lt_cv_path_LD=/usr/bin/ld
lt_cv_path_NM='/usr/bin/nm -B'
lt_cv_path_SED=/bin/sed
lt_cv_prog_cc_can_build_shared=yes
lt_cv_prog_cc_no_builtin=
lt_cv_prog_cc_pic=' -fPIC'
lt_cv_prog_cc_pic_works=yes
lt_cv_prog_cc_shlib=
lt_cv_prog_cc_static=-static
lt_cv_prog_cc_static_works=yes
lt_cv_prog_cc_wl=-Wl,
lt_cv_prog_gnu_ld=yes
lt_cv_sys_global_symbol_pipe='sed -n -e '\''s/^.*[ 	]\([ABCDGISTW][ABCDGISTW]*\)[ 	][ 	]*\(\)\([_A-Za-z][_A-Za-z0-9]*\)$/\1 \2\3 \3/p'\'''

## ----------------- ##
## Output variables. ##
## ----------------- ##

ACLOCAL='${SHELL} /home/dongjunjie/project/minigui/mgncs/branches/rel-1-0/missing aclocal-1.15'
ALLOCA=''
AMDEPBACKSLASH='\'
AMDEP_FALSE='#'
AMDEP_TRUE=''
AMTAR='$${TAR-tar}'
AM_BACKSLASH='\'
AM_DEFAULT_V='$(AM_DEFAULT_VERBOSITY)'
AM_DEFAULT_VERBOSITY='1'
AM_V='$(V)'
APP_LIBS=' -lminigui_ths -lpthread -lm -lpng -ldl'
AUTOCONF='${SHELL} /home/dongjunjie/project/minigui/mgncs/branches/rel-1-0/missing autoconf'
AUTOHEADER='${SHELL} /home/dongjunjie/project/minigui/mgncs/branches/rel-1-0/missing autoheader'
AUTOMAKE='${SHELL} /home/dongjunjie/project/minigui/mgncs/branches/rel-1-0/missing automake-1.15'
AWK='mawk'
CC='gcc -m32'
CCDEPMODE='depmode=gcc3'
CFLAGS='-g -O2 -D_REENTRANT -D__MGNCS_LIB__ -Wall -Wstrict-prototypes -pipe'
CPP='gcc -m32 -E'
CPPFLAGS=''
CYGPATH_W='echo'
DEFS='-DHAVE_CONFIG_H'
DEPDIR='.deps'
ECHO='echo'
ECHO_C=''
ECHO_N='-n'
ECHO_T=''
EGREP='/bin/grep -E'
EXEEXT=''
GREP='/bin/grep'
INSTALL_DATA='${INSTALL} -m 644'
INSTALL_PROGRAM='${INSTALL}'
INSTALL_SCRIPT='${INSTALL}'
INSTALL_STRIP_PROGRAM='$(install_sh) -c -s'
LDFLAGS=''
LIBOBJS=''
LIBS=''
LIBTOOL='$(SHELL) $(top_builddir)/libtool'
LN_S='ln -s'
LTLIBOBJS=''
LT_AGE='0'
LT_CURRENT='8'
LT_RELEASE='1.0'
LT_REVISION='0'
MAKEINFO='${SHELL} /home/dongjunjie/project/minigui/mgncs/branches/rel-1-0/missing makeinfo'
MGNCS_HAVE_LIBSUFFIX_FALSE=''
MGNCS_HAVE_LIBSUFFIX_TRUE='#'
MGNCS_LIBSUFFIX=''
MKDIR_P='/bin/mkdir -p'
OBJEXT='o'
PACKAGE='libmgncs'
PACKAGE_BUGREPORT=''
PACKAGE_NAME='libmgncs'
PACKAGE_STRING='libmgncs 1.0.6'
PACKAGE_TARNAME='libmgncs'
PACKAGE_URL=''
PACKAGE_VERSION='1.0.6'
PATH_SEPARATOR=':'
RANLIB='ranlib'
SET_MAKE=''
SHELL='/bin/bash'
STRIP='strip'
VERSION='1.0.8'
ac_ct_CC='gcc -m32'
am__EXEEXT_FALSE=''
am__EXEEXT_TRUE='#'
am__fastdepCC_FALSE='#'
am__fastdepCC_TRUE=''
am__include='include'
am__isrc=''
am__leading_dot='.'
am__nodep='_no'
am__quote=''
am__tar='$${TAR-tar} chof - "$$tardir"'
am__untar='$${TAR-tar} xf -'
bindir='${exec_prefix}/bin'
build='x86_64-pc-linux-gnu'
build_alias=''
build_cpu='x86_64'
build_os='linux-gnu'
build_vendor='pc'
datadir='${datarootdir}'
datarootdir='${prefix}/share'
docdir='${datarootdir}/doc/${PACKAGE_TARNAME}'
dvidir='${docdir}'
exec_prefix='${prefix}'
host='x86_64-pc-linux-gnu'
host_alias=''
host_cpu='x86_64'
host_os='linux-gnu'
host_vendor='pc'
htmldir='${docdir}'
includedir='${prefix}/include'
infodir='${datarootdir}/info'
install_sh='${SHELL} /home/dongjunjie/project/minigui/mgncs/branches/rel-1-0/install-sh'
libdir='${exec_prefix}/lib'
libexecdir='${exec_prefix}/libexec'
localedir='${datarootdir}/locale'
localstatedir='${prefix}/var'
mandir='${datarootdir}/man'
mgncs_BINARY_AGE='0'
mgncs_INTERFACE_AGE='0'
mgncs_MAJOR_VERSION='1'
mgncs_MICRO_VERSION='8'
mgncs_MINOR_VERSION='0'
mgncs_VERSION='1.0.8'
mkdir_p='$(MKDIR_P)'
oldincludedir='/usr/include'
pdfdir='${docdir}'
prefix='/usr/local'
program_transform_name='s,x,x,'
psdir='${docdir}'
runstatedir='${localstatedir}/run'
sbindir='${exec_prefix}/sbin'
sharedstatedir='${prefix}/com'
sysconfdir='${prefix}/etc'
target='x86_64-pc-linux-gnu'
target_alias=''
target_cpu='x86_64'
target_os='linux-gnu'
target_vendor='pc'

## ----------- ##
## confdefs.h. ##
## ----------- ##

/* confdefs.h */
#define PACKAGE_NAME "libmgncs"
#define PACKAGE_TARNAME "libmgncs"
#define PACKAGE_VERSION "1.0.6"
#define PACKAGE_STRING "libmgncs 1.0.6"
#define PACKAGE_BUGREPORT ""
#define PACKAGE_URL ""
#define MGNCS_MAJOR_VERSION 1
#define MGNCS_MINOR_VERSION 0
#define MGNCS_MICRO_VERSION 8
#define MGNCS_INTERFACE_AGE 0
#define MGNCS_BINARY_AGE 0
#define STDC_HEADERS 1
#define HAVE_SYS_TYPES_H 1
#define HAVE_SYS_STAT_H 1
#define HAVE_STDLIB_H 1
#define HAVE_STRING_H 1
#define HAVE_MEMORY_H 1
#define HAVE_STRINGS_H 1
#define HAVE_INTTYPES_H 1
#define HAVE_STDINT_H 1
#define HAVE_UNISTD_H 1
#define HAVE_DLFCN_H 1
#define HAVE_DIRENT_H 1
#define STDC_HEADERS 1
#define HAVE_SYS_WAIT_H 1
#define HAVE_FCNTL_H 1
#define HAVE_STDLIB_H 1
#define HAVE_STRING_H 1
#define HAVE_SYS_IOCTL_H 1
#define HAVE_SYS_TIME_H 1
#define HAVE_TERMIO_H 1
#define HAVE_TERMIOS_H 1
#define HAVE_UNISTD_H 1
#define HAVE__BOOL 1
#define HAVE_STDBOOL_H 1
#define HAVE_FORK 1
#define HAVE_VFORK 1
#define HAVE_WORKING_VFORK 1
#define HAVE_WORKING_FORK 1
#define LSTAT_FOLLOWS_SLASHED_SYMLINK 1
#define HAVE_VPRINTF 1
#define HAVE_ALLOCA_H 1
#define HAVE_ALLOCA 1
#define HAVE_BZERO 1
#define HAVE_DUP2 1
#define HAVE_GETCWD 1
#define HAVE_MEMMOVE 1
#define HAVE_MEMSET 1
#define HAVE_PUTENV 1
#define HAVE_STRCHR 1
#define HAVE_STRDUP 1
#define HAVE_STRERROR 1
#define HAVE_STRSTR 1
#define HAVE_STRNDUP 1
#define HAVE_FTRUNCATE 1
#define HAVE_MMAP 1
#define _MGNCS_RDR_SKIN 1
#define _MGNCS_RDR_FASHION 1
#define _MGNCS_RDR_FLAT 1
#define _MGNCS_CLASS_SUFFIX "_"
#define _MGNCS_USE_DBEDIT 1
#define _MGNCSCTRL_TEXTEDITOR 1
#define _MGNCSDB_DATASOURCE 1
#define _MGNCSDB_DATASOURCE 1
#define _MGNCSDB_STATIC 1
#define _MGNCSDB_DATASOURCE 1
#define _MGNCSDB_TEXT 1
#define _MGNCSDB_DATASOURCE 1
#define _MGNCSDB_INI 1
#define _MGNCSCTRL_ANIMATE 1
#define _MGNCSCTRL_COLORBUTTON 1
#define _MGNCSCTRL_CONTAINER 1
#define _MGNCSCTRL_CONTAINER 1
#define _MGNCSCTRL_PAGE 1
#define _MGNCSCTRL_CONTAINER 1
#define _MGNCSCTRL_PAGE 1
#define _MGNCSCTRL_PROPSHEET 1
#define _MGNCSCTRL_LISTBOX 1
#define _MGNCSCTRL_LISTBOX 1
#define _MGNCSCTRL_COMBOBOX 1
#define _MGNCSCTRL_DIALOGBOX 1
#define _MGNCSCTRL_ICONVIEW 1
#define _MGNCSCTRL_IMAGEBUTTON 1
#define _MGNCSCTRL_LEDLABEL 1
#define _MGNCSCTRL_LIST 1
#define _MGNCSCTRL_LISTVIEW 1
#define _MGNCSCTRL_MENUBUTTON 1
#define _MGNCSCTRL_PROGRESSBAR 1
#define _MGNCSCTRL_RECTANGLE 1
#define _MGNCSCTRL_SPINNER 1
#define _MGNCSCTRL_SPINNER 1
#define _MGNCSCTRL_SPINBOX 1
#define _MGNCSCTRL_SPINNER 1
#define _MGNCSCTRL_SPINBOX 1
#define _MGNCSCTRL_MONTHCALENDAR 1
#define _MGNCSCTRL_SLIDER 1
#define _MGNCSCTRL_SLIDER 1
#define _MGNCSCTRL_SCROLLBAR 1
#define _MGNCSCTRL_SLIDER 1
#define _MGNCSCTRL_TRACKBAR 1
#define _MGNCSCTRL_TOOLBAR 1
#define _MGNCSENGINE_IME 1
#define _MGNCSENGINE_IME 1
#define _MGNCSCTRL_IMWORDSEL 1
#define _MGNCSENGINE_IME 1
#define _MGNCSENGINE_PINYIN 1
#define _MGNCSENGINE_IME 1
#define _MGNCSENGINE_DIGIT 1
#define _MGNCSENGINE_IME 1
#define _MGNCSENGINE_PTI 1
#define _MGNCSENGINE_IME 1
#define _MGNCSENGINE_DIGIT 1
#define _MGNCSENGINE_PTI 1
#define _MGNCSENGINE_DIGITPTI 1
#define _MGNCSENGINE_IME 1
#define _MGNCSENGINE_DIGIT 1
#define _MGNCSENGINE_PINYIN 1
#define _MGNCSENGINE_DIGITPY 1
#define MGNCS_ETCFILENAME "mgncs.cfg"
#define _MGNCS_LIBSUFFIX ""
#define HAVE_MINIGUI_COMMON_H 1
#define HAVE_DECL__MGRM_THREADS 1
#define HAVE_DECL__MGRM_PROCESSES 0
#define HAVE_DECL__MGRM_STANDALONE 0
#define HAVE_DECL__HAVE_MATH_LIB 1
#define HAVE_DECL__MGIMAGE_PNG 1
#define HAVE_DECL__MGIMAGE_JPG 0
#define HAVE_DECL__MGFONT_TTF 0
#define HAVE_DECL__MGFONT_FT2 0
#define HAVE_DECL__MGIAL_DLCUSTOM 1

configure: exit 0
